<?xml version="1.0" encoding="UTF-8"?>
<coverage generated="1776386704145" clover="3.2.0">
  <project timestamp="1776386704145" name="All files">
    <metrics statements="1492" coveredstatements="1200" conditionals="2235" coveredconditionals="1501" methods="512" coveredmethods="381" elements="4239" coveredelements="3082" complexity="0" loc="1492" ncloc="1492" packages="14" files="45" classes="45"/>
    <package name="src">
      <metrics statements="1" coveredstatements="1" conditionals="0" coveredconditionals="0" methods="1" coveredmethods="1"/>
      <file name="App.jsx" path="C:\Users\Tiago\Documents\repos\Testes\autotrader\command_center\frontend\src\App.jsx">
        <metrics statements="1" coveredstatements="1" conditionals="0" coveredconditionals="0" methods="1" coveredmethods="1"/>
        <line num="17" count="1" type="stmt"/>
      </file>
    </package>
    <package name="src.components">
      <metrics statements="18" coveredstatements="17" conditionals="26" coveredconditionals="25" methods="9" coveredmethods="8"/>
      <file name="Layout.jsx" path="C:\Users\Tiago\Documents\repos\Testes\autotrader\command_center\frontend\src\components\Layout.jsx">
        <metrics statements="5" coveredstatements="4" conditionals="4" coveredconditionals="3" methods="3" coveredmethods="2"/>
        <line num="6" count="1" type="stmt"/>
        <line num="7" count="1" type="stmt"/>
        <line num="9" count="1" type="stmt"/>
        <line num="30" count="3" type="stmt"/>
        <line num="32" count="0" type="stmt"/>
      </file>
      <file name="Sidebar.jsx" path="C:\Users\Tiago\Documents\repos\Testes\autotrader\command_center\frontend\src\components\Sidebar.jsx">
        <metrics statements="13" coveredstatements="13" conditionals="22" coveredconditionals="22" methods="6" coveredmethods="6"/>
        <line num="20" count="2" type="stmt"/>
        <line num="22" count="2" type="stmt"/>
        <line num="38" count="6" type="stmt"/>
        <line num="39" count="6" type="stmt"/>
        <line num="41" count="6" type="stmt"/>
        <line num="57" count="72" type="stmt"/>
        <line num="60" count="72" type="stmt"/>
        <line num="65" count="72" type="stmt"/>
        <line num="112" count="4" type="cond" truecount="4" falsecount="0"/>
        <line num="113" count="3" type="stmt"/>
        <line num="114" count="3" type="stmt"/>
        <line num="115" count="3" type="cond" truecount="2" falsecount="0"/>
        <line num="116" count="2" type="stmt"/>
      </file>
    </package>
    <package name="src.components.ai">
      <metrics statements="43" coveredstatements="40" conditionals="68" coveredconditionals="60" methods="15" coveredmethods="10"/>
      <file name="FeatureImportance.jsx" path="C:\Users\Tiago\Documents\repos\Testes\autotrader\command_center\frontend\src\components\ai\FeatureImportance.jsx">
        <metrics statements="15" coveredstatements="12" conditionals="18" coveredconditionals="13" methods="6" coveredmethods="3"/>
        <line num="15" count="0" type="cond" truecount="0" falsecount="4"/>
        <line num="16" count="0" type="stmt"/>
        <line num="27" count="4" type="stmt"/>
        <line num="29" count="4" type="cond" truecount="2" falsecount="0"/>
        <line num="32" count="3" type="stmt"/>
        <line num="33" count="3" type="cond" truecount="2" falsecount="0"/>
        <line num="34" count="1" type="stmt"/>
        <line num="35" count="2" type="cond" truecount="4" falsecount="0"/>
        <line num="37" count="1" type="stmt"/>
        <line num="38" count="1" type="cond" truecount="1" falsecount="1"/>
        <line num="41" count="3" type="stmt"/>
        <line num="42" count="3" type="stmt"/>
        <line num="44" count="5" type="stmt"/>
        <line num="51" count="3" type="stmt"/>
        <line num="66" count="0" type="stmt"/>
      </file>
      <file name="ModelMetrics.jsx" path="C:\Users\Tiago\Documents\repos\Testes\autotrader\command_center\frontend\src\components\ai\ModelMetrics.jsx">
        <metrics statements="15" coveredstatements="15" conditionals="20" coveredconditionals="18" methods="5" coveredmethods="4"/>
        <line num="6" count="2" type="stmt"/>
        <line num="15" count="3" type="stmt"/>
        <line num="17" count="3" type="cond" truecount="2" falsecount="0"/>
        <line num="19" count="2" type="cond" truecount="1" falsecount="1"/>
        <line num="21" count="3" type="stmt"/>
        <line num="32" count="5" type="stmt"/>
        <line num="42" count="25" type="stmt"/>
        <line num="43" count="25" type="cond" truecount="4" falsecount="0"/>
        <line num="45" count="8" type="stmt"/>
        <line num="73" count="4" type="cond" truecount="1" falsecount="1"/>
        <line num="74" count="4" type="stmt"/>
        <line num="75" count="4" type="cond" truecount="2" falsecount="0"/>
        <line num="76" count="3" type="cond" truecount="2" falsecount="0"/>
        <line num="77" count="2" type="cond" truecount="2" falsecount="0"/>
        <line num="78" count="1" type="stmt"/>
      </file>
      <file name="Predictions.jsx" path="C:\Users\Tiago\Documents\repos\Testes\autotrader\command_center\frontend\src\components\ai\Predictions.jsx">
        <metrics statements="13" coveredstatements="13" conditionals="30" coveredconditionals="29" methods="4" coveredmethods="3"/>
        <line num="7" count="3" type="stmt"/>
        <line num="9" count="3" type="cond" truecount="2" falsecount="0"/>
        <line num="11" count="2" type="cond" truecount="1" falsecount="1"/>
        <line num="13" count="3" type="stmt"/>
        <line num="33" count="5" type="cond" truecount="2" falsecount="0"/>
        <line num="35" count="5" type="cond" truecount="4" falsecount="0"/>
        <line num="37" count="5" type="stmt"/>
        <line num="81" count="5" type="cond" truecount="2" falsecount="0"/>
        <line num="82" count="4" type="stmt"/>
        <line num="83" count="4" type="cond" truecount="2" falsecount="0"/>
        <line num="84" count="3" type="cond" truecount="2" falsecount="0"/>
        <line num="85" count="2" type="cond" truecount="2" falsecount="0"/>
        <line num="86" count="1" type="stmt"/>
      </file>
    </package>
    <package name="src.components.common">
      <metrics statements="15" coveredstatements="15" conditionals="43" coveredconditionals="22" methods="4" coveredmethods="4"/>
      <file name="Badge.jsx" path="C:\Users\Tiago\Documents\repos\Testes\autotrader\command_center\frontend\src\components\common\Badge.jsx">
        <metrics statements="3" coveredstatements="3" conditionals="3" coveredconditionals="2" methods="1" coveredmethods="1"/>
        <line num="1" count="5" type="stmt"/>
        <line num="18" count="30" type="cond" truecount="1" falsecount="1"/>
        <line num="20" count="30" type="stmt"/>
      </file>
      <file name="KPICard.jsx" path="C:\Users\Tiago\Documents\repos\Testes\autotrader\command_center\frontend\src\components\common\KPICard.jsx">
        <metrics statements="10" coveredstatements="10" conditionals="36" coveredconditionals="16" methods="2" coveredmethods="2"/>
        <line num="5" count="24" type="stmt"/>
        <line num="6" count="24" type="stmt"/>
        <line num="7" count="24" type="stmt"/>
        <line num="8" count="24" type="stmt"/>
        <line num="10" count="24" type="stmt"/>
        <line num="12" count="24" type="stmt"/>
        <line num="48" count="24" type="cond" truecount="4" falsecount="0"/>
        <line num="49" count="12" type="cond" truecount="2" falsecount="0"/>
        <line num="50" count="8" type="cond" truecount="1" falsecount="1"/>
        <line num="51" count="8" type="stmt"/>
      </file>
      <file name="LoadingSpinner.jsx" path="C:\Users\Tiago\Documents\repos\Testes\autotrader\command_center\frontend\src\components\common\LoadingSpinner.jsx">
        <metrics statements="2" coveredstatements="2" conditionals="4" coveredconditionals="4" methods="1" coveredmethods="1"/>
        <line num="4" count="28" type="stmt"/>
        <line num="6" count="28" type="stmt"/>
      </file>
    </package>
    <package name="src.components.control_tower">
      <metrics statements="621" coveredstatements="407" conditionals="1004" coveredconditionals="584" methods="161" coveredmethods="100"/>
      <file name="AICorePanel.jsx" path="C:\Users\Tiago\Documents\repos\Testes\autotrader\command_center\frontend\src\components\control_tower\AICorePanel.jsx">
        <metrics statements="55" coveredstatements="53" conditionals="137" coveredconditionals="125" methods="15" coveredmethods="13"/>
        <line num="6" count="4" type="stmt"/>
        <line num="9" count="9" type="stmt"/>
        <line num="10" count="9" type="stmt"/>
        <line num="11" count="9" type="stmt"/>
        <line num="12" count="9" type="stmt"/>
        <line num="14" count="9" type="cond" truecount="4" falsecount="0"/>
        <line num="15" count="9" type="cond" truecount="4" falsecount="0"/>
        <line num="16" count="9" type="stmt"/>
        <line num="17" count="9" type="stmt"/>
        <line num="19" count="9" type="stmt"/>
        <line num="112" count="12" type="stmt"/>
        <line num="150" count="11" type="cond" truecount="2" falsecount="0"/>
        <line num="151" count="6" type="cond" truecount="2" falsecount="0"/>
        <line num="152" count="3" type="stmt"/>
        <line num="156" count="9" type="cond" truecount="5" falsecount="0"/>
        <line num="157" count="5" type="stmt"/>
        <line num="165" count="4" type="stmt"/>
        <line num="166" count="4" type="stmt"/>
        <line num="167" count="12" type="cond" truecount="2" falsecount="1"/>
        <line num="168" count="12" type="cond" truecount="1" falsecount="1"/>
        <line num="171" count="12" type="stmt"/>
        <line num="177" count="12" type="stmt"/>
        <line num="178" count="4" type="cond" truecount="1" falsecount="1"/>
        <line num="180" count="9" type="stmt"/>
        <line num="181" count="9" type="stmt"/>
        <line num="182" count="12" type="cond" truecount="4" falsecount="0"/>
        <line num="183" count="12" type="cond" truecount="2" falsecount="0"/>
        <line num="186" count="9" type="stmt"/>
        <line num="187" count="9" type="stmt"/>
        <line num="188" count="9" type="stmt"/>
        <line num="189" count="9" type="stmt"/>
        <line num="191" count="9" type="stmt"/>
        <line num="192" count="9" type="cond" truecount="2" falsecount="0"/>
        <line num="193" count="4" type="stmt"/>
        <line num="194" count="4" type="cond" truecount="4" falsecount="0"/>
        <line num="195" count="1" type="stmt"/>
        <line num="198" count="4" type="stmt"/>
        <line num="202" count="9" type="cond" truecount="5" falsecount="0"/>
        <line num="203" count="5" type="stmt"/>
        <line num="205" count="4" type="stmt"/>
        <line num="206" count="3" type="cond" truecount="2" falsecount="1"/>
        <line num="207" count="3" type="cond" truecount="2" falsecount="1"/>
        <line num="208" count="3" type="stmt"/>
        <line num="210" count="4" type="stmt"/>
        <line num="214" count="9" type="cond" truecount="2" falsecount="0"/>
        <line num="215" count="1" type="cond" truecount="1" falsecount="1"/>
        <line num="216" count="0" type="cond" truecount="0" falsecount="2"/>
        <line num="217" count="0" type="stmt"/>
        <line num="220" count="8" type="cond" truecount="2" falsecount="0"/>
        <line num="221" count="7" type="cond" truecount="2" falsecount="0"/>
        <line num="222" count="6" type="stmt"/>
        <line num="226" count="9" type="cond" truecount="2" falsecount="0"/>
        <line num="227" count="9" type="cond" truecount="2" falsecount="0"/>
        <line num="228" count="7" type="cond" truecount="2" falsecount="0"/>
        <line num="229" count="6" type="cond" truecount="1" falsecount="1"/>
      </file>
      <file name="ControlTowerClock.jsx" path="C:\Users\Tiago\Documents\repos\Testes\autotrader\command_center\frontend\src\components\control_tower\ControlTowerClock.jsx">
        <metrics statements="89" coveredstatements="84" conditionals="197" coveredconditionals="118" methods="30" coveredmethods="28"/>
        <line num="6" count="3" type="stmt"/>
        <line num="14" count="3" type="stmt"/>
        <line num="22" count="1" type="stmt"/>
        <line num="23" count="1" type="stmt"/>
        <line num="24" count="1" type="stmt"/>
        <line num="36" count="1" type="cond" truecount="1" falsecount="1"/>
        <line num="37" count="1" type="cond" truecount="2" falsecount="2"/>
        <line num="38" count="1" type="cond" truecount="2" falsecount="2"/>
        <line num="39" count="1" type="stmt"/>
        <line num="45" count="6" type="cond" truecount="2" falsecount="0"/>
        <line num="47" count="2" type="cond" truecount="1" falsecount="1"/>
        <line num="49" count="0" type="stmt"/>
        <line num="51" count="2" type="cond" truecount="1" falsecount="1"/>
        <line num="53" count="0" type="cond" truecount="0" falsecount="2"/>
        <line num="54" count="0" type="stmt"/>
        <line num="56" count="2" type="stmt"/>
        <line num="59" count="4" type="cond" truecount="3" falsecount="1"/>
        <line num="60" count="4" type="stmt"/>
        <line num="62" count="0" type="stmt"/>
        <line num="66" count="2" type="stmt"/>
        <line num="67" count="2" type="stmt"/>
        <line num="68" count="2" type="cond" truecount="1" falsecount="1"/>
        <line num="73" count="2" type="cond" truecount="1" falsecount="1"/>
        <line num="74" count="2" type="stmt"/>
        <line num="76" count="0" type="cond" truecount="0" falsecount="2"/>
        <line num="80" count="2" type="stmt"/>
        <line num="84" count="1" type="stmt"/>
        <line num="85" count="2" type="cond" truecount="4" falsecount="0"/>
        <line num="87" count="1" type="stmt"/>
        <line num="88" count="7" type="stmt"/>
        <line num="89" count="2" type="cond" truecount="2" falsecount="0"/>
        <line num="92" count="1" type="stmt"/>
        <line num="97" count="1" type="cond" truecount="1" falsecount="1"/>
        <line num="98" count="1" type="stmt"/>
        <line num="100" count="1" type="cond" truecount="1" falsecount="1"/>
        <line num="101" count="2" type="cond" truecount="1" falsecount="1"/>
        <line num="103" count="1" type="stmt"/>
        <line num="105" count="1" type="cond" truecount="1" falsecount="1"/>
        <line num="106" count="1" type="stmt"/>
        <line num="111" count="30" type="stmt"/>
        <line num="112" count="30" type="stmt"/>
        <line num="116" count="1" type="stmt"/>
        <line num="117" count="1" type="stmt"/>
        <line num="118" count="1" type="stmt"/>
        <line num="120" count="1" type="stmt"/>
        <line num="121" count="1" type="stmt"/>
        <line num="122" count="1" type="stmt"/>
        <line num="125" count="1" type="stmt"/>
        <line num="126" count="1" type="stmt"/>
        <line num="128" count="1" type="stmt"/>
        <line num="129" count="4" type="cond" truecount="2" falsecount="0"/>
        <line num="133" count="1" type="stmt"/>
        <line num="134" count="1" type="cond" truecount="1" falsecount="1"/>
        <line num="138" count="1" type="stmt"/>
        <line num="139" count="1" type="stmt"/>
        <line num="144" count="1" type="stmt"/>
        <line num="145" count="1" type="stmt"/>
        <line num="146" count="1" type="stmt"/>
        <line num="147" count="1" type="stmt"/>
        <line num="148" count="1" type="stmt"/>
        <line num="149" count="1" type="stmt"/>
        <line num="151" count="1" type="stmt"/>
        <line num="153" count="1" type="cond" truecount="1" falsecount="1"/>
        <line num="158" count="1" type="stmt"/>
        <line num="159" count="1" type="stmt"/>
        <line num="160" count="1" type="stmt"/>
        <line num="161" count="1" type="stmt"/>
        <line num="163" count="1" type="stmt"/>
        <line num="204" count="12" type="stmt"/>
        <line num="205" count="12" type="stmt"/>
        <line num="206" count="12" type="cond" truecount="2" falsecount="0"/>
        <line num="207" count="12" type="stmt"/>
        <line num="222" count="4" type="stmt"/>
        <line num="223" count="4" type="stmt"/>
        <line num="224" count="4" type="stmt"/>
        <line num="240" count="1" type="stmt"/>
        <line num="241" count="1" type="stmt"/>
        <line num="253" count="1" type="stmt"/>
        <line num="254" count="1" type="cond" truecount="2" falsecount="2"/>
        <line num="255" count="1" type="stmt"/>
        <line num="318" count="4" type="stmt"/>
        <line num="319" count="4" type="cond" truecount="2" falsecount="0"/>
        <line num="320" count="4" type="cond" truecount="2" falsecount="0"/>
        <line num="321" count="4" type="cond" truecount="2" falsecount="0"/>
        <line num="322" count="4" type="stmt"/>
        <line num="325" count="4" type="cond" truecount="1" falsecount="1"/>
        <line num="326" count="4" type="cond" truecount="1" falsecount="1"/>
        <line num="330" count="4" type="stmt"/>
        <line num="388" count="1" type="cond" truecount="1" falsecount="1"/>
      </file>
      <file name="DataStream.jsx" path="C:\Users\Tiago\Documents\repos\Testes\autotrader\command_center\frontend\src\components\control_tower\DataStream.jsx">
        <metrics statements="87" coveredstatements="87" conditionals="125" coveredconditionals="113" methods="21" coveredmethods="20"/>
        <line num="8" count="4" type="stmt"/>
        <line num="23" count="19" type="cond" truecount="4" falsecount="0"/>
        <line num="25" count="18" type="cond" truecount="3" falsecount="0"/>
        <line num="26" count="19" type="cond" truecount="2" falsecount="0"/>
        <line num="28" count="19" type="cond" truecount="2" falsecount="0"/>
        <line num="29" count="17" type="cond" truecount="4" falsecount="0"/>
        <line num="30" count="16" type="cond" truecount="2" falsecount="0"/>
        <line num="31" count="15" type="cond" truecount="4" falsecount="0"/>
        <line num="32" count="14" type="cond" truecount="6" falsecount="0"/>
        <line num="33" count="11" type="cond" truecount="5" falsecount="0"/>
        <line num="34" count="10" type="cond" truecount="5" falsecount="0"/>
        <line num="35" count="9" type="cond" truecount="5" falsecount="0"/>
        <line num="36" count="8" type="cond" truecount="3" falsecount="1"/>
        <line num="37" count="8" type="stmt"/>
        <line num="41" count="19" type="cond" truecount="2" falsecount="0"/>
        <line num="42" count="18" type="stmt"/>
        <line num="43" count="18" type="cond" truecount="4" falsecount="0"/>
        <line num="44" count="17" type="stmt"/>
        <line num="48" count="38" type="cond" truecount="4" falsecount="0"/>
        <line num="49" count="10" type="cond" truecount="4" falsecount="0"/>
        <line num="50" count="8" type="cond" truecount="3" falsecount="1"/>
        <line num="51" count="6" type="cond" truecount="3" falsecount="1"/>
        <line num="53" count="4" type="stmt"/>
        <line num="54" count="4" type="stmt"/>
        <line num="55" count="4" type="cond" truecount="2" falsecount="0"/>
        <line num="56" count="8" type="stmt"/>
        <line num="60" count="19" type="cond" truecount="2" falsecount="0"/>
        <line num="61" count="19" type="cond" truecount="1" falsecount="1"/>
        <line num="62" count="19" type="stmt"/>
        <line num="63" count="19" type="cond" truecount="1" falsecount="1"/>
        <line num="67" count="3" type="cond" truecount="2" falsecount="0"/>
        <line num="69" count="3" type="stmt"/>
        <line num="70" count="2" type="cond" truecount="2" falsecount="0"/>
        <line num="71" count="1" type="stmt"/>
        <line num="72" count="1" type="stmt"/>
        <line num="75" count="1" type="stmt"/>
        <line num="76" count="1" type="stmt"/>
        <line num="78" count="1" type="stmt"/>
        <line num="79" count="2" type="cond" truecount="2" falsecount="0"/>
        <line num="80" count="1" type="stmt"/>
        <line num="81" count="1" type="stmt"/>
        <line num="82" count="1" type="cond" truecount="1" falsecount="1"/>
        <line num="83" count="1" type="stmt"/>
        <line num="87" count="1" type="stmt"/>
        <line num="88" count="1" type="stmt"/>
        <line num="90" count="1" type="stmt"/>
        <line num="91" count="1" type="stmt"/>
        <line num="95" count="3" type="stmt"/>
        <line num="99" count="18" type="stmt"/>
        <line num="100" count="18" type="stmt"/>
        <line num="101" count="18" type="stmt"/>
        <line num="102" count="18" type="stmt"/>
        <line num="103" count="18" type="stmt"/>
        <line num="104" count="18" type="stmt"/>
        <line num="106" count="18" type="stmt"/>
        <line num="107" count="12" type="cond" truecount="5" falsecount="0"/>
        <line num="108" count="17" type="stmt"/>
        <line num="109" count="12" type="cond" truecount="1" falsecount="1"/>
        <line num="110" count="12" type="stmt"/>
        <line num="111" count="12" type="stmt"/>
        <line num="112" count="12" type="stmt"/>
        <line num="113" count="19" type="stmt"/>
        <line num="114" count="19" type="cond" truecount="3" falsecount="0"/>
        <line num="115" count="19" type="cond" truecount="1" falsecount="1"/>
        <line num="116" count="19" type="stmt"/>
        <line num="117" count="19" type="stmt"/>
        <line num="119" count="12" type="stmt"/>
        <line num="122" count="18" type="stmt"/>
        <line num="123" count="12" type="stmt"/>
        <line num="124" count="19" type="stmt"/>
        <line num="125" count="19" type="cond" truecount="3" falsecount="0"/>
        <line num="126" count="19" type="stmt"/>
        <line num="130" count="18" type="stmt"/>
        <line num="131" count="12" type="stmt"/>
        <line num="132" count="12" type="cond" truecount="2" falsecount="0"/>
        <line num="133" count="6" type="cond" truecount="1" falsecount="1"/>
        <line num="134" count="6" type="stmt"/>
        <line num="135" count="6" type="stmt"/>
        <line num="139" count="18" type="stmt"/>
        <line num="140" count="18" type="cond" truecount="1" falsecount="1"/>
        <line num="141" count="18" type="stmt"/>
        <line num="145" count="18" type="stmt"/>
        <line num="147" count="18" type="cond" truecount="2" falsecount="0"/>
        <line num="148" count="15" type="stmt"/>
        <line num="170" count="36" type="stmt"/>
        <line num="179" count="3" type="stmt"/>
        <line num="228" count="2" type="stmt"/>
      </file>
      <file name="LivePredictionChart.jsx" path="C:\Users\Tiago\Documents\repos\Testes\autotrader\command_center\frontend\src\components\control_tower\LivePredictionChart.jsx">
        <metrics statements="108" coveredstatements="64" conditionals="142" coveredconditionals="73" methods="16" coveredmethods="11"/>
        <line num="22" count="1" type="stmt"/>
        <line num="23" count="1" type="stmt"/>
        <line num="24" count="1" type="stmt"/>
        <line num="25" count="3" type="stmt"/>
        <line num="26" count="3" type="stmt"/>
        <line num="27" count="3" type="stmt"/>
        <line num="28" count="3" type="stmt"/>
        <line num="30" count="3" type="stmt"/>
        <line num="31" count="3" type="stmt"/>
        <line num="32" count="3" type="stmt"/>
        <line num="33" count="3" type="stmt"/>
        <line num="35" count="3" type="stmt"/>
        <line num="38" count="3" type="stmt"/>
        <line num="39" count="3" type="stmt"/>
        <line num="42" count="3" type="stmt"/>
        <line num="43" count="3" type="stmt"/>
        <line num="45" count="3" type="stmt"/>
        <line num="47" count="3" type="cond" truecount="1" falsecount="1"/>
        <line num="48" count="3" type="cond" truecount="2" falsecount="0"/>
        <line num="49" count="3" type="cond" truecount="4" falsecount="0"/>
        <line num="50" count="3" type="stmt"/>
        <line num="51" count="3" type="stmt"/>
        <line num="53" count="3" type="cond" truecount="2" falsecount="2"/>
        <line num="57" count="3" type="stmt"/>
        <line num="58" count="3" type="stmt"/>
        <line num="59" count="3" type="stmt"/>
        <line num="60" count="3" type="stmt"/>
        <line num="61" count="0" type="stmt"/>
        <line num="66" count="0" type="stmt"/>
        <line num="67" count="3" type="cond" truecount="2" falsecount="0"/>
        <line num="69" count="3" type="stmt"/>
        <line num="70" count="3" type="stmt"/>
        <line num="78" count="0" type="cond" truecount="0" falsecount="2"/>
        <line num="79" count="0" type="stmt"/>
        <line num="81" count="0" type="cond" truecount="0" falsecount="4"/>
        <line num="82" count="0" type="stmt"/>
        <line num="85" count="3" type="stmt"/>
        <line num="86" count="0" type="stmt"/>
        <line num="87" count="0" type="stmt"/>
        <line num="89" count="3" type="stmt"/>
        <line num="90" count="3" type="cond" truecount="2" falsecount="0"/>
        <line num="92" count="0" type="stmt"/>
        <line num="93" count="0" type="stmt"/>
        <line num="94" count="0" type="stmt"/>
        <line num="95" count="0" type="stmt"/>
        <line num="96" count="0" type="stmt"/>
        <line num="97" count="0" type="stmt"/>
        <line num="98" count="0" type="stmt"/>
        <line num="105" count="0" type="stmt"/>
        <line num="108" count="0" type="stmt"/>
        <line num="112" count="0" type="stmt"/>
        <line num="113" count="0" type="cond" truecount="0" falsecount="2"/>
        <line num="116" count="0" type="cond" truecount="0" falsecount="2"/>
        <line num="117" count="0" type="stmt"/>
        <line num="118" count="3" type="stmt"/>
        <line num="119" count="3" type="stmt"/>
        <line num="120" count="3" type="stmt"/>
        <line num="121" count="3" type="stmt"/>
        <line num="124" count="0" type="stmt"/>
        <line num="125" count="0" type="stmt"/>
        <line num="126" count="0" type="stmt"/>
        <line num="127" count="0" type="stmt"/>
        <line num="128" count="0" type="stmt"/>
        <line num="130" count="3" type="stmt"/>
        <line num="154" count="3" type="cond" truecount="2" falsecount="0"/>
        <line num="173" count="3" type="cond" truecount="1" falsecount="1"/>
        <line num="192" count="3" type="stmt"/>
        <line num="193" count="3" type="stmt"/>
        <line num="194" count="3" type="stmt"/>
        <line num="195" count="3" type="stmt"/>
        <line num="198" count="3" type="stmt"/>
        <line num="199" count="3" type="cond" truecount="3" falsecount="1"/>
        <line num="200" count="3" type="stmt"/>
        <line num="201" count="3" type="stmt"/>
        <line num="203" count="3" type="stmt"/>
        <line num="204" count="3" type="stmt"/>
        <line num="205" count="0" type="stmt"/>
        <line num="208" count="0" type="stmt"/>
        <line num="209" count="0" type="stmt"/>
        <line num="210" count="0" type="stmt"/>
        <line num="213" count="0" type="stmt"/>
        <line num="215" count="3" type="stmt"/>
        <line num="216" count="0" type="stmt"/>
        <line num="217" count="0" type="stmt"/>
        <line num="218" count="0" type="stmt"/>
        <line num="219" count="0" type="stmt"/>
        <line num="220" count="3" type="stmt"/>
        <line num="221" count="3" type="stmt"/>
        <line num="226" count="3" type="stmt"/>
        <line num="227" count="3" type="cond" truecount="3" falsecount="1"/>
        <line num="229" count="3" type="stmt"/>
        <line num="230" count="3" type="stmt"/>
        <line num="233" count="3" type="cond" truecount="1" falsecount="1"/>
        <line num="234" count="3" type="stmt"/>
        <line num="235" count="3" type="stmt"/>
        <line num="242" count="0" type="stmt"/>
        <line num="243" count="0" type="cond" truecount="0" falsecount="2"/>
        <line num="244" count="0" type="stmt"/>
        <line num="246" count="0" type="stmt"/>
        <line num="253" count="0" type="stmt"/>
        <line num="257" count="0" type="stmt"/>
        <line num="258" count="0" type="stmt"/>
        <line num="259" count="0" type="stmt"/>
        <line num="260" count="0" type="stmt"/>
        <line num="262" count="3" type="stmt"/>
        <line num="263" count="3" type="cond" truecount="2" falsecount="0"/>
        <line num="273" count="3" type="stmt"/>
        <line num="275" count="3" type="stmt"/>
      </file>
      <file name="SessionPanel.jsx" path="C:\Users\Tiago\Documents\repos\Testes\autotrader\command_center\frontend\src\components\control_tower\SessionPanel.jsx">
        <metrics statements="48" coveredstatements="44" conditionals="164" coveredconditionals="95" methods="11" coveredmethods="9"/>
        <line num="5" count="3" type="stmt"/>
        <line num="10" count="3" type="stmt"/>
        <line num="17" count="3" type="stmt"/>
        <line num="25" count="2" type="stmt"/>
        <line num="26" count="2" type="stmt"/>
        <line num="27" count="2" type="stmt"/>
        <line num="28" count="2" type="cond" truecount="1" falsecount="3"/>
        <line num="30" count="2" type="cond" truecount="1" falsecount="1"/>
        <line num="31" count="0" type="stmt"/>
        <line num="41" count="2" type="cond" truecount="1" falsecount="3"/>
        <line num="42" count="2" type="stmt"/>
        <line num="54" count="5" type="stmt"/>
        <line num="55" count="5" type="stmt"/>
        <line num="56" count="5" type="stmt"/>
        <line num="57" count="5" type="stmt"/>
        <line num="58" count="5" type="stmt"/>
        <line num="59" count="5" type="stmt"/>
        <line num="61" count="5" type="stmt"/>
        <line num="62" count="5" type="cond" truecount="2" falsecount="0"/>
        <line num="63" count="5" type="stmt"/>
        <line num="64" count="0" type="cond" truecount="0" falsecount="2"/>
        <line num="65" count="0" type="stmt"/>
        <line num="67" count="5" type="stmt"/>
        <line num="68" count="5" type="stmt"/>
        <line num="70" count="5" type="stmt"/>
        <line num="71" count="3" type="stmt"/>
        <line num="72" count="3" type="stmt"/>
        <line num="73" count="3" type="stmt"/>
        <line num="77" count="3" type="stmt"/>
        <line num="81" count="5" type="stmt"/>
        <line num="82" count="3" type="stmt"/>
        <line num="83" count="3" type="stmt"/>
        <line num="84" count="3" type="stmt"/>
        <line num="87" count="5" type="cond" truecount="2" falsecount="0"/>
        <line num="88" count="5" type="cond" truecount="2" falsecount="0"/>
        <line num="89" count="5" type="cond" truecount="2" falsecount="0"/>
        <line num="90" count="5" type="cond" truecount="2" falsecount="0"/>
        <line num="91" count="5" type="cond" truecount="2" falsecount="0"/>
        <line num="92" count="5" type="cond" truecount="2" falsecount="0"/>
        <line num="94" count="5" type="cond" truecount="4" falsecount="2"/>
        <line num="96" count="5" type="stmt"/>
        <line num="123" count="0" type="stmt"/>
        <line num="131" count="55" type="stmt"/>
        <line num="160" count="6" type="stmt"/>
        <line num="199" count="8" type="stmt"/>
        <line num="200" count="8" type="cond" truecount="1" falsecount="1"/>
        <line num="201" count="8" type="stmt"/>
        <line num="203" count="8" type="stmt"/>
      </file>
      <file name="SignalBoard.jsx" path="C:\Users\Tiago\Documents\repos\Testes\autotrader\command_center\frontend\src\components\control_tower\SignalBoard.jsx">
        <metrics statements="34" coveredstatements="30" conditionals="58" coveredconditionals="33" methods="11" coveredmethods="9"/>
        <line num="6" count="4" type="stmt"/>
        <line num="8" count="4" type="stmt"/>
        <line num="15" count="15" type="stmt"/>
        <line num="16" count="15" type="stmt"/>
        <line num="17" count="15" type="stmt"/>
        <line num="18" count="15" type="stmt"/>
        <line num="20" count="15" type="stmt"/>
        <line num="21" count="14" type="cond" truecount="2" falsecount="0"/>
        <line num="22" count="14" type="stmt"/>
        <line num="23" count="12" type="stmt"/>
        <line num="28" count="9" type="stmt"/>
        <line num="32" count="15" type="stmt"/>
        <line num="33" count="14" type="stmt"/>
        <line num="34" count="14" type="stmt"/>
        <line num="35" count="12" type="stmt"/>
        <line num="36" count="12" type="cond" truecount="2" falsecount="2"/>
        <line num="37" count="0" type="stmt"/>
        <line num="40" count="14" type="cond" truecount="1" falsecount="1"/>
        <line num="41" count="0" type="stmt"/>
        <line num="42" count="0" type="stmt"/>
        <line num="43" count="0" type="stmt"/>
        <line num="46" count="14" type="stmt"/>
        <line num="47" count="14" type="stmt"/>
        <line num="48" count="14" type="stmt"/>
        <line num="51" count="15" type="cond" truecount="2" falsecount="0"/>
        <line num="52" count="15" type="cond" truecount="2" falsecount="0"/>
        <line num="53" count="15" type="stmt"/>
        <line num="55" count="15" type="stmt"/>
        <line num="103" count="12" type="stmt"/>
        <line num="110" count="45" type="stmt"/>
        <line num="124" count="12" type="cond" truecount="1" falsecount="1"/>
        <line num="125" count="12" type="stmt"/>
        <line num="126" count="12" type="stmt"/>
        <line num="128" count="12" type="stmt"/>
      </file>
      <file name="SignalRadar.jsx" path="C:\Users\Tiago\Documents\repos\Testes\autotrader\command_center\frontend\src\components\control_tower\SignalRadar.jsx">
        <metrics statements="45" coveredstatements="41" conditionals="44" coveredconditionals="27" methods="16" coveredmethods="10"/>
        <line num="6" count="12" type="stmt"/>
        <line num="7" count="12" type="stmt"/>
        <line num="10" count="1" type="stmt"/>
        <line num="17" count="3" type="stmt"/>
        <line num="18" count="3" type="stmt"/>
        <line num="19" count="3" type="stmt"/>
        <line num="21" count="3" type="stmt"/>
        <line num="23" count="3" type="stmt"/>
        <line num="25" count="0" type="stmt"/>
        <line num="26" count="0" type="stmt"/>
        <line num="27" count="0" type="stmt"/>
        <line num="29" count="3" type="stmt"/>
        <line num="30" count="3" type="stmt"/>
        <line num="33" count="3" type="stmt"/>
        <line num="34" count="3" type="stmt"/>
        <line num="36" count="3" type="stmt"/>
        <line num="37" count="3" type="cond" truecount="2" falsecount="0"/>
        <line num="38" count="3" type="cond" truecount="2" falsecount="0"/>
        <line num="40" count="2" type="stmt"/>
        <line num="41" count="3" type="stmt"/>
        <line num="42" count="3" type="cond" truecount="1" falsecount="1"/>
        <line num="44" count="3" type="stmt"/>
        <line num="45" count="3" type="stmt"/>
        <line num="46" count="3" type="cond" truecount="1" falsecount="1"/>
        <line num="47" count="3" type="cond" truecount="1" falsecount="1"/>
        <line num="50" count="3" type="stmt"/>
        <line num="51" count="3" type="stmt"/>
        <line num="53" count="3" type="stmt"/>
        <line num="66" count="3" type="cond" truecount="2" falsecount="0"/>
        <line num="67" count="3" type="cond" truecount="2" falsecount="0"/>
        <line num="69" count="3" type="stmt"/>
        <line num="70" count="3" type="stmt"/>
        <line num="72" count="3" type="cond" truecount="1" falsecount="1"/>
        <line num="74" count="3" type="stmt"/>
        <line num="95" count="12" type="stmt"/>
        <line num="117" count="3" type="stmt"/>
        <line num="118" count="3" type="stmt"/>
        <line num="119" count="3" type="stmt"/>
        <line num="139" count="3" type="stmt"/>
        <line num="140" count="3" type="cond" truecount="1" falsecount="1"/>
        <line num="141" count="3" type="stmt"/>
        <line num="142" count="3" type="cond" truecount="3" falsecount="1"/>
        <line num="144" count="3" type="stmt"/>
        <line num="147" count="0" type="stmt"/>
        <line num="230" count="9" type="stmt"/>
      </file>
      <file name="WorldMap.jsx" path="C:\Users\Tiago\Documents\repos\Testes\autotrader\command_center\frontend\src\components\control_tower\WorldMap.jsx">
        <metrics statements="155" coveredstatements="4" conditionals="137" coveredconditionals="0" methods="41" coveredmethods="0"/>
        <line num="7" count="1" type="stmt"/>
        <line num="9" count="1" type="stmt"/>
        <line num="12" count="1" type="stmt"/>
        <line num="26" count="0" type="stmt"/>
        <line num="28" count="0" type="cond" truecount="0" falsecount="2"/>
        <line num="29" count="0" type="cond" truecount="0" falsecount="2"/>
        <line num="30" count="0" type="stmt"/>
        <line num="33" count="1" type="stmt"/>
        <line num="37" count="0" type="stmt"/>
        <line num="39" count="0" type="stmt"/>
        <line num="40" count="0" type="stmt"/>
        <line num="41" count="0" type="cond" truecount="0" falsecount="2"/>
        <line num="42" count="0" type="stmt"/>
        <line num="44" count="0" type="stmt"/>
        <line num="45" count="0" type="stmt"/>
        <line num="46" count="0" type="stmt"/>
        <line num="47" count="0" type="stmt"/>
        <line num="51" count="0" type="stmt"/>
        <line num="52" count="0" type="stmt"/>
        <line num="53" count="0" type="stmt"/>
        <line num="54" count="0" type="stmt"/>
        <line num="56" count="0" type="stmt"/>
        <line num="57" count="0" type="stmt"/>
        <line num="58" count="0" type="stmt"/>
        <line num="60" count="0" type="cond" truecount="0" falsecount="4"/>
        <line num="61" count="0" type="stmt"/>
        <line num="63" count="0" type="stmt"/>
        <line num="68" count="0" type="stmt"/>
        <line num="70" count="0" type="stmt"/>
        <line num="71" count="0" type="stmt"/>
        <line num="75" count="0" type="stmt"/>
        <line num="93" count="0" type="stmt"/>
        <line num="94" count="0" type="stmt"/>
        <line num="95" count="0" type="stmt"/>
        <line num="96" count="0" type="stmt"/>
        <line num="97" count="0" type="stmt"/>
        <line num="98" count="0" type="stmt"/>
        <line num="100" count="0" type="stmt"/>
        <line num="101" count="0" type="stmt"/>
        <line num="102" count="0" type="stmt"/>
        <line num="105" count="0" type="stmt"/>
        <line num="106" count="0" type="cond" truecount="0" falsecount="2"/>
        <line num="107" count="0" type="stmt"/>
        <line num="108" count="0" type="stmt"/>
        <line num="111" count="0" type="cond" truecount="0" falsecount="2"/>
        <line num="112" count="0" type="stmt"/>
        <line num="113" count="0" type="stmt"/>
        <line num="114" count="0" type="stmt"/>
        <line num="115" count="0" type="stmt"/>
        <line num="118" count="0" type="stmt"/>
        <line num="119" count="0" type="stmt"/>
        <line num="120" count="0" type="stmt"/>
        <line num="122" count="0" type="cond" truecount="0" falsecount="2"/>
        <line num="123" count="0" type="stmt"/>
        <line num="130" count="0" type="stmt"/>
        <line num="131" count="0" type="cond" truecount="0" falsecount="2"/>
        <line num="132" count="0" type="stmt"/>
        <line num="133" count="0" type="stmt"/>
        <line num="134" count="0" type="stmt"/>
        <line num="136" count="0" type="stmt"/>
        <line num="137" count="0" type="stmt"/>
        <line num="141" count="0" type="stmt"/>
        <line num="142" count="0" type="cond" truecount="0" falsecount="2"/>
        <line num="143" count="0" type="stmt"/>
        <line num="144" count="0" type="cond" truecount="0" falsecount="2"/>
        <line num="145" count="0" type="stmt"/>
        <line num="146" count="0" type="stmt"/>
        <line num="151" count="0" type="stmt"/>
        <line num="152" count="0" type="stmt"/>
        <line num="153" count="0" type="cond" truecount="0" falsecount="2"/>
        <line num="154" count="0" type="stmt"/>
        <line num="156" count="0" type="cond" truecount="0" falsecount="3"/>
        <line num="157" count="0" type="cond" truecount="0" falsecount="4"/>
        <line num="159" count="0" type="stmt"/>
        <line num="163" count="0" type="stmt"/>
        <line num="164" count="0" type="cond" truecount="0" falsecount="4"/>
        <line num="165" count="0" type="cond" truecount="0" falsecount="2"/>
        <line num="166" count="0" type="stmt"/>
        <line num="167" count="0" type="stmt"/>
        <line num="169" count="0" type="stmt"/>
        <line num="170" count="0" type="cond" truecount="0" falsecount="2"/>
        <line num="171" count="0" type="stmt"/>
        <line num="172" count="0" type="stmt"/>
        <line num="173" count="0" type="stmt"/>
        <line num="174" count="0" type="cond" truecount="0" falsecount="4"/>
        <line num="175" count="0" type="stmt"/>
        <line num="176" count="0" type="cond" truecount="0" falsecount="2"/>
        <line num="177" count="0" type="stmt"/>
        <line num="179" count="0" type="cond" truecount="0" falsecount="3"/>
        <line num="180" count="0" type="cond" truecount="0" falsecount="3"/>
        <line num="183" count="0" type="cond" truecount="0" falsecount="2"/>
        <line num="185" count="0" type="cond" truecount="0" falsecount="4"/>
        <line num="186" count="0" type="stmt"/>
        <line num="187" count="0" type="cond" truecount="0" falsecount="4"/>
        <line num="188" count="0" type="stmt"/>
        <line num="190" count="0" type="stmt"/>
        <line num="193" count="0" type="cond" truecount="0" falsecount="4"/>
        <line num="194" count="0" type="stmt"/>
        <line num="195" count="0" type="cond" truecount="0" falsecount="4"/>
        <line num="196" count="0" type="stmt"/>
        <line num="198" count="0" type="stmt"/>
        <line num="202" count="0" type="stmt"/>
        <line num="213" count="0" type="stmt"/>
        <line num="217" count="0" type="stmt"/>
        <line num="218" count="0" type="stmt"/>
        <line num="219" count="0" type="cond" truecount="0" falsecount="2"/>
        <line num="221" count="0" type="cond" truecount="0" falsecount="2"/>
        <line num="223" count="0" type="cond" truecount="0" falsecount="4"/>
        <line num="224" count="0" type="stmt"/>
        <line num="225" count="0" type="stmt"/>
        <line num="227" count="0" type="cond" truecount="0" falsecount="4"/>
        <line num="228" count="0" type="stmt"/>
        <line num="229" count="0" type="stmt"/>
        <line num="231" count="0" type="stmt"/>
        <line num="244" count="0" type="stmt"/>
        <line num="245" count="0" type="stmt"/>
        <line num="255" count="0" type="stmt"/>
        <line num="256" count="0" type="cond" truecount="0" falsecount="2"/>
        <line num="257" count="0" type="cond" truecount="0" falsecount="2"/>
        <line num="258" count="0" type="stmt"/>
        <line num="261" count="0" type="stmt"/>
        <line num="262" count="0" type="stmt"/>
        <line num="263" count="0" type="cond" truecount="0" falsecount="2"/>
        <line num="264" count="0" type="cond" truecount="0" falsecount="2"/>
        <line num="265" count="0" type="stmt"/>
        <line num="269" count="0" type="stmt"/>
        <line num="270" count="0" type="cond" truecount="0" falsecount="2"/>
        <line num="271" count="0" type="stmt"/>
        <line num="277" count="0" type="stmt"/>
        <line num="285" count="0" type="stmt"/>
        <line num="286" count="0" type="cond" truecount="0" falsecount="2"/>
        <line num="288" count="0" type="stmt"/>
        <line num="292" count="0" type="stmt"/>
        <line num="293" count="0" type="cond" truecount="0" falsecount="2"/>
        <line num="294" count="0" type="stmt"/>
        <line num="295" count="0" type="stmt"/>
        <line num="296" count="0" type="cond" truecount="0" falsecount="2"/>
        <line num="297" count="0" type="stmt"/>
        <line num="299" count="0" type="cond" truecount="0" falsecount="2"/>
        <line num="301" count="0" type="stmt"/>
        <line num="302" count="0" type="stmt"/>
        <line num="303" count="0" type="cond" truecount="0" falsecount="4"/>
        <line num="304" count="0" type="stmt"/>
        <line num="305" count="0" type="stmt"/>
        <line num="306" count="0" type="stmt"/>
        <line num="307" count="0" type="stmt"/>
        <line num="308" count="0" type="stmt"/>
        <line num="314" count="0" type="stmt"/>
        <line num="315" count="0" type="cond" truecount="0" falsecount="2"/>
        <line num="316" count="0" type="stmt"/>
        <line num="322" count="0" type="stmt"/>
        <line num="353" count="0" type="stmt"/>
        <line num="362" count="0" type="cond" truecount="0" falsecount="2"/>
        <line num="373" count="0" type="cond" truecount="0" falsecount="2"/>
        <line num="397" count="0" type="stmt"/>
      </file>
    </package>
    <package name="src.components.dashboard">
      <metrics statements="69" coveredstatements="63" conditionals="115" coveredconditionals="92" methods="20" coveredmethods="15"/>
      <file name="BotStatus.jsx" path="C:\Users\Tiago\Documents\repos\Testes\autotrader\command_center\frontend\src\components\dashboard\BotStatus.jsx">
        <metrics statements="14" coveredstatements="14" conditionals="26" coveredconditionals="26" methods="4" coveredmethods="3"/>
        <line num="7" count="2" type="stmt"/>
        <line num="10" count="6" type="stmt"/>
        <line num="12" count="6" type="cond" truecount="2" falsecount="0"/>
        <line num="13" count="5" type="cond" truecount="2" falsecount="0"/>
        <line num="15" count="4" type="stmt"/>
        <line num="17" count="4" type="stmt"/>
        <line num="45" count="20" type="stmt"/>
        <line num="57" count="4" type="cond" truecount="4" falsecount="0"/>
        <line num="58" count="3" type="stmt"/>
        <line num="59" count="3" type="stmt"/>
        <line num="60" count="3" type="stmt"/>
        <line num="61" count="3" type="cond" truecount="2" falsecount="0"/>
        <line num="62" count="2" type="cond" truecount="2" falsecount="0"/>
        <line num="63" count="1" type="stmt"/>
      </file>
      <file name="EquityChart.jsx" path="C:\Users\Tiago\Documents\repos\Testes\autotrader\command_center\frontend\src\components\dashboard\EquityChart.jsx">
        <metrics statements="7" coveredstatements="4" conditionals="8" coveredconditionals="4" methods="5" coveredmethods="2"/>
        <line num="15" count="0" type="cond" truecount="0" falsecount="4"/>
        <line num="16" count="0" type="stmt"/>
        <line num="27" count="6" type="stmt"/>
        <line num="29" count="6" type="cond" truecount="2" falsecount="0"/>
        <line num="31" count="5" type="cond" truecount="2" falsecount="0"/>
        <line num="36" count="6" type="stmt"/>
        <line num="59" count="0" type="stmt"/>
      </file>
      <file name="KPICards.jsx" path="C:\Users\Tiago\Documents\repos\Testes\autotrader\command_center\frontend\src\components\dashboard\KPICards.jsx">
        <metrics statements="5" coveredstatements="5" conditionals="12" coveredconditionals="8" methods="2" coveredmethods="2"/>
        <line num="17" count="5" type="stmt"/>
        <line num="19" count="5" type="cond" truecount="2" falsecount="0"/>
        <line num="21" count="5" type="cond" truecount="4" falsecount="0"/>
        <line num="23" count="4" type="cond" truecount="1" falsecount="1"/>
        <line num="25" count="4" type="stmt"/>
      </file>
      <file name="ModelDecision.jsx" path="C:\Users\Tiago\Documents\repos\Testes\autotrader\command_center\frontend\src\components\dashboard\ModelDecision.jsx">
        <metrics statements="20" coveredstatements="17" conditionals="32" coveredconditionals="19" methods="3" coveredmethods="2"/>
        <line num="7" count="2" type="stmt"/>
        <line num="14" count="4" type="stmt"/>
        <line num="16" count="4" type="cond" truecount="2" falsecount="0"/>
        <line num="18" count="4" type="cond" truecount="2" falsecount="2"/>
        <line num="20" count="4" type="cond" truecount="2" falsecount="0"/>
        <line num="22" count="4" type="cond" truecount="2" falsecount="0"/>
        <line num="23" count="2" type="stmt"/>
        <line num="31" count="2" type="cond" truecount="1" falsecount="1"/>
        <line num="32" count="4" type="cond" truecount="1" falsecount="1"/>
        <line num="33" count="4" type="stmt"/>
        <line num="34" count="4" type="cond" truecount="1" falsecount="1"/>
        <line num="36" count="4" type="stmt"/>
        <line num="82" count="2" type="cond" truecount="1" falsecount="1"/>
        <line num="83" count="2" type="stmt"/>
        <line num="84" count="2" type="stmt"/>
        <line num="85" count="2" type="stmt"/>
        <line num="86" count="2" type="cond" truecount="1" falsecount="1"/>
        <line num="87" count="0" type="cond" truecount="0" falsecount="2"/>
        <line num="88" count="0" type="cond" truecount="0" falsecount="2"/>
        <line num="89" count="0" type="stmt"/>
      </file>
      <file name="TrendSparklineCard.jsx" path="C:\Users\Tiago\Documents\repos\Testes\autotrader\command_center\frontend\src\components\dashboard\TrendSparklineCard.jsx">
        <metrics statements="23" coveredstatements="23" conditionals="37" coveredconditionals="35" methods="6" coveredmethods="6"/>
        <line num="11" count="9" type="stmt"/>
        <line num="12" count="9" type="stmt"/>
        <line num="13" count="9" type="stmt"/>
        <line num="15" count="9" type="stmt"/>
        <line num="16" count="9" type="cond" truecount="2" falsecount="0"/>
        <line num="17" count="9" type="cond" truecount="2" falsecount="0"/>
        <line num="18" count="6" type="stmt"/>
        <line num="20" count="3" type="stmt"/>
        <line num="21" count="3" type="stmt"/>
        <line num="22" count="3" type="cond" truecount="1" falsecount="1"/>
        <line num="23" count="9" type="stmt"/>
        <line num="24" count="9" type="stmt"/>
        <line num="25" count="9" type="stmt"/>
        <line num="26" count="9" type="stmt"/>
        <line num="28" count="9" type="stmt"/>
        <line num="29" count="9" type="stmt"/>
        <line num="30" count="9" type="cond" truecount="2" falsecount="0"/>
        <line num="33" count="9" type="stmt"/>
        <line num="34" count="9" type="stmt"/>
        <line num="35" count="9" type="cond" truecount="1" falsecount="1"/>
        <line num="36" count="9" type="cond" truecount="2" falsecount="0"/>
        <line num="37" count="9" type="stmt"/>
        <line num="40" count="9" type="stmt"/>
      </file>
    </package>
    <package name="src.components.logs">
      <metrics statements="30" coveredstatements="24" conditionals="40" coveredconditionals="29" methods="10" coveredmethods="7"/>
      <file name="LogPanel.jsx" path="C:\Users\Tiago\Documents\repos\Testes\autotrader\command_center\frontend\src\components\logs\LogPanel.jsx">
        <metrics statements="30" coveredstatements="24" conditionals="40" coveredconditionals="29" methods="10" coveredmethods="7"/>
        <line num="7" count="2" type="stmt"/>
        <line num="16" count="2" type="stmt"/>
        <line num="24" count="5" type="stmt"/>
        <line num="25" count="5" type="stmt"/>
        <line num="26" count="5" type="stmt"/>
        <line num="27" count="5" type="stmt"/>
        <line num="29" count="5" type="cond" truecount="2" falsecount="0"/>
        <line num="32" count="5" type="cond" truecount="2" falsecount="0"/>
        <line num="34" count="2" type="stmt"/>
        <line num="36" count="5" type="stmt"/>
        <line num="37" count="5" type="cond" truecount="4" falsecount="0"/>
        <line num="38" count="4" type="stmt"/>
        <line num="42" count="5" type="stmt"/>
        <line num="43" count="0" type="cond" truecount="0" falsecount="2"/>
        <line num="44" count="0" type="stmt"/>
        <line num="45" count="0" type="stmt"/>
        <line num="48" count="5" type="cond" truecount="4" falsecount="0"/>
        <line num="50" count="4" type="stmt"/>
        <line num="63" count="16" type="stmt"/>
        <line num="65" count="1" type="stmt"/>
        <line num="90" count="7" type="cond" truecount="1" falsecount="1"/>
        <line num="91" count="7" type="cond" truecount="1" falsecount="1"/>
        <line num="92" count="7" type="cond" truecount="2" falsecount="0"/>
        <line num="94" count="7" type="stmt"/>
        <line num="120" count="0" type="stmt"/>
        <line num="121" count="0" type="cond" truecount="0" falsecount="2"/>
        <line num="122" count="0" type="stmt"/>
        <line num="137" count="7" type="cond" truecount="1" falsecount="1"/>
        <line num="138" count="7" type="stmt"/>
        <line num="139" count="7" type="stmt"/>
      </file>
    </package>
    <package name="src.components.news">
      <metrics statements="35" coveredstatements="35" conditionals="57" coveredconditionals="35" methods="12" coveredmethods="10"/>
      <file name="CurrencyScore.jsx" path="C:\Users\Tiago\Documents\repos\Testes\autotrader\command_center\frontend\src\components\news\CurrencyScore.jsx">
        <metrics statements="19" coveredstatements="19" conditionals="18" coveredconditionals="13" methods="8" coveredmethods="7"/>
        <line num="7" count="3" type="stmt"/>
        <line num="9" count="3" type="stmt"/>
        <line num="10" count="3" type="cond" truecount="2" falsecount="0"/>
        <line num="12" count="1" type="stmt"/>
        <line num="13" count="1" type="stmt"/>
        <line num="14" count="3" type="cond" truecount="1" falsecount="1"/>
        <line num="15" count="3" type="cond" truecount="2" falsecount="0"/>
        <line num="16" count="2" type="stmt"/>
        <line num="18" count="3" type="cond" truecount="2" falsecount="0"/>
        <line num="19" count="3" type="stmt"/>
        <line num="22" count="1" type="stmt"/>
        <line num="23" count="2" type="stmt"/>
        <line num="28" count="1" type="stmt"/>
        <line num="31" count="3" type="cond" truecount="1" falsecount="1"/>
        <line num="33" count="3" type="stmt"/>
        <line num="35" count="3" type="stmt"/>
        <line num="44" count="2" type="stmt"/>
        <line num="45" count="2" type="stmt"/>
        <line num="47" count="2" type="stmt"/>
      </file>
      <file name="NewsFeed.jsx" path="C:\Users\Tiago\Documents\repos\Testes\autotrader\command_center\frontend\src\components\news\NewsFeed.jsx">
        <metrics statements="16" coveredstatements="16" conditionals="39" coveredconditionals="22" methods="4" coveredmethods="3"/>
        <line num="8" count="3" type="stmt"/>
        <line num="10" count="3" type="cond" truecount="1" falsecount="1"/>
        <line num="12" count="3" type="cond" truecount="2" falsecount="0"/>
        <line num="14" count="3" type="stmt"/>
        <line num="28" count="1" type="stmt"/>
        <line num="30" count="1" type="cond" truecount="1" falsecount="3"/>
        <line num="32" count="1" type="stmt"/>
        <line num="34" count="1" type="cond" truecount="1" falsecount="1"/>
        <line num="40" count="1" type="cond" truecount="1" falsecount="1"/>
        <line num="46" count="1" type="stmt"/>
        <line num="92" count="1" type="cond" truecount="1" falsecount="1"/>
        <line num="93" count="1" type="stmt"/>
        <line num="94" count="1" type="cond" truecount="1" falsecount="1"/>
        <line num="95" count="1" type="cond" truecount="1" falsecount="1"/>
        <line num="96" count="1" type="cond" truecount="1" falsecount="1"/>
        <line num="97" count="1" type="stmt"/>
      </file>
    </package>
    <package name="src.components.positions">
      <metrics statements="35" coveredstatements="30" conditionals="50" coveredconditionals="35" methods="13" coveredmethods="7"/>
      <file name="OpenPositions.jsx" path="C:\Users\Tiago\Documents\repos\Testes\autotrader\command_center\frontend\src\components\positions\OpenPositions.jsx">
        <metrics statements="10" coveredstatements="10" conditionals="20" coveredconditionals="15" methods="4" coveredmethods="3"/>
        <line num="8" count="5" type="stmt"/>
        <line num="10" count="5" type="cond" truecount="2" falsecount="0"/>
        <line num="12" count="4" type="cond" truecount="2" falsecount="0"/>
        <line num="14" count="5" type="stmt"/>
        <line num="42" count="2" type="stmt"/>
        <line num="43" count="2" type="cond" truecount="2" falsecount="0"/>
        <line num="44" count="2" type="stmt"/>
        <line num="46" count="2" type="stmt"/>
        <line num="101" count="8" type="cond" truecount="3" falsecount="1"/>
        <line num="102" count="8" type="stmt"/>
      </file>
      <file name="TradeHistory.jsx" path="C:\Users\Tiago\Documents\repos\Testes\autotrader\command_center\frontend\src\components\positions\TradeHistory.jsx">
        <metrics statements="25" coveredstatements="20" conditionals="30" coveredconditionals="20" methods="9" coveredmethods="4"/>
        <line num="8" count="2" type="stmt"/>
        <line num="11" count="4" type="stmt"/>
        <line num="12" count="4" type="stmt"/>
        <line num="14" count="4" type="cond" truecount="1" falsecount="1"/>
        <line num="16" count="4" type="cond" truecount="2" falsecount="0"/>
        <line num="17" count="4" type="stmt"/>
        <line num="18" count="4" type="stmt"/>
        <line num="20" count="4" type="stmt"/>
        <line num="49" count="16" type="cond" truecount="2" falsecount="0"/>
        <line num="50" count="16" type="stmt"/>
        <line num="51" count="16" type="stmt"/>
        <line num="53" count="16" type="stmt"/>
        <line num="103" count="0" type="stmt"/>
        <line num="110" count="0" type="stmt"/>
        <line num="126" count="16" type="cond" truecount="2" falsecount="2"/>
        <line num="127" count="16" type="cond" truecount="1" falsecount="1"/>
        <line num="128" count="0" type="stmt"/>
        <line num="129" count="0" type="stmt"/>
        <line num="130" count="0" type="stmt"/>
        <line num="134" count="16" type="cond" truecount="1" falsecount="1"/>
        <line num="135" count="16" type="stmt"/>
        <line num="136" count="16" type="cond" truecount="1" falsecount="1"/>
        <line num="137" count="16" type="cond" truecount="1" falsecount="1"/>
        <line num="138" count="16" type="cond" truecount="1" falsecount="1"/>
        <line num="139" count="16" type="stmt"/>
      </file>
    </package>
    <package name="src.hooks">
      <metrics statements="62" coveredstatements="58" conditionals="22" coveredconditionals="16" methods="15" coveredmethods="15"/>
      <file name="useApi.js" path="C:\Users\Tiago\Documents\repos\Testes\autotrader\command_center\frontend\src\hooks\useApi.js">
        <metrics statements="21" coveredstatements="19" conditionals="10" coveredconditionals="7" methods="4" coveredmethods="4"/>
        <line num="4" count="25" type="cond" truecount="2" falsecount="0"/>
        <line num="5" count="25" type="stmt"/>
        <line num="6" count="25" type="stmt"/>
        <line num="7" count="25" type="stmt"/>
        <line num="12" count="25" type="cond" truecount="1" falsecount="1"/>
        <line num="14" count="25" type="stmt"/>
        <line num="15" count="14" type="stmt"/>
        <line num="16" count="14" type="stmt"/>
        <line num="17" count="14" type="stmt"/>
        <line num="18" count="13" type="stmt"/>
        <line num="20" count="1" type="stmt"/>
        <line num="22" count="14" type="stmt"/>
        <line num="26" count="25" type="stmt"/>
        <line num="27" count="14" type="cond" truecount="1" falsecount="1"/>
        <line num="28" count="0" type="stmt"/>
        <line num="29" count="0" type="stmt"/>
        <line num="31" count="14" type="stmt"/>
        <line num="33" count="14" type="cond" truecount="1" falsecount="1"/>
        <line num="34" count="14" type="stmt"/>
        <line num="35" count="14" type="stmt"/>
        <line num="39" count="25" type="stmt"/>
      </file>
      <file name="useWebSocket.js" path="C:\Users\Tiago\Documents\repos\Testes\autotrader\command_center\frontend\src\hooks\useWebSocket.js">
        <metrics statements="41" coveredstatements="39" conditionals="12" coveredconditionals="9" methods="11" coveredmethods="11"/>
        <line num="4" count="1" type="stmt"/>
        <line num="7" count="290" type="stmt"/>
        <line num="8" count="290" type="stmt"/>
        <line num="9" count="290" type="stmt"/>
        <line num="10" count="290" type="stmt"/>
        <line num="11" count="290" type="stmt"/>
        <line num="12" count="290" type="stmt"/>
        <line num="13" count="290" type="stmt"/>
        <line num="15" count="290" type="stmt"/>
        <line num="16" count="11" type="cond" truecount="1" falsecount="1"/>
        <line num="18" count="11" type="stmt"/>
        <line num="19" count="11" type="stmt"/>
        <line num="21" count="11" type="stmt"/>
        <line num="22" count="7" type="stmt"/>
        <line num="23" count="7" type="cond" truecount="1" falsecount="1"/>
        <line num="24" count="0" type="stmt"/>
        <line num="25" count="0" type="stmt"/>
        <line num="29" count="11" type="stmt"/>
        <line num="30" count="273" type="stmt"/>
        <line num="31" count="273" type="stmt"/>
        <line num="32" count="273" type="cond" truecount="4" falsecount="0"/>
        <line num="34" count="1" type="stmt"/>
        <line num="35" count="1" type="stmt"/>
        <line num="37" count="210" type="stmt"/>
        <line num="38" count="210" type="stmt"/>
        <line num="40" count="1" type="stmt"/>
        <line num="41" count="1" type="stmt"/>
        <line num="43" count="60" type="stmt"/>
        <line num="44" count="60" type="stmt"/>
        <line num="47" count="1" type="stmt"/>
        <line num="51" count="11" type="stmt"/>
        <line num="52" count="12" type="stmt"/>
        <line num="53" count="12" type="stmt"/>
        <line num="56" count="11" type="stmt"/>
        <line num="57" count="1" type="stmt"/>
        <line num="61" count="290" type="stmt"/>
        <line num="62" count="10" type="stmt"/>
        <line num="63" count="10" type="stmt"/>
        <line num="64" count="10" type="cond" truecount="2" falsecount="0"/>
        <line num="65" count="10" type="cond" truecount="1" falsecount="1"/>
        <line num="69" count="290" type="stmt"/>
      </file>
    </package>
    <package name="src.pages">
      <metrics statements="447" coveredstatements="398" conditionals="708" coveredconditionals="505" methods="191" coveredmethods="146"/>
      <file name="AIModel.jsx" path="C:\Users\Tiago\Documents\repos\Testes\autotrader\command_center\frontend\src\pages\AIModel.jsx">
        <metrics statements="1" coveredstatements="1" conditionals="0" coveredconditionals="0" methods="1" coveredmethods="1"/>
        <line num="6" count="2" type="stmt"/>
      </file>
      <file name="Backtest.jsx" path="C:\Users\Tiago\Documents\repos\Testes\autotrader\command_center\frontend\src\pages\Backtest.jsx">
        <metrics statements="60" coveredstatements="56" conditionals="75" coveredconditionals="58" methods="24" coveredmethods="19"/>
        <line num="11" count="3" type="stmt"/>
        <line num="12" count="3" type="stmt"/>
        <line num="15" count="12" type="stmt"/>
        <line num="16" count="12" type="stmt"/>
        <line num="17" count="12" type="stmt"/>
        <line num="18" count="12" type="stmt"/>
        <line num="20" count="12" type="cond" truecount="2" falsecount="0"/>
        <line num="21" count="12" type="cond" truecount="2" falsecount="0"/>
        <line num="22" count="12" type="cond" truecount="3" falsecount="0"/>
        <line num="24" count="12" type="stmt"/>
        <line num="25" count="2" type="stmt"/>
        <line num="26" count="2" type="stmt"/>
        <line num="27" count="2" type="stmt"/>
        <line num="28" count="0" type="stmt"/>
        <line num="29" count="2" type="stmt"/>
        <line num="32" count="12" type="cond" truecount="1" falsecount="1"/>
        <line num="33" count="0" type="stmt"/>
        <line num="40" count="12" type="stmt"/>
        <line num="51" count="1" type="stmt"/>
        <line num="55" count="6" type="stmt"/>
        <line num="84" count="12" type="stmt"/>
        <line num="85" count="10" type="cond" truecount="2" falsecount="2"/>
        <line num="88" count="12" type="stmt"/>
        <line num="91" count="2" type="stmt"/>
        <line num="135" count="12" type="stmt"/>
        <line num="136" count="0" type="stmt"/>
        <line num="139" count="12" type="cond" truecount="2" falsecount="0"/>
        <line num="140" count="12" type="stmt"/>
        <line num="142" count="12" type="stmt"/>
        <line num="143" count="12" type="cond" truecount="2" falsecount="0"/>
        <line num="144" count="2" type="cond" truecount="1" falsecount="1"/>
        <line num="145" count="1" type="stmt"/>
        <line num="146" count="1" type="stmt"/>
        <line num="147" count="5" type="stmt"/>
        <line num="148" count="5" type="stmt"/>
        <line num="149" count="10" type="stmt"/>
        <line num="150" count="10" type="cond" truecount="3" falsecount="1"/>
        <line num="152" count="5" type="stmt"/>
        <line num="154" count="5" type="stmt"/>
        <line num="158" count="12" type="stmt"/>
        <line num="159" count="12" type="cond" truecount="2" falsecount="0"/>
        <line num="160" count="2" type="cond" truecount="1" falsecount="1"/>
        <line num="161" count="1" type="stmt"/>
        <line num="162" count="1" type="stmt"/>
        <line num="163" count="5" type="stmt"/>
        <line num="164" count="5" type="stmt"/>
        <line num="165" count="10" type="stmt"/>
        <line num="166" count="10" type="cond" truecount="3" falsecount="1"/>
        <line num="167" count="10" type="stmt"/>
        <line num="168" count="10" type="stmt"/>
        <line num="171" count="5" type="stmt"/>
        <line num="173" count="5" type="stmt"/>
        <line num="176" count="12" type="stmt"/>
        <line num="193" count="2" type="stmt"/>
        <line num="226" count="2" type="stmt"/>
        <line num="250" count="12" type="stmt"/>
        <line num="251" count="0" type="stmt"/>
        <line num="254" count="12" type="cond" truecount="2" falsecount="0"/>
        <line num="256" count="12" type="stmt"/>
        <line num="276" count="2" type="stmt"/>
      </file>
      <file name="ControlTower.jsx" path="C:\Users\Tiago\Documents\repos\Testes\autotrader\command_center\frontend\src\pages\ControlTower.jsx">
        <metrics statements="15" coveredstatements="15" conditionals="3" coveredconditionals="2" methods="10" coveredmethods="9"/>
        <line num="8" count="2" type="stmt"/>
        <line num="9" count="2" type="stmt"/>
        <line num="10" count="2" type="stmt"/>
        <line num="11" count="2" type="stmt"/>
        <line num="12" count="2" type="stmt"/>
        <line num="13" count="2" type="stmt"/>
        <line num="14" count="2" type="stmt"/>
        <line num="16" count="2" type="stmt"/>
        <line num="19" count="21" type="stmt"/>
        <line num="27" count="3" type="stmt"/>
        <line num="28" count="3" type="stmt"/>
        <line num="29" count="3" type="stmt"/>
        <line num="32" count="3" type="stmt"/>
        <line num="33" count="3" type="stmt"/>
        <line num="35" count="3" type="stmt"/>
      </file>
      <file name="Dashboard.jsx" path="C:\Users\Tiago\Documents\repos\Testes\autotrader\command_center\frontend\src\pages\Dashboard.jsx">
        <metrics statements="9" coveredstatements="9" conditionals="21" coveredconditionals="18" methods="3" coveredmethods="2"/>
        <line num="11" count="7" type="stmt"/>
        <line num="13" count="7" type="stmt"/>
        <line num="41" count="7" type="stmt"/>
        <line num="42" count="7" type="stmt"/>
        <line num="44" count="7" type="cond" truecount="4" falsecount="0"/>
        <line num="46" count="3" type="cond" truecount="2" falsecount="1"/>
        <line num="47" count="7" type="cond" truecount="3" falsecount="0"/>
        <line num="48" count="7" type="cond" truecount="3" falsecount="0"/>
        <line num="50" count="7" type="stmt"/>
      </file>
      <file name="Experiments.jsx" path="C:\Users\Tiago\Documents\repos\Testes\autotrader\command_center\frontend\src\pages\Experiments.jsx">
        <metrics statements="38" coveredstatements="37" conditionals="76" coveredconditionals="60" methods="20" coveredmethods="16"/>
        <line num="10" count="3" type="stmt"/>
        <line num="13" count="9" type="stmt"/>
        <line num="14" count="9" type="stmt"/>
        <line num="15" count="9" type="stmt"/>
        <line num="16" count="0" type="stmt"/>
        <line num="19" count="9" type="cond" truecount="2" falsecount="0"/>
        <line num="20" count="9" type="cond" truecount="2" falsecount="0"/>
        <line num="22" count="9" type="cond" truecount="2" falsecount="0"/>
        <line num="23" count="1" type="stmt"/>
        <line num="30" count="8" type="stmt"/>
        <line num="40" count="10" type="stmt"/>
        <line num="42" count="2" type="cond" truecount="1" falsecount="1"/>
        <line num="100" count="1" type="stmt"/>
        <line num="122" count="3" type="stmt"/>
        <line num="161" count="10" type="stmt"/>
        <line num="162" count="10" type="stmt"/>
        <line num="163" count="10" type="stmt"/>
        <line num="165" count="10" type="cond" truecount="2" falsecount="0"/>
        <line num="167" count="10" type="stmt"/>
        <line num="168" count="8" type="stmt"/>
        <line num="171" count="10" type="cond" truecount="2" falsecount="0"/>
        <line num="174" count="10" type="stmt"/>
        <line num="175" count="8" type="stmt"/>
        <line num="176" count="8" type="stmt"/>
        <line num="177" count="3" type="cond" truecount="2" falsecount="0"/>
        <line num="178" count="3" type="cond" truecount="1" falsecount="1"/>
        <line num="179" count="3" type="cond" truecount="1" falsecount="1"/>
        <line num="180" count="3" type="stmt"/>
        <line num="182" count="8" type="stmt"/>
        <line num="189" count="10" type="stmt"/>
        <line num="190" count="1" type="stmt"/>
        <line num="191" count="1" type="stmt"/>
        <line num="192" count="1" type="stmt"/>
        <line num="195" count="10" type="cond" truecount="2" falsecount="0"/>
        <line num="197" count="3" type="stmt"/>
        <line num="205" count="1" type="stmt"/>
        <line num="210" count="6" type="stmt"/>
        <line num="277" count="7" type="stmt"/>
      </file>
      <file name="Logs.jsx" path="C:\Users\Tiago\Documents\repos\Testes\autotrader\command_center\frontend\src\pages\Logs.jsx">
        <metrics statements="22" coveredstatements="20" conditionals="43" coveredconditionals="22" methods="11" coveredmethods="8"/>
        <line num="8" count="2" type="stmt"/>
        <line num="11" count="8" type="stmt"/>
        <line num="12" count="8" type="stmt"/>
        <line num="13" count="8" type="stmt"/>
        <line num="14" count="8" type="stmt"/>
        <line num="16" count="8" type="stmt"/>
        <line num="17" count="0" type="stmt"/>
        <line num="19" count="8" type="stmt"/>
        <line num="21" count="8" type="cond" truecount="1" falsecount="1"/>
        <line num="22" count="8" type="cond" truecount="1" falsecount="1"/>
        <line num="25" count="8" type="stmt"/>
        <line num="26" count="12" type="cond" truecount="4" falsecount="0"/>
        <line num="27" count="5" type="cond" truecount="4" falsecount="0"/>
        <line num="28" count="4" type="cond" truecount="2" falsecount="3"/>
        <line num="29" count="4" type="stmt"/>
        <line num="32" count="8" type="stmt"/>
        <line num="44" count="1" type="stmt"/>
        <line num="49" count="8" type="stmt"/>
        <line num="56" count="0" type="stmt"/>
        <line num="73" count="56" type="stmt"/>
        <line num="75" count="3" type="stmt"/>
        <line num="102" count="4" type="stmt"/>
      </file>
      <file name="Models.jsx" path="C:\Users\Tiago\Documents\repos\Testes\autotrader\command_center\frontend\src\pages\Models.jsx">
        <metrics statements="51" coveredstatements="42" conditionals="143" coveredconditionals="79" methods="24" coveredmethods="15"/>
        <line num="11" count="2" type="stmt"/>
        <line num="12" count="2" type="stmt"/>
        <line num="15" count="3" type="stmt"/>
        <line num="16" count="0" type="stmt"/>
        <line num="18" count="3" type="stmt"/>
        <line num="19" count="0" type="stmt"/>
        <line num="21" count="3" type="stmt"/>
        <line num="22" count="0" type="stmt"/>
        <line num="24" count="3" type="stmt"/>
        <line num="25" count="0" type="stmt"/>
        <line num="28" count="3" type="cond" truecount="2" falsecount="0"/>
        <line num="29" count="3" type="cond" truecount="2" falsecount="0"/>
        <line num="30" count="3" type="cond" truecount="2" falsecount="0"/>
        <line num="33" count="3" type="stmt"/>
        <line num="34" count="3" type="stmt"/>
        <line num="35" count="3" type="stmt"/>
        <line num="36" count="3" type="stmt"/>
        <line num="40" count="3" type="stmt"/>
        <line num="41" count="3" type="cond" truecount="2" falsecount="0"/>
        <line num="42" count="1" type="stmt"/>
        <line num="43" count="1" type="stmt"/>
        <line num="44" count="1" type="cond" truecount="1" falsecount="1"/>
        <line num="45" count="1" type="cond" truecount="1" falsecount="1"/>
        <line num="46" count="1" type="stmt"/>
        <line num="48" count="1" type="stmt"/>
        <line num="51" count="3" type="stmt"/>
        <line num="52" count="3" type="cond" truecount="2" falsecount="0"/>
        <line num="56" count="3" type="stmt"/>
        <line num="57" count="3" type="cond" truecount="2" falsecount="0"/>
        <line num="58" count="2" type="cond" truecount="1" falsecount="1"/>
        <line num="59" count="2" type="stmt"/>
        <line num="68" count="3" type="stmt"/>
        <line num="70" count="3" type="cond" truecount="2" falsecount="0"/>
        <line num="71" count="1" type="stmt"/>
        <line num="78" count="2" type="stmt"/>
        <line num="88" count="2" type="cond" truecount="1" falsecount="1"/>
        <line num="89" count="2" type="stmt"/>
        <line num="90" count="2" type="stmt"/>
        <line num="188" count="1" type="stmt"/>
        <line num="236" count="1" type="stmt"/>
        <line num="286" count="1" type="stmt"/>
        <line num="305" count="2" type="stmt"/>
        <line num="306" count="0" type="stmt"/>
        <line num="308" count="2" type="stmt"/>
        <line num="309" count="0" type="stmt"/>
        <line num="312" count="2" type="cond" truecount="2" falsecount="0"/>
        <line num="313" count="2" type="cond" truecount="2" falsecount="0"/>
        <line num="315" count="2" type="cond" truecount="3" falsecount="1"/>
        <line num="317" count="0" type="stmt"/>
        <line num="337" count="0" type="stmt"/>
        <line num="371" count="0" type="stmt"/>
      </file>
      <file name="News.jsx" path="C:\Users\Tiago\Documents\repos\Testes\autotrader\command_center\frontend\src\pages\News.jsx">
        <metrics statements="51" coveredstatements="49" conditionals="82" coveredconditionals="64" methods="14" coveredmethods="12"/>
        <line num="7" count="11" type="stmt"/>
        <line num="8" count="0" type="stmt"/>
        <line num="10" count="11" type="stmt"/>
        <line num="11" count="0" type="stmt"/>
        <line num="13" count="11" type="stmt"/>
        <line num="15" count="11" type="stmt"/>
        <line num="16" count="2" type="stmt"/>
        <line num="17" count="2" type="stmt"/>
        <line num="18" count="2" type="stmt"/>
        <line num="20" count="1" type="stmt"/>
        <line num="21" count="2" type="stmt"/>
        <line num="22" count="1" type="stmt"/>
        <line num="23" count="1" type="cond" truecount="1" falsecount="1"/>
        <line num="26" count="1" type="stmt"/>
        <line num="27" count="1" type="stmt"/>
        <line num="29" count="1" type="stmt"/>
        <line num="31" count="1" type="stmt"/>
        <line num="35" count="11" type="cond" truecount="2" falsecount="0"/>
        <line num="36" count="11" type="cond" truecount="2" falsecount="0"/>
        <line num="38" count="11" type="stmt"/>
        <line num="39" count="8" type="stmt"/>
        <line num="40" count="8" type="stmt"/>
        <line num="41" count="1" type="cond" truecount="1" falsecount="1"/>
        <line num="42" count="1" type="stmt"/>
        <line num="45" count="8" type="stmt"/>
        <line num="48" count="11" type="stmt"/>
        <line num="49" count="8" type="stmt"/>
        <line num="50" count="8" type="stmt"/>
        <line num="51" count="2" type="cond" truecount="1" falsecount="1"/>
        <line num="53" count="2" type="cond" truecount="1" falsecount="1"/>
        <line num="54" count="2" type="stmt"/>
        <line num="57" count="2" type="cond" truecount="1" falsecount="1"/>
        <line num="58" count="2" type="stmt"/>
        <line num="60" count="2" type="stmt"/>
        <line num="61" count="2" type="cond" truecount="2" falsecount="0"/>
        <line num="62" count="1" type="cond" truecount="1" falsecount="1"/>
        <line num="66" count="8" type="stmt"/>
        <line num="67" count="2" type="stmt"/>
        <line num="73" count="1" type="stmt"/>
        <line num="76" count="11" type="cond" truecount="2" falsecount="0"/>
        <line num="77" count="1" type="stmt"/>
        <line num="84" count="10" type="cond" truecount="2" falsecount="0"/>
        <line num="85" count="1" type="stmt"/>
        <line num="95" count="9" type="stmt"/>
        <line num="131" count="2" type="stmt"/>
        <line num="132" count="2" type="cond" truecount="1" falsecount="1"/>
        <line num="133" count="2" type="stmt"/>
        <line num="135" count="2" type="stmt"/>
        <line num="221" count="2" type="stmt"/>
        <line num="222" count="4" type="stmt"/>
        <line num="226" count="2" type="stmt"/>
      </file>
      <file name="NewsAnalytics.jsx" path="C:\Users\Tiago\Documents\repos\Testes\autotrader\command_center\frontend\src\pages\NewsAnalytics.jsx">
        <metrics statements="52" coveredstatements="39" conditionals="50" coveredconditionals="40" methods="20" coveredmethods="16"/>
        <line num="10" count="2" type="stmt"/>
        <line num="13" count="5" type="stmt"/>
        <line num="14" count="0" type="stmt"/>
        <line num="16" count="5" type="stmt"/>
        <line num="17" count="0" type="stmt"/>
        <line num="20" count="5" type="stmt"/>
        <line num="21" count="5" type="stmt"/>
        <line num="22" count="5" type="stmt"/>
        <line num="24" count="5" type="stmt"/>
        <line num="25" count="0" type="stmt"/>
        <line num="26" count="0" type="stmt"/>
        <line num="27" count="0" type="stmt"/>
        <line num="29" count="0" type="stmt"/>
        <line num="30" count="0" type="stmt"/>
        <line num="31" count="0" type="stmt"/>
        <line num="32" count="0" type="cond" truecount="0" falsecount="2"/>
        <line num="35" count="0" type="stmt"/>
        <line num="36" count="0" type="stmt"/>
        <line num="38" count="0" type="stmt"/>
        <line num="40" count="0" type="stmt"/>
        <line num="44" count="5" type="cond" truecount="2" falsecount="0"/>
        <line num="45" count="5" type="cond" truecount="2" falsecount="0"/>
        <line num="46" count="5" type="cond" truecount="2" falsecount="0"/>
        <line num="47" count="5" type="cond" truecount="2" falsecount="0"/>
        <line num="48" count="5" type="cond" truecount="2" falsecount="0"/>
        <line num="51" count="5" type="stmt"/>
        <line num="52" count="5" type="stmt"/>
        <line num="53" count="5" type="cond" truecount="2" falsecount="0"/>
        <line num="54" count="6" type="stmt"/>
        <line num="56" count="5" type="cond" truecount="2" falsecount="0"/>
        <line num="57" count="2" type="stmt"/>
        <line num="59" count="5" type="stmt"/>
        <line num="63" count="5" type="stmt"/>
        <line num="64" count="3" type="stmt"/>
        <line num="70" count="1" type="stmt"/>
        <line num="74" count="5" type="stmt"/>
        <line num="75" count="3" type="stmt"/>
        <line num="83" count="5" type="stmt"/>
        <line num="84" count="5" type="stmt"/>
        <line num="87" count="5" type="cond" truecount="2" falsecount="0"/>
        <line num="88" count="1" type="stmt"/>
        <line num="95" count="4" type="stmt"/>
        <line num="118" count="1" type="stmt"/>
        <line num="123" count="8" type="stmt"/>
        <line num="128" count="1" type="stmt"/>
        <line num="165" count="12" type="cond" truecount="2" falsecount="0"/>
        <line num="166" count="12" type="stmt"/>
        <line num="167" count="12" type="stmt"/>
        <line num="168" count="12" type="stmt"/>
        <line num="169" count="12" type="stmt"/>
        <line num="171" count="12" type="stmt"/>
        <line num="236" count="8" type="stmt"/>
      </file>
      <file name="Overview.jsx" path="C:\Users\Tiago\Documents\repos\Testes\autotrader\command_center\frontend\src\pages\Overview.jsx">
        <metrics statements="35" coveredstatements="31" conditionals="50" coveredconditionals="49" methods="18" coveredmethods="14"/>
        <line num="12" count="3" type="stmt"/>
        <line num="15" count="5" type="stmt"/>
        <line num="16" count="0" type="stmt"/>
        <line num="18" count="5" type="stmt"/>
        <line num="19" count="0" type="stmt"/>
        <line num="21" count="5" type="stmt"/>
        <line num="22" count="0" type="stmt"/>
        <line num="24" count="5" type="stmt"/>
        <line num="25" count="0" type="stmt"/>
        <line num="28" count="5" type="cond" truecount="2" falsecount="0"/>
        <line num="29" count="5" type="cond" truecount="2" falsecount="0"/>
        <line num="31" count="5" type="stmt"/>
        <line num="32" count="5" type="cond" truecount="2" falsecount="0"/>
        <line num="34" count="2" type="stmt"/>
        <line num="35" count="2" type="stmt"/>
        <line num="36" count="5" type="cond" truecount="1" falsecount="1"/>
        <line num="37" count="5" type="cond" truecount="2" falsecount="0"/>
        <line num="38" count="5" type="stmt"/>
        <line num="39" count="5" type="stmt"/>
        <line num="41" count="2" type="stmt"/>
        <line num="44" count="5" type="stmt"/>
        <line num="45" count="5" type="cond" truecount="2" falsecount="0"/>
        <line num="48" count="5" type="stmt"/>
        <line num="50" count="5" type="cond" truecount="2" falsecount="0"/>
        <line num="51" count="1" type="stmt"/>
        <line num="58" count="4" type="stmt"/>
        <line num="121" count="3" type="stmt"/>
        <line num="149" count="3" type="stmt"/>
        <line num="191" count="5" type="stmt"/>
        <line num="222" count="5" type="stmt"/>
        <line num="223" count="1" type="stmt"/>
        <line num="225" count="2" type="stmt"/>
        <line num="237" count="3" type="cond" truecount="2" falsecount="0"/>
        <line num="249" count="16" type="stmt"/>
        <line num="256" count="16" type="stmt"/>
      </file>
      <file name="Positions.jsx" path="C:\Users\Tiago\Documents\repos\Testes\autotrader\command_center\frontend\src\pages\Positions.jsx">
        <metrics statements="1" coveredstatements="1" conditionals="0" coveredconditionals="0" methods="1" coveredmethods="1"/>
        <line num="5" count="2" type="stmt"/>
      </file>
      <file name="Symbols.jsx" path="C:\Users\Tiago\Documents\repos\Testes\autotrader\command_center\frontend\src\pages\Symbols.jsx">
        <metrics statements="112" coveredstatements="98" conditionals="165" coveredconditionals="113" methods="45" coveredmethods="33"/>
        <line num="11" count="3" type="stmt"/>
        <line num="14" count="1" type="cond" truecount="1" falsecount="1"/>
        <line num="15" count="1" type="cond" truecount="1" falsecount="1"/>
        <line num="16" count="1" type="cond" truecount="1" falsecount="1"/>
        <line num="17" count="1" type="cond" truecount="1" falsecount="1"/>
        <line num="18" count="0" type="stmt"/>
        <line num="22" count="2" type="cond" truecount="1" falsecount="1"/>
        <line num="23" count="2" type="cond" truecount="1" falsecount="1"/>
        <line num="24" count="2" type="cond" truecount="1" falsecount="1"/>
        <line num="25" count="2" type="cond" truecount="1" falsecount="1"/>
        <line num="26" count="0" type="stmt"/>
        <line num="30" count="8" type="stmt"/>
        <line num="31" count="8" type="stmt"/>
        <line num="33" count="8" type="cond" truecount="1" falsecount="1"/>
        <line num="34" count="8" type="cond" truecount="3" falsecount="0"/>
        <line num="36" count="8" type="stmt"/>
        <line num="48" count="2" type="stmt"/>
        <line num="52" count="13" type="stmt"/>
        <line num="67" count="7" type="stmt"/>
        <line num="68" count="0" type="stmt"/>
        <line num="70" count="7" type="stmt"/>
        <line num="71" count="0" type="stmt"/>
        <line num="73" count="7" type="stmt"/>
        <line num="74" count="0" type="stmt"/>
        <line num="76" count="7" type="stmt"/>
        <line num="77" count="0" type="stmt"/>
        <line num="79" count="7" type="stmt"/>
        <line num="80" count="0" type="stmt"/>
        <line num="82" count="7" type="stmt"/>
        <line num="83" count="0" type="stmt"/>
        <line num="87" count="7" type="stmt"/>
        <line num="88" count="5" type="cond" truecount="2" falsecount="0"/>
        <line num="89" count="1" type="stmt"/>
        <line num="90" count="1" type="cond" truecount="1" falsecount="1"/>
        <line num="93" count="5" type="stmt"/>
        <line num="103" count="5" type="stmt"/>
        <line num="104" count="5" type="stmt"/>
        <line num="105" count="2" type="cond" truecount="2" falsecount="2"/>
        <line num="106" count="2" type="stmt"/>
        <line num="111" count="5" type="stmt"/>
        <line num="112" count="5" type="stmt"/>
        <line num="113" count="2" type="cond" truecount="1" falsecount="1"/>
        <line num="114" count="2" type="cond" truecount="1" falsecount="1"/>
        <line num="115" count="2" type="cond" truecount="1" falsecount="1"/>
        <line num="118" count="5" type="stmt"/>
        <line num="119" count="4" type="stmt"/>
        <line num="120" count="4" type="stmt"/>
        <line num="122" count="5" type="cond" truecount="1" falsecount="1"/>
        <line num="124" count="1" type="stmt"/>
        <line num="125" count="1" type="stmt"/>
        <line num="126" count="1" type="stmt"/>
        <line num="127" count="1" type="stmt"/>
        <line num="128" count="1" type="stmt"/>
        <line num="129" count="1" type="stmt"/>
        <line num="130" count="1" type="stmt"/>
        <line num="132" count="1" type="stmt"/>
        <line num="133" count="4" type="stmt"/>
        <line num="134" count="30" type="cond" truecount="3" falsecount="0"/>
        <line num="136" count="6" type="stmt"/>
        <line num="137" count="6" type="cond" truecount="4" falsecount="1"/>
        <line num="138" count="0" type="stmt"/>
        <line num="143" count="1" type="stmt"/>
        <line num="146" count="7" type="stmt"/>
        <line num="147" count="7" type="stmt"/>
        <line num="148" count="5" type="cond" truecount="2" falsecount="0"/>
        <line num="151" count="7" type="stmt"/>
        <line num="152" count="5" type="cond" truecount="2" falsecount="0"/>
        <line num="154" count="4" type="stmt"/>
        <line num="155" count="4" type="stmt"/>
        <line num="156" count="4" type="stmt"/>
        <line num="157" count="8" type="stmt"/>
        <line num="159" count="1" type="cond" truecount="1" falsecount="1"/>
        <line num="161" count="1" type="stmt"/>
        <line num="162" count="1" type="stmt"/>
        <line num="163" count="1" type="cond" truecount="1" falsecount="1"/>
        <line num="164" count="5" type="stmt"/>
        <line num="165" count="5" type="stmt"/>
        <line num="166" count="5" type="stmt"/>
        <line num="167" count="5" type="stmt"/>
        <line num="168" count="5" type="stmt"/>
        <line num="170" count="5" type="stmt"/>
        <line num="171" count="4" type="stmt"/>
        <line num="172" count="30" type="cond" truecount="2" falsecount="0"/>
        <line num="173" count="2" type="stmt"/>
        <line num="175" count="2" type="cond" truecount="2" falsecount="0"/>
        <line num="177" count="8" type="cond" truecount="2" falsecount="0"/>
        <line num="178" count="5" type="stmt"/>
        <line num="179" count="5" type="stmt"/>
        <line num="180" count="5" type="stmt"/>
        <line num="182" count="5" type="stmt"/>
        <line num="185" count="7" type="stmt"/>
        <line num="186" count="5" type="cond" truecount="2" falsecount="0"/>
        <line num="187" count="1" type="stmt"/>
        <line num="190" count="7" type="cond" truecount="2" falsecount="0"/>
        <line num="192" count="7" type="cond" truecount="2" falsecount="0"/>
        <line num="193" count="7" type="cond" truecount="2" falsecount="0"/>
        <line num="194" count="7" type="cond" truecount="2" falsecount="0"/>
        <line num="196" count="7" type="stmt"/>
        <line num="251" count="42" type="stmt"/>
        <line num="279" count="3" type="stmt"/>
        <line num="319" count="0" type="stmt"/>
        <line num="325" count="0" type="stmt"/>
        <line num="340" count="2" type="stmt"/>
        <line num="380" count="1" type="stmt"/>
        <line num="422" count="7" type="stmt"/>
        <line num="423" count="0" type="stmt"/>
        <line num="425" count="7" type="stmt"/>
        <line num="426" count="0" type="stmt"/>
        <line num="429" count="7" type="stmt"/>
        <line num="430" count="7" type="cond" truecount="2" falsecount="0"/>
        <line num="432" count="7" type="stmt"/>
        <line num="477" count="0" type="stmt"/>
      </file>
    </package>
    <package name="src.services">
      <metrics statements="88" coveredstatements="88" conditionals="94" coveredconditionals="92" methods="50" coveredmethods="50"/>
      <file name="api.js" path="C:\Users\Tiago\Documents\repos\Testes\autotrader\command_center\frontend\src\services\api.js">
        <metrics statements="88" coveredstatements="88" conditionals="94" coveredconditionals="92" methods="50" coveredmethods="50"/>
        <line num="1" count="4" type="stmt"/>
        <line num="4" count="71" type="stmt"/>
        <line num="8" count="70" type="cond" truecount="2" falsecount="0"/>
        <line num="9" count="2" type="stmt"/>
        <line num="11" count="68" type="stmt"/>
        <line num="14" count="4" type="stmt"/>
        <line num="16" count="3" type="stmt"/>
        <line num="17" count="1" type="stmt"/>
        <line num="18" count="1" type="cond" truecount="1" falsecount="0"/>
        <line num="19" count="1" type="stmt"/>
        <line num="20" count="1" type="stmt"/>
        <line num="21" count="2" type="cond" truecount="1" falsecount="0"/>
        <line num="22" count="1" type="stmt"/>
        <line num="23" count="1" type="stmt"/>
        <line num="24" count="1" type="stmt"/>
        <line num="25" count="2" type="cond" truecount="2" falsecount="0"/>
        <line num="26" count="1" type="stmt"/>
        <line num="29" count="1" type="stmt"/>
        <line num="31" count="2" type="cond" truecount="2" falsecount="0"/>
        <line num="33" count="1" type="stmt"/>
        <line num="34" count="1" type="cond" truecount="1" falsecount="1"/>
        <line num="35" count="1" type="cond" truecount="1" falsecount="1"/>
        <line num="36" count="1" type="stmt"/>
        <line num="37" count="1" type="stmt"/>
        <line num="40" count="1" type="stmt"/>
        <line num="42" count="1" type="stmt"/>
        <line num="43" count="1" type="stmt"/>
        <line num="45" count="2" type="stmt"/>
        <line num="46" count="2" type="cond" truecount="2" falsecount="0"/>
        <line num="47" count="2" type="cond" truecount="2" falsecount="0"/>
        <line num="48" count="2" type="stmt"/>
        <line num="50" count="1" type="stmt"/>
        <line num="52" count="2" type="cond" truecount="2" falsecount="0"/>
        <line num="54" count="2" type="stmt"/>
        <line num="55" count="2" type="cond" truecount="2" falsecount="0"/>
        <line num="56" count="2" type="cond" truecount="2" falsecount="0"/>
        <line num="57" count="2" type="stmt"/>
        <line num="60" count="3" type="stmt"/>
        <line num="61" count="3" type="cond" truecount="2" falsecount="0"/>
        <line num="62" count="3" type="cond" truecount="2" falsecount="0"/>
        <line num="63" count="3" type="stmt"/>
        <line num="65" count="1" type="stmt"/>
        <line num="67" count="1" type="stmt"/>
        <line num="68" count="1" type="stmt"/>
        <line num="69" count="1" type="cond" truecount="1" falsecount="0"/>
        <line num="72" count="1" type="cond" truecount="1" falsecount="0"/>
        <line num="73" count="1" type="cond" truecount="1" falsecount="0"/>
        <line num="74" count="1" type="cond" truecount="1" falsecount="0"/>
        <line num="76" count="1" type="stmt"/>
        <line num="77" count="1" type="stmt"/>
        <line num="78" count="1" type="cond" truecount="1" falsecount="0"/>
        <line num="79" count="1" type="stmt"/>
        <line num="80" count="1" type="stmt"/>
        <line num="84" count="2" type="stmt"/>
        <line num="85" count="2" type="cond" truecount="2" falsecount="0"/>
        <line num="86" count="2" type="cond" truecount="2" falsecount="0"/>
        <line num="87" count="2" type="stmt"/>
        <line num="88" count="2" type="stmt"/>
        <line num="90" count="1" type="stmt"/>
        <line num="92" count="2" type="cond" truecount="2" falsecount="0"/>
        <line num="94" count="2" type="stmt"/>
        <line num="95" count="2" type="cond" truecount="2" falsecount="0"/>
        <line num="96" count="2" type="stmt"/>
        <line num="101" count="2" type="stmt"/>
        <line num="102" count="2" type="cond" truecount="2" falsecount="0"/>
        <line num="103" count="2" type="cond" truecount="2" falsecount="0"/>
        <line num="104" count="2" type="cond" truecount="2" falsecount="0"/>
        <line num="105" count="2" type="stmt"/>
        <line num="108" count="2" type="cond" truecount="2" falsecount="0"/>
        <line num="109" count="1" type="stmt"/>
        <line num="111" count="2" type="stmt"/>
        <line num="112" count="2" type="cond" truecount="2" falsecount="0"/>
        <line num="113" count="2" type="cond" truecount="2" falsecount="0"/>
        <line num="114" count="2" type="stmt"/>
        <line num="119" count="2" type="cond" truecount="2" falsecount="0"/>
        <line num="121" count="1" type="stmt"/>
        <line num="123" count="2" type="stmt"/>
        <line num="124" count="2" type="cond" truecount="2" falsecount="0"/>
        <line num="125" count="2" type="cond" truecount="2" falsecount="0"/>
        <line num="126" count="2" type="cond" truecount="2" falsecount="0"/>
        <line num="127" count="2" type="stmt"/>
        <line num="132" count="1" type="stmt"/>
        <line num="133" count="1" type="stmt"/>
        <line num="136" count="4" type="stmt"/>
        <line num="140" count="2" type="stmt"/>
        <line num="141" count="2" type="cond" truecount="2" falsecount="0"/>
        <line num="142" count="2" type="stmt"/>
        <line num="146" count="4" type="stmt"/>
      </file>
    </package>
    <package name="src.tests.mocks">
      <metrics statements="7" coveredstatements="4" conditionals="0" coveredconditionals="0" methods="5" coveredmethods="2"/>
      <file name="handlers.js" path="C:\Users\Tiago\Documents\repos\Testes\autotrader\command_center\frontend\src\tests\mocks\handlers.js">
        <metrics statements="6" coveredstatements="3" conditionals="0" coveredconditionals="0" methods="5" coveredmethods="2"/>
        <line num="5" count="4" type="stmt"/>
        <line num="7" count="1" type="stmt"/>
        <line num="9" count="1" type="stmt"/>
        <line num="21" count="0" type="stmt"/>
        <line num="30" count="0" type="stmt"/>
        <line num="36" count="0" type="stmt"/>
      </file>
      <file name="server.js" path="C:\Users\Tiago\Documents\repos\Testes\autotrader\command_center\frontend\src\tests\mocks\server.js">
        <metrics statements="1" coveredstatements="1" conditionals="0" coveredconditionals="0" methods="0" coveredmethods="0"/>
        <line num="4" count="1" type="stmt"/>
      </file>
    </package>
    <package name="src.theme">
      <metrics statements="21" coveredstatements="20" conditionals="8" coveredconditionals="6" methods="6" coveredmethods="6"/>
      <file name="ThemeProvider.jsx" path="C:\Users\Tiago\Documents\repos\Testes\autotrader\command_center\frontend\src\theme\ThemeProvider.jsx">
        <metrics statements="21" coveredstatements="20" conditionals="8" coveredconditionals="6" methods="6" coveredmethods="6"/>
        <line num="3" count="6" type="stmt"/>
        <line num="87" count="6" type="stmt"/>
        <line num="90" count="60" type="stmt"/>
        <line num="91" count="60" type="cond" truecount="1" falsecount="1"/>
        <line num="92" count="60" type="stmt"/>
        <line num="98" count="24" type="stmt"/>
        <line num="99" count="20" type="stmt"/>
        <line num="100" count="20" type="cond" truecount="2" falsecount="0"/>
        <line num="102" count="0" type="stmt"/>
        <line num="106" count="24" type="stmt"/>
        <line num="107" count="5" type="cond" truecount="2" falsecount="0"/>
        <line num="108" count="4" type="stmt"/>
        <line num="109" count="4" type="stmt"/>
        <line num="114" count="24" type="stmt"/>
        <line num="115" count="24" type="cond" truecount="1" falsecount="1"/>
        <line num="116" count="24" type="stmt"/>
        <line num="117" count="24" type="stmt"/>
        <line num="118" count="528" type="stmt"/>
        <line num="120" count="24" type="stmt"/>
        <line num="123" count="24" type="stmt"/>
        <line num="130" count="24" type="stmt"/>
      </file>
    </package>
  </project>
</coverage>
