{"C:\\Users\\Tiago\\Documents\\repos\\Testes\\autotrader\\command_center\\frontend\\src\\App.jsx": {"path":"C:\\Users\\Tiago\\Documents\\repos\\Testes\\autotrader\\command_center\\frontend\\src\\App.jsx","statementMap":{"0":{"start":{"line":17,"column":2},"end":{"line":34,"column":null}}},"fnMap":{"0":{"name":"App","decl":{"start":{"line":16,"column":24},"end":{"line":16,"column":30}},"loc":{"start":{"line":16,"column":30},"end":{"line":36,"column":null}},"line":16}},"branchMap":{},"s":{"0":1},"f":{"0":1},"b":{},"meta":{"lastBranch":0,"lastFunction":1,"lastStatement":1,"seen":{"f:16:24:16:30":0,"s:17:2:34:Infinity":0}}}
,"C:\\Users\\Tiago\\Documents\\repos\\Testes\\autotrader\\command_center\\frontend\\src\\components\\Layout.jsx": {"path":"C:\\Users\\Tiago\\Documents\\repos\\Testes\\autotrader\\command_center\\frontend\\src\\components\\Layout.jsx","statementMap":{"0":{"start":{"line":6,"column":26},"end":{"line":6,"column":null}},"1":{"start":{"line":7,"column":19},"end":{"line":7,"column":null}},"2":{"start":{"line":9,"column":2},"end":{"line":45,"column":null}},"3":{"start":{"line":30,"column":16},"end":{"line":36,"column":null}},"4":{"start":{"line":32,"column":33},"end":{"line":32,"column":null}}},"fnMap":{"0":{"name":"Layout","decl":{"start":{"line":5,"column":24},"end":{"line":5,"column":33}},"loc":{"start":{"line":5,"column":33},"end":{"line":47,"column":null}},"line":5},"1":{"name":"(anonymous_1)","decl":{"start":{"line":29,"column":42},"end":{"line":29,"column":43}},"loc":{"start":{"line":30,"column":16},"end":{"line":36,"column":null}},"line":30},"2":{"name":"(anonymous_2)","decl":{"start":{"line":32,"column":27},"end":{"line":32,"column":33}},"loc":{"start":{"line":32,"column":33},"end":{"line":32,"column":null}},"line":32}},"branchMap":{"0":{"loc":{"start":{"line":19,"column":13},"end":{"line":23,"column":null}},"type":"binary-expr","locations":[{"start":{"line":19,"column":13},"end":{"line":19,"column":null}},{"start":{"line":20,"column":14},"end":{"line":23,"column":null}}],"line":19},"1":{"loc":{"start":{"line":33,"column":42},"end":{"line":33,"column":71}},"type":"cond-expr","locations":[{"start":{"line":33,"column":58},"end":{"line":33,"column":69}},{"start":{"line":33,"column":69},"end":{"line":33,"column":71}}],"line":33}},"s":{"0":1,"1":1,"2":1,"3":3,"4":0},"f":{"0":1,"1":3,"2":0},"b":{"0":[1,0],"1":[1,2]},"meta":{"lastBranch":2,"lastFunction":3,"lastStatement":5,"seen":{"f:5:24:5:33":0,"s:6:26:6:Infinity":0,"s:7:19:7:Infinity":1,"s:9:2:45:Infinity":2,"b:19:13:19:Infinity:20:14:23:Infinity":0,"f:29:42:29:43":1,"s:30:16:36:Infinity":3,"f:32:27:32:33":2,"s:32:33:32:Infinity":4,"b:33:58:33:69:33:69:33:71":1}}}
,"C:\\Users\\Tiago\\Documents\\repos\\Testes\\autotrader\\command_center\\frontend\\src\\components\\Sidebar.jsx": {"path":"C:\\Users\\Tiago\\Documents\\repos\\Testes\\autotrader\\command_center\\frontend\\src\\components\\Sidebar.jsx","statementMap":{"0":{"start":{"line":20,"column":28},"end":{"line":20,"column":null}},"1":{"start":{"line":22,"column":17},"end":{"line":35,"column":null}},"2":{"start":{"line":38,"column":26},"end":{"line":38,"column":null}},"3":{"start":{"line":38,"column":43},"end":{"line":38,"column":63}},"4":{"start":{"line":39,"column":20},"end":{"line":39,"column":null}},"5":{"start":{"line":41,"column":2},"end":{"line":107,"column":null}},"6":{"start":{"line":57,"column":10},"end":{"line":72,"column":null}},"7":{"start":{"line":60,"column":38},"end":{"line":63,"column":null}},"8":{"start":{"line":65,"column":14},"end":{"line":67,"column":null}},"9":{"start":{"line":112,"column":2},"end":{"line":112,"column":null}},"10":{"start":{"line":112,"column":33},"end":{"line":112,"column":null}},"11":{"start":{"line":113,"column":12},"end":{"line":113,"column":null}},"12":{"start":{"line":114,"column":12},"end":{"line":114,"column":null}},"13":{"start":{"line":115,"column":2},"end":{"line":115,"column":null}},"14":{"start":{"line":115,"column":13},"end":{"line":115,"column":null}},"15":{"start":{"line":116,"column":2},"end":{"line":116,"column":null}}},"fnMap":{"0":{"name":"Sidebar","decl":{"start":{"line":37,"column":24},"end":{"line":37,"column":34}},"loc":{"start":{"line":37,"column":34},"end":{"line":109,"column":null}},"line":37},"1":{"name":"(anonymous_1)","decl":{"start":{"line":38,"column":37},"end":{"line":38,"column":43}},"loc":{"start":{"line":38,"column":43},"end":{"line":38,"column":63}},"line":38},"2":{"name":"(anonymous_2)","decl":{"start":{"line":56,"column":22},"end":{"line":56,"column":23}},"loc":{"start":{"line":57,"column":10},"end":{"line":72,"column":null}},"line":57},"3":{"name":"(anonymous_3)","decl":{"start":{"line":60,"column":19},"end":{"line":60,"column":20}},"loc":{"start":{"line":60,"column":38},"end":{"line":63,"column":null}},"line":60},"4":{"name":"(anonymous_4)","decl":{"start":{"line":64,"column":23},"end":{"line":64,"column":24}},"loc":{"start":{"line":65,"column":14},"end":{"line":67,"column":null}},"line":65},"5":{"name":"formatUptime","decl":{"start":{"line":111,"column":9},"end":{"line":111,"column":22}},"loc":{"start":{"line":111,"column":31},"end":{"line":117,"column":null}},"line":111}},"branchMap":{"0":{"loc":{"start":{"line":61,"column":26},"end":{"line":61,"column":null}},"type":"cond-expr","locations":[{"start":{"line":61,"column":37},"end":{"line":61,"column":69}},{"start":{"line":61,"column":69},"end":{"line":61,"column":null}}],"line":61},"1":{"loc":{"start":{"line":62,"column":21},"end":{"line":62,"column":null}},"type":"cond-expr","locations":[{"start":{"line":62,"column":32},"end":{"line":62,"column":54}},{"start":{"line":62,"column":54},"end":{"line":62,"column":null}}],"line":62},"2":{"loc":{"start":{"line":66,"column":16},"end":{"line":66,"column":null}},"type":"cond-expr","locations":[{"start":{"line":66,"column":27},"end":{"line":66,"column":32}},{"start":{"line":66,"column":32},"end":{"line":66,"column":null}}],"line":66},"3":{"loc":{"start":{"line":82,"column":16},"end":{"line":82,"column":null}},"type":"cond-expr","locations":[{"start":{"line":82,"column":28},"end":{"line":82,"column":63}},{"start":{"line":82,"column":63},"end":{"line":82,"column":null}}],"line":82},"4":{"loc":{"start":{"line":86,"column":15},"end":{"line":86,"column":null}},"type":"cond-expr","locations":[{"start":{"line":86,"column":27},"end":{"line":86,"column":43}},{"start":{"line":86,"column":43},"end":{"line":86,"column":null}}],"line":86},"5":{"loc":{"start":{"line":89,"column":11},"end":{"line":103,"column":null}},"type":"binary-expr","locations":[{"start":{"line":89,"column":11},"end":{"line":89,"column":null}},{"start":{"line":90,"column":12},"end":{"line":103,"column":null}}],"line":89},"6":{"loc":{"start":{"line":93,"column":49},"end":{"line":93,"column":81}},"type":"binary-expr","locations":[{"start":{"line":93,"column":49},"end":{"line":93,"column":77}},{"start":{"line":93,"column":77},"end":{"line":93,"column":81}}],"line":93},"7":{"loc":{"start":{"line":97,"column":49},"end":{"line":97,"column":80}},"type":"binary-expr","locations":[{"start":{"line":97,"column":49},"end":{"line":97,"column":76}},{"start":{"line":97,"column":76},"end":{"line":97,"column":80}}],"line":97},"8":{"loc":{"start":{"line":112,"column":2},"end":{"line":112,"column":null}},"type":"if","locations":[{"start":{"line":112,"column":2},"end":{"line":112,"column":null}},{"start":{},"end":{}}],"line":112},"9":{"loc":{"start":{"line":112,"column":6},"end":{"line":112,"column":33}},"type":"binary-expr","locations":[{"start":{"line":112,"column":6},"end":{"line":112,"column":18}},{"start":{"line":112,"column":18},"end":{"line":112,"column":33}}],"line":112},"10":{"loc":{"start":{"line":115,"column":2},"end":{"line":115,"column":null}},"type":"if","locations":[{"start":{"line":115,"column":2},"end":{"line":115,"column":null}},{"start":{},"end":{}}],"line":115}},"s":{"0":2,"1":2,"2":6,"3":1,"4":6,"5":6,"6":72,"7":72,"8":72,"9":4,"10":1,"11":3,"12":3,"13":3,"14":1,"15":2},"f":{"0":6,"1":1,"2":72,"3":72,"4":72,"5":4},"b":{"0":[1,71],"1":[1,71],"2":[1,71],"3":[3,3],"4":[3,3],"5":[6,4],"6":[4,3],"7":[4,3],"8":[1,3],"9":[4,2],"10":[1,2]},"meta":{"lastBranch":11,"lastFunction":6,"lastStatement":16,"seen":{"s:20:28:20:Infinity":0,"s:22:17:35:Infinity":1,"f:37:24:37:34":0,"s:38:26:38:Infinity":2,"f:38:37:38:43":1,"s:38:43:38:63":3,"s:39:20:39:Infinity":4,"s:41:2:107:Infinity":5,"f:56:22:56:23":2,"s:57:10:72:Infinity":6,"f:60:19:60:20":3,"s:60:38:63:Infinity":7,"b:61:37:61:69:61:69:61:Infinity":0,"b:62:32:62:54:62:54:62:Infinity":1,"f:64:23:64:24":4,"s:65:14:67:Infinity":8,"b:66:27:66:32:66:32:66:Infinity":2,"b:82:28:82:63:82:63:82:Infinity":3,"b:86:27:86:43:86:43:86:Infinity":4,"b:89:11:89:Infinity:90:12:103:Infinity":5,"b:93:49:93:77:93:77:93:81":6,"b:97:49:97:76:97:76:97:80":7,"f:111:9:111:22":5,"b:112:2:112:Infinity:undefined:undefined:undefined:undefined":8,"s:112:2:112:Infinity":9,"b:112:6:112:18:112:18:112:33":9,"s:112:33:112:Infinity":10,"s:113:12:113:Infinity":11,"s:114:12:114:Infinity":12,"b:115:2:115:Infinity:undefined:undefined:undefined:undefined":10,"s:115:2:115:Infinity":13,"s:115:13:115:Infinity":14,"s:116:2:116:Infinity":15}}}
,"C:\\Users\\Tiago\\Documents\\repos\\Testes\\autotrader\\command_center\\frontend\\src\\components\\ai\\FeatureImportance.jsx": {"path":"C:\\Users\\Tiago\\Documents\\repos\\Testes\\autotrader\\command_center\\frontend\\src\\components\\ai\\FeatureImportance.jsx","statementMap":{"0":{"start":{"line":15,"column":2},"end":{"line":15,"column":null}},"1":{"start":{"line":15,"column":35},"end":{"line":15,"column":null}},"2":{"start":{"line":16,"column":2},"end":{"line":22,"column":null}},"3":{"start":{"line":27,"column":24},"end":{"line":27,"column":null}},"4":{"start":{"line":27,"column":41},"end":{"line":27,"column":65}},"5":{"start":{"line":29,"column":2},"end":{"line":29,"column":null}},"6":{"start":{"line":29,"column":15},"end":{"line":29,"column":null}},"7":{"start":{"line":32,"column":20},"end":{"line":32,"column":null}},"8":{"start":{"line":33,"column":2},"end":{"line":39,"column":null}},"9":{"start":{"line":34,"column":4},"end":{"line":34,"column":null}},"10":{"start":{"line":35,"column":2},"end":{"line":39,"column":null}},"11":{"start":{"line":37,"column":23},"end":{"line":37,"column":null}},"12":{"start":{"line":38,"column":4},"end":{"line":38,"column":null}},"13":{"start":{"line":41,"column":19},"end":{"line":49,"column":null}},"14":{"start":{"line":42,"column":20},"end":{"line":42,"column":47}},"15":{"start":{"line":44,"column":17},"end":{"line":49,"column":6}},"16":{"start":{"line":51,"column":2},"end":{"line":87,"column":null}},"17":{"start":{"line":66,"column":38},"end":{"line":66,"column":null}}},"fnMap":{"0":{"name":"CustomTooltip","decl":{"start":{"line":14,"column":9},"end":{"line":14,"column":23}},"loc":{"start":{"line":14,"column":44},"end":{"line":24,"column":null}},"line":14},"1":{"name":"FeatureImportance","decl":{"start":{"line":26,"column":24},"end":{"line":26,"column":44}},"loc":{"start":{"line":26,"column":44},"end":{"line":89,"column":null}},"line":26},"2":{"name":"(anonymous_2)","decl":{"start":{"line":27,"column":35},"end":{"line":27,"column":41}},"loc":{"start":{"line":27,"column":41},"end":{"line":27,"column":65}},"line":27},"3":{"name":"(anonymous_3)","decl":{"start":{"line":42,"column":10},"end":{"line":42,"column":11}},"loc":{"start":{"line":42,"column":20},"end":{"line":42,"column":47}},"line":42},"4":{"name":"(anonymous_4)","decl":{"start":{"line":44,"column":9},"end":{"line":44,"column":10}},"loc":{"start":{"line":44,"column":17},"end":{"line":49,"column":6}},"line":44},"5":{"name":"(anonymous_5)","decl":{"start":{"line":66,"column":31},"end":{"line":66,"column":32}},"loc":{"start":{"line":66,"column":38},"end":{"line":66,"column":null}},"line":66}},"branchMap":{"0":{"loc":{"start":{"line":15,"column":2},"end":{"line":15,"column":null}},"type":"if","locations":[{"start":{"line":15,"column":2},"end":{"line":15,"column":null}},{"start":{},"end":{}}],"line":15},"1":{"loc":{"start":{"line":15,"column":6},"end":{"line":15,"column":35}},"type":"binary-expr","locations":[{"start":{"line":15,"column":6},"end":{"line":15,"column":17}},{"start":{"line":15,"column":17},"end":{"line":15,"column":35}}],"line":15},"2":{"loc":{"start":{"line":29,"column":2},"end":{"line":29,"column":null}},"type":"if","locations":[{"start":{"line":29,"column":2},"end":{"line":29,"column":null}},{"start":{},"end":{}}],"line":29},"3":{"loc":{"start":{"line":33,"column":2},"end":{"line":39,"column":null}},"type":"if","locations":[{"start":{"line":33,"column":2},"end":{"line":39,"column":null}},{"start":{"line":35,"column":2},"end":{"line":39,"column":null}}],"line":33},"4":{"loc":{"start":{"line":35,"column":2},"end":{"line":39,"column":null}},"type":"if","locations":[{"start":{"line":35,"column":2},"end":{"line":39,"column":null}},{"start":{},"end":{}}],"line":35},"5":{"loc":{"start":{"line":35,"column":13},"end":{"line":35,"column":47}},"type":"binary-expr","locations":[{"start":{"line":35,"column":13},"end":{"line":35,"column":21}},{"start":{"line":35,"column":21},"end":{"line":35,"column":47}}],"line":35},"6":{"loc":{"start":{"line":38,"column":18},"end":{"line":38,"column":null}},"type":"cond-expr","locations":[{"start":{"line":38,"column":31},"end":{"line":38,"column":50}},{"start":{"line":38,"column":50},"end":{"line":38,"column":null}}],"line":38},"7":{"loc":{"start":{"line":46,"column":21},"end":{"line":48,"column":null}},"type":"cond-expr","locations":[{"start":{"line":47,"column":10},"end":{"line":47,"column":null}},{"start":{"line":48,"column":10},"end":{"line":48,"column":null}}],"line":46},"8":{"loc":{"start":{"line":54,"column":7},"end":{"line":85,"column":null}},"type":"cond-expr","locations":[{"start":{"line":55,"column":8},"end":{"line":55,"column":null}},{"start":{"line":57,"column":8},"end":{"line":85,"column":null}}],"line":54}},"s":{"0":0,"1":0,"2":0,"3":4,"4":0,"5":4,"6":1,"7":3,"8":3,"9":1,"10":2,"11":1,"12":1,"13":3,"14":3,"15":5,"16":3,"17":0},"f":{"0":0,"1":4,"2":0,"3":3,"4":5,"5":0},"b":{"0":[0,0],"1":[0,0],"2":[1,3],"3":[1,2],"4":[1,1],"5":[2,1],"6":[1,0],"7":[1,4],"8":[1,2]},"meta":{"lastBranch":9,"lastFunction":6,"lastStatement":18,"seen":{"f:14:9:14:23":0,"b:15:2:15:Infinity:undefined:undefined:undefined:undefined":0,"s:15:2:15:Infinity":0,"b:15:6:15:17:15:17:15:35":1,"s:15:35:15:Infinity":1,"s:16:2:22:Infinity":2,"f:26:24:26:44":1,"s:27:24:27:Infinity":3,"f:27:35:27:41":2,"s:27:41:27:65":4,"b:29:2:29:Infinity:undefined:undefined:undefined:undefined":2,"s:29:2:29:Infinity":5,"s:29:15:29:Infinity":6,"s:32:20:32:Infinity":7,"b:33:2:39:Infinity:35:2:39:Infinity":3,"s:33:2:39:Infinity":8,"s:34:4:34:Infinity":9,"b:35:2:39:Infinity:undefined:undefined:undefined:undefined":4,"s:35:2:39:Infinity":10,"b:35:13:35:21:35:21:35:47":5,"s:37:23:37:Infinity":11,"s:38:4:38:Infinity":12,"b:38:31:38:50:38:50:38:Infinity":6,"s:41:19:49:Infinity":13,"f:42:10:42:11":3,"s:42:20:42:47":14,"f:44:9:44:10":4,"s:44:17:49:6":15,"b:47:10:47:Infinity:48:10:48:Infinity":7,"s:51:2:87:Infinity":16,"b:55:8:55:Infinity:57:8:85:Infinity":8,"f:66:31:66:32":5,"s:66:38:66:Infinity":17}}}
,"C:\\Users\\Tiago\\Documents\\repos\\Testes\\autotrader\\command_center\\frontend\\src\\components\\ai\\ModelMetrics.jsx": {"path":"C:\\Users\\Tiago\\Documents\\repos\\Testes\\autotrader\\command_center\\frontend\\src\\components\\ai\\ModelMetrics.jsx","statementMap":{"0":{"start":{"line":6,"column":21},"end":{"line":12,"column":null}},"1":{"start":{"line":15,"column":24},"end":{"line":15,"column":null}},"2":{"start":{"line":15,"column":41},"end":{"line":15,"column":64}},"3":{"start":{"line":17,"column":2},"end":{"line":17,"column":null}},"4":{"start":{"line":17,"column":15},"end":{"line":17,"column":null}},"5":{"start":{"line":19,"column":17},"end":{"line":19,"column":null}},"6":{"start":{"line":21,"column":2},"end":{"line":68,"column":null}},"7":{"start":{"line":32,"column":12},"end":{"line":64,"column":null}},"8":{"start":{"line":42,"column":30},"end":{"line":42,"column":null}},"9":{"start":{"line":43,"column":18},"end":{"line":43,"column":null}},"10":{"start":{"line":43,"column":57},"end":{"line":43,"column":null}},"11":{"start":{"line":45,"column":18},"end":{"line":60,"column":null}},"12":{"start":{"line":73,"column":2},"end":{"line":73,"column":null}},"13":{"start":{"line":73,"column":11},"end":{"line":73,"column":null}},"14":{"start":{"line":74,"column":15},"end":{"line":74,"column":null}},"15":{"start":{"line":75,"column":2},"end":{"line":75,"column":null}},"16":{"start":{"line":75,"column":17},"end":{"line":75,"column":null}},"17":{"start":{"line":76,"column":2},"end":{"line":76,"column":null}},"18":{"start":{"line":76,"column":19},"end":{"line":76,"column":null}},"19":{"start":{"line":77,"column":2},"end":{"line":77,"column":null}},"20":{"start":{"line":77,"column":20},"end":{"line":77,"column":null}},"21":{"start":{"line":78,"column":2},"end":{"line":78,"column":null}}},"fnMap":{"0":{"name":"ModelMetrics","decl":{"start":{"line":14,"column":24},"end":{"line":14,"column":39}},"loc":{"start":{"line":14,"column":39},"end":{"line":70,"column":null}},"line":14},"1":{"name":"(anonymous_1)","decl":{"start":{"line":15,"column":35},"end":{"line":15,"column":41}},"loc":{"start":{"line":15,"column":41},"end":{"line":15,"column":64}},"line":15},"2":{"name":"(anonymous_2)","decl":{"start":{"line":31,"column":22},"end":{"line":31,"column":23}},"loc":{"start":{"line":32,"column":12},"end":{"line":64,"column":null}},"line":32},"3":{"name":"(anonymous_3)","decl":{"start":{"line":41,"column":34},"end":{"line":41,"column":35}},"loc":{"start":{"line":41,"column":73},"end":{"line":62,"column":17}},"line":41},"4":{"name":"timeAgo","decl":{"start":{"line":72,"column":9},"end":{"line":72,"column":17}},"loc":{"start":{"line":72,"column":21},"end":{"line":79,"column":null}},"line":72}},"branchMap":{"0":{"loc":{"start":{"line":17,"column":2},"end":{"line":17,"column":null}},"type":"if","locations":[{"start":{"line":17,"column":2},"end":{"line":17,"column":null}},{"start":{},"end":{}}],"line":17},"1":{"loc":{"start":{"line":19,"column":17},"end":{"line":19,"column":null}},"type":"binary-expr","locations":[{"start":{"line":19,"column":17},"end":{"line":19,"column":25}},{"start":{"line":19,"column":25},"end":{"line":19,"column":null}}],"line":19},"2":{"loc":{"start":{"line":25,"column":7},"end":{"line":66,"column":null}},"type":"cond-expr","locations":[{"start":{"line":26,"column":8},"end":{"line":28,"column":null}},{"start":{"line":30,"column":8},"end":{"line":66,"column":null}}],"line":25},"3":{"loc":{"start":{"line":36,"column":19},"end":{"line":36,"column":null}},"type":"cond-expr","locations":[{"start":{"line":36,"column":37},"end":{"line":36,"column":64}},{"start":{"line":36,"column":64},"end":{"line":36,"column":null}}],"line":36},"4":{"loc":{"start":{"line":43,"column":18},"end":{"line":43,"column":null}},"type":"if","locations":[{"start":{"line":43,"column":18},"end":{"line":43,"column":null}},{"start":{},"end":{}}],"line":43},"5":{"loc":{"start":{"line":43,"column":22},"end":{"line":43,"column":57}},"type":"binary-expr","locations":[{"start":{"line":43,"column":22},"end":{"line":43,"column":43}},{"start":{"line":43,"column":43},"end":{"line":43,"column":57}}],"line":43},"6":{"loc":{"start":{"line":73,"column":2},"end":{"line":73,"column":null}},"type":"if","locations":[{"start":{"line":73,"column":2},"end":{"line":73,"column":null}},{"start":{},"end":{}}],"line":73},"7":{"loc":{"start":{"line":75,"column":2},"end":{"line":75,"column":null}},"type":"if","locations":[{"start":{"line":75,"column":2},"end":{"line":75,"column":null}},{"start":{},"end":{}}],"line":75},"8":{"loc":{"start":{"line":76,"column":2},"end":{"line":76,"column":null}},"type":"if","locations":[{"start":{"line":76,"column":2},"end":{"line":76,"column":null}},{"start":{},"end":{}}],"line":76},"9":{"loc":{"start":{"line":77,"column":2},"end":{"line":77,"column":null}},"type":"if","locations":[{"start":{"line":77,"column":2},"end":{"line":77,"column":null}},{"start":{},"end":{}}],"line":77}},"s":{"0":2,"1":3,"2":0,"3":3,"4":1,"5":2,"6":3,"7":5,"8":25,"9":25,"10":17,"11":8,"12":4,"13":0,"14":4,"15":4,"16":1,"17":3,"18":3,"19":2,"20":2,"21":1},"f":{"0":3,"1":0,"2":5,"3":25,"4":4},"b":{"0":[1,2],"1":[2,0],"2":[1,1],"3":[4,1],"4":[17,8],"5":[25,8],"6":[0,4],"7":[1,3],"8":[1,2],"9":[1,1]},"meta":{"lastBranch":10,"lastFunction":5,"lastStatement":22,"seen":{"s:6:21:12:Infinity":0,"f:14:24:14:39":0,"s:15:24:15:Infinity":1,"f:15:35:15:41":1,"s:15:41:15:64":2,"b:17:2:17:Infinity:undefined:undefined:undefined:undefined":0,"s:17:2:17:Infinity":3,"s:17:15:17:Infinity":4,"s:19:17:19:Infinity":5,"b:19:17:19:25:19:25:19:Infinity":1,"s:21:2:68:Infinity":6,"b:26:8:28:Infinity:30:8:66:Infinity":2,"f:31:22:31:23":2,"s:32:12:64:Infinity":7,"b:36:37:36:64:36:64:36:Infinity":3,"f:41:34:41:35":3,"s:42:30:42:Infinity":8,"b:43:18:43:Infinity:undefined:undefined:undefined:undefined":4,"s:43:18:43:Infinity":9,"b:43:22:43:43:43:43:43:57":5,"s:43:57:43:Infinity":10,"s:45:18:60:Infinity":11,"f:72:9:72:17":4,"b:73:2:73:Infinity:undefined:undefined:undefined:undefined":6,"s:73:2:73:Infinity":12,"s:73:11:73:Infinity":13,"s:74:15:74:Infinity":14,"b:75:2:75:Infinity:undefined:undefined:undefined:undefined":7,"s:75:2:75:Infinity":15,"s:75:17:75:Infinity":16,"b:76:2:76:Infinity:undefined:undefined:undefined:undefined":8,"s:76:2:76:Infinity":17,"s:76:19:76:Infinity":18,"b:77:2:77:Infinity:undefined:undefined:undefined:undefined":9,"s:77:2:77:Infinity":19,"s:77:20:77:Infinity":20,"s:78:2:78:Infinity":21}}}
,"C:\\Users\\Tiago\\Documents\\repos\\Testes\\autotrader\\command_center\\frontend\\src\\components\\ai\\Predictions.jsx": {"path":"C:\\Users\\Tiago\\Documents\\repos\\Testes\\autotrader\\command_center\\frontend\\src\\components\\ai\\Predictions.jsx","statementMap":{"0":{"start":{"line":7,"column":24},"end":{"line":7,"column":null}},"1":{"start":{"line":7,"column":41},"end":{"line":7,"column":63}},"2":{"start":{"line":9,"column":2},"end":{"line":9,"column":null}},"3":{"start":{"line":9,"column":15},"end":{"line":9,"column":null}},"4":{"start":{"line":11,"column":22},"end":{"line":11,"column":null}},"5":{"start":{"line":13,"column":2},"end":{"line":76,"column":null}},"6":{"start":{"line":33,"column":31},"end":{"line":33,"column":null}},"7":{"start":{"line":35,"column":18},"end":{"line":35,"column":null}},"8":{"start":{"line":37,"column":16},"end":{"line":69,"column":null}},"9":{"start":{"line":81,"column":2},"end":{"line":81,"column":null}},"10":{"start":{"line":81,"column":11},"end":{"line":81,"column":null}},"11":{"start":{"line":82,"column":15},"end":{"line":82,"column":null}},"12":{"start":{"line":83,"column":2},"end":{"line":83,"column":null}},"13":{"start":{"line":83,"column":17},"end":{"line":83,"column":null}},"14":{"start":{"line":84,"column":2},"end":{"line":84,"column":null}},"15":{"start":{"line":84,"column":19},"end":{"line":84,"column":null}},"16":{"start":{"line":85,"column":2},"end":{"line":85,"column":null}},"17":{"start":{"line":85,"column":20},"end":{"line":85,"column":null}},"18":{"start":{"line":86,"column":2},"end":{"line":86,"column":null}}},"fnMap":{"0":{"name":"Predictions","decl":{"start":{"line":6,"column":24},"end":{"line":6,"column":38}},"loc":{"start":{"line":6,"column":38},"end":{"line":78,"column":null}},"line":6},"1":{"name":"(anonymous_1)","decl":{"start":{"line":7,"column":35},"end":{"line":7,"column":41}},"loc":{"start":{"line":7,"column":41},"end":{"line":7,"column":63}},"line":7},"2":{"name":"(anonymous_2)","decl":{"start":{"line":32,"column":31},"end":{"line":32,"column":32}},"loc":{"start":{"line":32,"column":38},"end":{"line":71,"column":15}},"line":32},"3":{"name":"timeAgo","decl":{"start":{"line":80,"column":9},"end":{"line":80,"column":17}},"loc":{"start":{"line":80,"column":21},"end":{"line":87,"column":null}},"line":80}},"branchMap":{"0":{"loc":{"start":{"line":9,"column":2},"end":{"line":9,"column":null}},"type":"if","locations":[{"start":{"line":9,"column":2},"end":{"line":9,"column":null}},{"start":{},"end":{}}],"line":9},"1":{"loc":{"start":{"line":11,"column":22},"end":{"line":11,"column":null}},"type":"binary-expr","locations":[{"start":{"line":11,"column":22},"end":{"line":11,"column":30}},{"start":{"line":11,"column":30},"end":{"line":11,"column":null}}],"line":11},"2":{"loc":{"start":{"line":17,"column":7},"end":{"line":74,"column":null}},"type":"cond-expr","locations":[{"start":{"line":18,"column":8},"end":{"line":18,"column":null}},{"start":{"line":20,"column":8},"end":{"line":74,"column":null}}],"line":17},"3":{"loc":{"start":{"line":33,"column":31},"end":{"line":33,"column":null}},"type":"binary-expr","locations":[{"start":{"line":33,"column":31},"end":{"line":33,"column":58}},{"start":{"line":33,"column":58},"end":{"line":33,"column":null}}],"line":33},"4":{"loc":{"start":{"line":35,"column":18},"end":{"line":35,"column":null}},"type":"cond-expr","locations":[{"start":{"line":35,"column":37},"end":{"line":35,"column":45}},{"start":{"line":35,"column":45},"end":{"line":35,"column":null}}],"line":35},"5":{"loc":{"start":{"line":35,"column":45},"end":{"line":35,"column":null}},"type":"cond-expr","locations":[{"start":{"line":35,"column":65},"end":{"line":35,"column":74}},{"start":{"line":35,"column":74},"end":{"line":35,"column":null}}],"line":35},"6":{"loc":{"start":{"line":53,"column":30},"end":{"line":57,"column":null}},"type":"cond-expr","locations":[{"start":{"line":54,"column":34},"end":{"line":54,"column":null}},{"start":{"line":55,"column":34},"end":{"line":57,"column":null}}],"line":53},"7":{"loc":{"start":{"line":55,"column":34},"end":{"line":57,"column":null}},"type":"cond-expr","locations":[{"start":{"line":56,"column":34},"end":{"line":56,"column":null}},{"start":{"line":57,"column":34},"end":{"line":57,"column":null}}],"line":55},"8":{"loc":{"start":{"line":59,"column":49},"end":{"line":59,"column":70}},"type":"binary-expr","locations":[{"start":{"line":59,"column":49},"end":{"line":59,"column":65}},{"start":{"line":59,"column":65},"end":{"line":59,"column":70}}],"line":59},"9":{"loc":{"start":{"line":63,"column":29},"end":{"line":63,"column":50}},"type":"binary-expr","locations":[{"start":{"line":63,"column":29},"end":{"line":63,"column":45}},{"start":{"line":63,"column":45},"end":{"line":63,"column":50}}],"line":63},"10":{"loc":{"start":{"line":67,"column":63},"end":{"line":67,"column":83}},"type":"binary-expr","locations":[{"start":{"line":67,"column":63},"end":{"line":67,"column":79}},{"start":{"line":67,"column":79},"end":{"line":67,"column":83}}],"line":67},"11":{"loc":{"start":{"line":81,"column":2},"end":{"line":81,"column":null}},"type":"if","locations":[{"start":{"line":81,"column":2},"end":{"line":81,"column":null}},{"start":{},"end":{}}],"line":81},"12":{"loc":{"start":{"line":83,"column":2},"end":{"line":83,"column":null}},"type":"if","locations":[{"start":{"line":83,"column":2},"end":{"line":83,"column":null}},{"start":{},"end":{}}],"line":83},"13":{"loc":{"start":{"line":84,"column":2},"end":{"line":84,"column":null}},"type":"if","locations":[{"start":{"line":84,"column":2},"end":{"line":84,"column":null}},{"start":{},"end":{}}],"line":84},"14":{"loc":{"start":{"line":85,"column":2},"end":{"line":85,"column":null}},"type":"if","locations":[{"start":{"line":85,"column":2},"end":{"line":85,"column":null}},{"start":{},"end":{}}],"line":85}},"s":{"0":3,"1":0,"2":3,"3":1,"4":2,"5":3,"6":5,"7":5,"8":5,"9":5,"10":1,"11":4,"12":4,"13":1,"14":3,"15":3,"16":2,"17":2,"18":1},"f":{"0":3,"1":0,"2":5,"3":5},"b":{"0":[1,2],"1":[2,0],"2":[1,1],"3":[5,1],"4":[2,3],"5":[1,2],"6":[2,3],"7":[1,2],"8":[5,1],"9":[5,1],"10":[5,1],"11":[1,4],"12":[1,3],"13":[1,2],"14":[1,1]},"meta":{"lastBranch":15,"lastFunction":4,"lastStatement":19,"seen":{"f:6:24:6:38":0,"s:7:24:7:Infinity":0,"f:7:35:7:41":1,"s:7:41:7:63":1,"b:9:2:9:Infinity:undefined:undefined:undefined:undefined":0,"s:9:2:9:Infinity":2,"s:9:15:9:Infinity":3,"s:11:22:11:Infinity":4,"b:11:22:11:30:11:30:11:Infinity":1,"s:13:2:76:Infinity":5,"b:18:8:18:Infinity:20:8:74:Infinity":2,"f:32:31:32:32":2,"s:33:31:33:Infinity":6,"b:33:31:33:58:33:58:33:Infinity":3,"s:35:18:35:Infinity":7,"b:35:37:35:45:35:45:35:Infinity":4,"b:35:65:35:74:35:74:35:Infinity":5,"s:37:16:69:Infinity":8,"b:54:34:54:Infinity:55:34:57:Infinity":6,"b:56:34:56:Infinity:57:34:57:Infinity":7,"b:59:49:59:65:59:65:59:70":8,"b:63:29:63:45:63:45:63:50":9,"b:67:63:67:79:67:79:67:83":10,"f:80:9:80:17":3,"b:81:2:81:Infinity:undefined:undefined:undefined:undefined":11,"s:81:2:81:Infinity":9,"s:81:11:81:Infinity":10,"s:82:15:82:Infinity":11,"b:83:2:83:Infinity:undefined:undefined:undefined:undefined":12,"s:83:2:83:Infinity":12,"s:83:17:83:Infinity":13,"b:84:2:84:Infinity:undefined:undefined:undefined:undefined":13,"s:84:2:84:Infinity":14,"s:84:19:84:Infinity":15,"b:85:2:85:Infinity:undefined:undefined:undefined:undefined":14,"s:85:2:85:Infinity":16,"s:85:20:85:Infinity":17,"s:86:2:86:Infinity":18}}}
,"C:\\Users\\Tiago\\Documents\\repos\\Testes\\autotrader\\command_center\\frontend\\src\\components\\common\\Badge.jsx": {"path":"C:\\Users\\Tiago\\Documents\\repos\\Testes\\autotrader\\command_center\\frontend\\src\\components\\common\\Badge.jsx","statementMap":{"0":{"start":{"line":1,"column":17},"end":{"line":15,"column":null}},"1":{"start":{"line":18,"column":18},"end":{"line":18,"column":null}},"2":{"start":{"line":20,"column":2},"end":{"line":25,"column":null}}},"fnMap":{"0":{"name":"Badge","decl":{"start":{"line":17,"column":24},"end":{"line":17,"column":30}},"loc":{"start":{"line":17,"column":62},"end":{"line":27,"column":null}},"line":17}},"branchMap":{"0":{"loc":{"start":{"line":17,"column":32},"end":{"line":17,"column":50}},"type":"default-arg","locations":[{"start":{"line":17,"column":42},"end":{"line":17,"column":50}}],"line":17},"1":{"loc":{"start":{"line":18,"column":18},"end":{"line":18,"column":null}},"type":"binary-expr","locations":[{"start":{"line":18,"column":18},"end":{"line":18,"column":39}},{"start":{"line":18,"column":39},"end":{"line":18,"column":null}}],"line":18}},"s":{"0":5,"1":30,"2":30},"f":{"0":30},"b":{"0":[30],"1":[30,0]},"meta":{"lastBranch":2,"lastFunction":1,"lastStatement":3,"seen":{"s:1:17:15:Infinity":0,"f:17:24:17:30":0,"b:17:42:17:50":0,"s:18:18:18:Infinity":1,"b:18:18:18:39:18:39:18:Infinity":1,"s:20:2:25:Infinity":2}}}
,"C:\\Users\\Tiago\\Documents\\repos\\Testes\\autotrader\\command_center\\frontend\\src\\components\\common\\KPICard.jsx": {"path":"C:\\Users\\Tiago\\Documents\\repos\\Testes\\autotrader\\command_center\\frontend\\src\\components\\common\\KPICard.jsx","statementMap":{"0":{"start":{"line":5,"column":16},"end":{"line":5,"column":null}},"1":{"start":{"line":6,"column":19},"end":{"line":6,"column":null}},"2":{"start":{"line":7,"column":21},"end":{"line":7,"column":null}},"3":{"start":{"line":8,"column":21},"end":{"line":8,"column":null}},"4":{"start":{"line":10,"column":25},"end":{"line":10,"column":null}},"5":{"start":{"line":12,"column":2},"end":{"line":43,"column":null}},"6":{"start":{"line":48,"column":2},"end":{"line":48,"column":null}},"7":{"start":{"line":48,"column":41},"end":{"line":48,"column":null}},"8":{"start":{"line":49,"column":2},"end":{"line":49,"column":null}},"9":{"start":{"line":49,"column":28},"end":{"line":49,"column":null}},"10":{"start":{"line":50,"column":2},"end":{"line":50,"column":null}},"11":{"start":{"line":50,"column":28},"end":{"line":50,"column":null}},"12":{"start":{"line":51,"column":2},"end":{"line":54,"column":null}}},"fnMap":{"0":{"name":"KPICard","decl":{"start":{"line":4,"column":24},"end":{"line":4,"column":32}},"loc":{"start":{"line":4,"column":115},"end":{"line":45,"column":null}},"line":4},"1":{"name":"formatValue","decl":{"start":{"line":47,"column":9},"end":{"line":47,"column":21}},"loc":{"start":{"line":47,"column":34},"end":{"line":55,"column":null}},"line":47}},"branchMap":{"0":{"loc":{"start":{"line":4,"column":48},"end":{"line":4,"column":61}},"type":"default-arg","locations":[{"start":{"line":4,"column":57},"end":{"line":4,"column":61}}],"line":4},"1":{"loc":{"start":{"line":4,"column":61},"end":{"line":4,"column":74}},"type":"default-arg","locations":[{"start":{"line":4,"column":70},"end":{"line":4,"column":74}}],"line":4},"2":{"loc":{"start":{"line":4,"column":94},"end":{"line":4,"column":112}},"type":"default-arg","locations":[{"start":{"line":4,"column":103},"end":{"line":4,"column":112}}],"line":4},"3":{"loc":{"start":{"line":13,"column":53},"end":{"line":13,"column":91}},"type":"cond-expr","locations":[{"start":{"line":13,"column":64},"end":{"line":13,"column":79}},{"start":{"line":13,"column":79},"end":{"line":13,"column":91}}],"line":13},"4":{"loc":{"start":{"line":15,"column":129},"end":{"line":15,"column":161}},"type":"cond-expr","locations":[{"start":{"line":15,"column":140},"end":{"line":15,"column":151}},{"start":{"line":15,"column":151},"end":{"line":15,"column":161}}],"line":15},"5":{"loc":{"start":{"line":18,"column":9},"end":{"line":18,"column":null}},"type":"binary-expr","locations":[{"start":{"line":18,"column":9},"end":{"line":18,"column":17}},{"start":{"line":18,"column":17},"end":{"line":18,"column":null}}],"line":18},"6":{"loc":{"start":{"line":25,"column":7},"end":{"line":41,"column":null}},"type":"binary-expr","locations":[{"start":{"line":25,"column":7},"end":{"line":25,"column":31}},{"start":{"line":25,"column":31},"end":{"line":25,"column":null}},{"start":{"line":26,"column":8},"end":{"line":41,"column":null}}],"line":25},"7":{"loc":{"start":{"line":27,"column":11},"end":{"line":31,"column":null}},"type":"cond-expr","locations":[{"start":{"line":28,"column":12},"end":{"line":28,"column":null}},{"start":{"line":29,"column":14},"end":{"line":31,"column":null}}],"line":27},"8":{"loc":{"start":{"line":29,"column":14},"end":{"line":31,"column":null}},"type":"cond-expr","locations":[{"start":{"line":30,"column":12},"end":{"line":30,"column":null}},{"start":{"line":31,"column":14},"end":{"line":31,"column":null}}],"line":29},"9":{"loc":{"start":{"line":35,"column":21},"end":{"line":35,"column":null}},"type":"cond-expr","locations":[{"start":{"line":35,"column":48},"end":{"line":35,"column":70}},{"start":{"line":35,"column":70},"end":{"line":35,"column":null}}],"line":35},"10":{"loc":{"start":{"line":35,"column":21},"end":{"line":35,"column":48}},"type":"binary-expr","locations":[{"start":{"line":35,"column":21},"end":{"line":35,"column":35}},{"start":{"line":35,"column":35},"end":{"line":35,"column":48}}],"line":35},"11":{"loc":{"start":{"line":36,"column":23},"end":{"line":36,"column":null}},"type":"cond-expr","locations":[{"start":{"line":36,"column":50},"end":{"line":36,"column":98}},{"start":{"line":36,"column":98},"end":{"line":36,"column":null}}],"line":36},"12":{"loc":{"start":{"line":36,"column":23},"end":{"line":36,"column":50}},"type":"binary-expr","locations":[{"start":{"line":36,"column":23},"end":{"line":36,"column":37}},{"start":{"line":36,"column":37},"end":{"line":36,"column":50}}],"line":36},"13":{"loc":{"start":{"line":39,"column":13},"end":{"line":39,"column":36}},"type":"cond-expr","locations":[{"start":{"line":39,"column":26},"end":{"line":39,"column":32}},{"start":{"line":39,"column":32},"end":{"line":39,"column":36}}],"line":39},"14":{"loc":{"start":{"line":39,"column":36},"end":{"line":39,"column":92}},"type":"cond-expr","locations":[{"start":{"line":39,"column":65},"end":{"line":39,"column":85}},{"start":{"line":39,"column":85},"end":{"line":39,"column":92}}],"line":39},"15":{"loc":{"start":{"line":48,"column":2},"end":{"line":48,"column":null}},"type":"if","locations":[{"start":{"line":48,"column":2},"end":{"line":48,"column":null}},{"start":{},"end":{}}],"line":48},"16":{"loc":{"start":{"line":48,"column":6},"end":{"line":48,"column":41}},"type":"binary-expr","locations":[{"start":{"line":48,"column":6},"end":{"line":48,"column":22}},{"start":{"line":48,"column":22},"end":{"line":48,"column":41}}],"line":48},"17":{"loc":{"start":{"line":49,"column":2},"end":{"line":49,"column":null}},"type":"if","locations":[{"start":{"line":49,"column":2},"end":{"line":49,"column":null}},{"start":{},"end":{}}],"line":49},"18":{"loc":{"start":{"line":50,"column":2},"end":{"line":50,"column":null}},"type":"if","locations":[{"start":{"line":50,"column":2},"end":{"line":50,"column":null}},{"start":{},"end":{}}],"line":50}},"s":{"0":24,"1":24,"2":24,"3":24,"4":24,"5":24,"6":24,"7":12,"8":12,"9":4,"10":8,"11":8,"12":8},"f":{"0":24,"1":24},"b":{"0":[24],"1":[24],"2":[24],"3":[0,24],"4":[0,24],"5":[24,24],"6":[24,4,0],"7":[0,0],"8":[0,0],"9":[0,0],"10":[0,0],"11":[0,0],"12":[0,0],"13":[0,0],"14":[0,0],"15":[12,12],"16":[24,24],"17":[4,8],"18":[0,8]},"meta":{"lastBranch":19,"lastFunction":2,"lastStatement":13,"seen":{"f:4:24:4:32":0,"b:4:57:4:61":0,"b:4:70:4:74":1,"b:4:103:4:112":2,"s:5:16:5:Infinity":0,"s:6:19:6:Infinity":1,"s:7:21:7:Infinity":2,"s:8:21:8:Infinity":3,"s:10:25:10:Infinity":4,"s:12:2:43:Infinity":5,"b:13:64:13:79:13:79:13:91":3,"b:15:140:15:151:15:151:15:161":4,"b:18:9:18:17:18:17:18:Infinity":5,"b:25:7:25:31:25:31:25:Infinity:26:8:41:Infinity":6,"b:28:12:28:Infinity:29:14:31:Infinity":7,"b:30:12:30:Infinity:31:14:31:Infinity":8,"b:35:48:35:70:35:70:35:Infinity":9,"b:35:21:35:35:35:35:35:48":10,"b:36:50:36:98:36:98:36:Infinity":11,"b:36:23:36:37:36:37:36:50":12,"b:39:26:39:32:39:32:39:36":13,"b:39:65:39:85:39:85:39:92":14,"f:47:9:47:21":1,"b:48:2:48:Infinity:undefined:undefined:undefined:undefined":15,"s:48:2:48:Infinity":6,"b:48:6:48:22:48:22:48:41":16,"s:48:41:48:Infinity":7,"b:49:2:49:Infinity:undefined:undefined:undefined:undefined":17,"s:49:2:49:Infinity":8,"s:49:28:49:Infinity":9,"b:50:2:50:Infinity:undefined:undefined:undefined:undefined":18,"s:50:2:50:Infinity":10,"s:50:28:50:Infinity":11,"s:51:2:54:Infinity":12}}}
,"C:\\Users\\Tiago\\Documents\\repos\\Testes\\autotrader\\command_center\\frontend\\src\\components\\common\\LoadingSpinner.jsx": {"path":"C:\\Users\\Tiago\\Documents\\repos\\Testes\\autotrader\\command_center\\frontend\\src\\components\\common\\LoadingSpinner.jsx","statementMap":{"0":{"start":{"line":4,"column":16},"end":{"line":4,"column":null}},"1":{"start":{"line":6,"column":2},"end":{"line":10,"column":null}}},"fnMap":{"0":{"name":"LoadingSpinner","decl":{"start":{"line":3,"column":24},"end":{"line":3,"column":39}},"loc":{"start":{"line":3,"column":67},"end":{"line":12,"column":null}},"line":3}},"branchMap":{"0":{"loc":{"start":{"line":3,"column":41},"end":{"line":3,"column":54}},"type":"default-arg","locations":[{"start":{"line":3,"column":48},"end":{"line":3,"column":54}}],"line":3},"1":{"loc":{"start":{"line":3,"column":54},"end":{"line":3,"column":64}},"type":"default-arg","locations":[{"start":{"line":3,"column":61},"end":{"line":3,"column":64}}],"line":3},"2":{"loc":{"start":{"line":9,"column":7},"end":{"line":9,"column":null}},"type":"binary-expr","locations":[{"start":{"line":9,"column":7},"end":{"line":9,"column":15}},{"start":{"line":9,"column":15},"end":{"line":9,"column":null}}],"line":9}},"s":{"0":28,"1":28},"f":{"0":28},"b":{"0":[28],"1":[28],"2":[28,28]},"meta":{"lastBranch":3,"lastFunction":1,"lastStatement":2,"seen":{"f:3:24:3:39":0,"b:3:48:3:54":0,"b:3:61:3:64":1,"s:4:16:4:Infinity":0,"s:6:2:10:Infinity":1,"b:9:7:9:15:9:15:9:Infinity":2}}}
,"C:\\Users\\Tiago\\Documents\\repos\\Testes\\autotrader\\command_center\\frontend\\src\\components\\control_tower\\AICorePanel.jsx": {"path":"C:\\Users\\Tiago\\Documents\\repos\\Testes\\autotrader\\command_center\\frontend\\src\\components\\control_tower\\AICorePanel.jsx","statementMap":{"0":{"start":{"line":6,"column":33},"end":{"line":6,"column":null}},"1":{"start":{"line":9,"column":16},"end":{"line":9,"column":null}},"2":{"start":{"line":10,"column":19},"end":{"line":10,"column":null}},"3":{"start":{"line":11,"column":28},"end":{"line":11,"column":null}},"4":{"start":{"line":11,"column":45},"end":{"line":11,"column":73}},"5":{"start":{"line":12,"column":24},"end":{"line":12,"column":null}},"6":{"start":{"line":12,"column":41},"end":{"line":12,"column":73}},"7":{"start":{"line":14,"column":21},"end":{"line":14,"column":null}},"8":{"start":{"line":15,"column":22},"end":{"line":15,"column":null}},"9":{"start":{"line":16,"column":20},"end":{"line":16,"column":null}},"10":{"start":{"line":17,"column":20},"end":{"line":17,"column":null}},"11":{"start":{"line":19,"column":2},"end":{"line":145,"column":null}},"12":{"start":{"line":112,"column":12},"end":{"line":130,"column":null}},"13":{"start":{"line":150,"column":2},"end":{"line":150,"column":null}},"14":{"start":{"line":150,"column":27},"end":{"line":150,"column":null}},"15":{"start":{"line":151,"column":2},"end":{"line":151,"column":null}},"16":{"start":{"line":151,"column":28},"end":{"line":151,"column":null}},"17":{"start":{"line":152,"column":2},"end":{"line":152,"column":null}},"18":{"start":{"line":156,"column":2},"end":{"line":163,"column":null}},"19":{"start":{"line":157,"column":4},"end":{"line":162,"column":null}},"20":{"start":{"line":165,"column":18},"end":{"line":165,"column":null}},"21":{"start":{"line":166,"column":2},"end":{"line":169,"column":null}},"22":{"start":{"line":167,"column":18},"end":{"line":167,"column":null}},"23":{"start":{"line":168,"column":4},"end":{"line":168,"column":null}},"24":{"start":{"line":168,"column":25},"end":{"line":168,"column":null}},"25":{"start":{"line":171,"column":17},"end":{"line":175,"column":null}},"26":{"start":{"line":171,"column":62},"end":{"line":175,"column":4}},"27":{"start":{"line":177,"column":20},"end":{"line":177,"column":null}},"28":{"start":{"line":177,"column":46},"end":{"line":177,"column":66}},"29":{"start":{"line":178,"column":24},"end":{"line":178,"column":null}},"30":{"start":{"line":180,"column":16},"end":{"line":180,"column":null}},"31":{"start":{"line":181,"column":2},"end":{"line":184,"column":null}},"32":{"start":{"line":182,"column":16},"end":{"line":182,"column":null}},"33":{"start":{"line":183,"column":4},"end":{"line":183,"column":null}},"34":{"start":{"line":186,"column":17},"end":{"line":186,"column":null}},"35":{"start":{"line":186,"column":54},"end":{"line":186,"column":65}},"36":{"start":{"line":187,"column":17},"end":{"line":187,"column":null}},"37":{"start":{"line":188,"column":19},"end":{"line":188,"column":null}},"38":{"start":{"line":189,"column":16},"end":{"line":189,"column":null}},"39":{"start":{"line":191,"column":17},"end":{"line":191,"column":null}},"40":{"start":{"line":192,"column":2},"end":{"line":196,"column":null}},"41":{"start":{"line":193,"column":18},"end":{"line":193,"column":null}},"42":{"start":{"line":194,"column":4},"end":{"line":195,"column":null}},"43":{"start":{"line":194,"column":22},"end":{"line":194,"column":null}},"44":{"start":{"line":194,"column":33},"end":{"line":195,"column":null}},"45":{"start":{"line":195,"column":27},"end":{"line":195,"column":null}},"46":{"start":{"line":198,"column":2},"end":{"line":198,"column":null}},"47":{"start":{"line":202,"column":2},"end":{"line":204,"column":null}},"48":{"start":{"line":203,"column":4},"end":{"line":203,"column":null}},"49":{"start":{"line":205,"column":17},"end":{"line":209,"column":null}},"50":{"start":{"line":206,"column":20},"end":{"line":206,"column":null}},"51":{"start":{"line":207,"column":20},"end":{"line":207,"column":null}},"52":{"start":{"line":208,"column":4},"end":{"line":208,"column":null}},"53":{"start":{"line":210,"column":2},"end":{"line":210,"column":null}},"54":{"start":{"line":214,"column":2},"end":{"line":218,"column":null}},"55":{"start":{"line":215,"column":4},"end":{"line":215,"column":null}},"56":{"start":{"line":215,"column":21},"end":{"line":215,"column":null}},"57":{"start":{"line":216,"column":4},"end":{"line":216,"column":null}},"58":{"start":{"line":216,"column":21},"end":{"line":216,"column":null}},"59":{"start":{"line":217,"column":4},"end":{"line":217,"column":null}},"60":{"start":{"line":220,"column":2},"end":{"line":220,"column":null}},"61":{"start":{"line":220,"column":19},"end":{"line":220,"column":null}},"62":{"start":{"line":221,"column":2},"end":{"line":221,"column":null}},"63":{"start":{"line":221,"column":19},"end":{"line":221,"column":null}},"64":{"start":{"line":222,"column":2},"end":{"line":222,"column":null}},"65":{"start":{"line":226,"column":16},"end":{"line":226,"column":null}},"66":{"start":{"line":227,"column":2},"end":{"line":227,"column":null}},"67":{"start":{"line":227,"column":29},"end":{"line":227,"column":null}},"68":{"start":{"line":228,"column":2},"end":{"line":228,"column":null}},"69":{"start":{"line":228,"column":31},"end":{"line":228,"column":null}},"70":{"start":{"line":229,"column":2},"end":{"line":229,"column":null}}},"fnMap":{"0":{"name":"AICorePanel","decl":{"start":{"line":8,"column":24},"end":{"line":8,"column":38}},"loc":{"start":{"line":8,"column":38},"end":{"line":147,"column":null}},"line":8},"1":{"name":"(anonymous_1)","decl":{"start":{"line":11,"column":39},"end":{"line":11,"column":45}},"loc":{"start":{"line":11,"column":45},"end":{"line":11,"column":73}},"line":11},"2":{"name":"(anonymous_2)","decl":{"start":{"line":12,"column":35},"end":{"line":12,"column":41}},"loc":{"start":{"line":12,"column":41},"end":{"line":12,"column":73}},"line":12},"3":{"name":"(anonymous_3)","decl":{"start":{"line":111,"column":32},"end":{"line":111,"column":33}},"loc":{"start":{"line":112,"column":12},"end":{"line":130,"column":null}},"line":112},"4":{"name":"directionColor","decl":{"start":{"line":149,"column":9},"end":{"line":149,"column":24}},"loc":{"start":{"line":149,"column":46},"end":{"line":153,"column":null}},"line":149},"5":{"name":"computeConsensus","decl":{"start":{"line":155,"column":9},"end":{"line":155,"column":26}},"loc":{"start":{"line":155,"column":35},"end":{"line":199,"column":null}},"line":155},"6":{"name":"(anonymous_6)","decl":{"start":{"line":166,"column":18},"end":{"line":166,"column":19}},"loc":{"start":{"line":166,"column":25},"end":{"line":169,"column":3}},"line":166},"7":{"name":"(anonymous_7)","decl":{"start":{"line":171,"column":45},"end":{"line":171,"column":46}},"loc":{"start":{"line":171,"column":62},"end":{"line":175,"column":4}},"line":171},"8":{"name":"(anonymous_8)","decl":{"start":{"line":177,"column":34},"end":{"line":177,"column":35}},"loc":{"start":{"line":177,"column":46},"end":{"line":177,"column":66}},"line":177},"9":{"name":"(anonymous_9)","decl":{"start":{"line":181,"column":17},"end":{"line":181,"column":18}},"loc":{"start":{"line":181,"column":24},"end":{"line":184,"column":3}},"line":181},"10":{"name":"(anonymous_10)","decl":{"start":{"line":186,"column":44},"end":{"line":186,"column":45}},"loc":{"start":{"line":186,"column":54},"end":{"line":186,"column":65}},"line":186},"11":{"name":"computeTopModels","decl":{"start":{"line":201,"column":9},"end":{"line":201,"column":26}},"loc":{"start":{"line":201,"column":39},"end":{"line":211,"column":null}},"line":201},"12":{"name":"(anonymous_12)","decl":{"start":{"line":205,"column":39},"end":{"line":205,"column":40}},"loc":{"start":{"line":205,"column":49},"end":{"line":209,"column":3}},"line":205},"13":{"name":"ConfidenceBadge","decl":{"start":{"line":213,"column":9},"end":{"line":213,"column":25}},"loc":{"start":{"line":213,"column":46},"end":{"line":223,"column":null}},"line":213},"14":{"name":"ConsensusIcon","decl":{"start":{"line":225,"column":9},"end":{"line":225,"column":23}},"loc":{"start":{"line":225,"column":47},"end":{"line":230,"column":null}},"line":225}},"branchMap":{"0":{"loc":{"start":{"line":14,"column":21},"end":{"line":14,"column":null}},"type":"cond-expr","locations":[{"start":{"line":14,"column":46},"end":{"line":14,"column":56}},{"start":{"line":14,"column":56},"end":{"line":14,"column":null}}],"line":14},"1":{"loc":{"start":{"line":14,"column":56},"end":{"line":14,"column":null}},"type":"binary-expr","locations":[{"start":{"line":14,"column":56},"end":{"line":14,"column":76}},{"start":{"line":14,"column":76},"end":{"line":14,"column":null}}],"line":14},"2":{"loc":{"start":{"line":15,"column":22},"end":{"line":15,"column":null}},"type":"binary-expr","locations":[{"start":{"line":15,"column":22},"end":{"line":15,"column":47}},{"start":{"line":15,"column":47},"end":{"line":15,"column":null}}],"line":15},"3":{"loc":{"start":{"line":15,"column":47},"end":{"line":15,"column":null}},"type":"cond-expr","locations":[{"start":{"line":15,"column":76},"end":{"line":15,"column":90}},{"start":{"line":15,"column":90},"end":{"line":15,"column":null}}],"line":15},"4":{"loc":{"start":{"line":21,"column":39},"end":{"line":21,"column":85}},"type":"cond-expr","locations":[{"start":{"line":21,"column":50},"end":{"line":21,"column":69}},{"start":{"line":21,"column":69},"end":{"line":21,"column":85}}],"line":21},"5":{"loc":{"start":{"line":22,"column":13},"end":{"line":22,"column":null}},"type":"cond-expr","locations":[{"start":{"line":22,"column":24},"end":{"line":22,"column":89}},{"start":{"line":22,"column":89},"end":{"line":22,"column":null}}],"line":22},"6":{"loc":{"start":{"line":26,"column":66},"end":{"line":26,"column":98}},"type":"cond-expr","locations":[{"start":{"line":26,"column":77},"end":{"line":26,"column":88}},{"start":{"line":26,"column":88},"end":{"line":26,"column":98}}],"line":26},"7":{"loc":{"start":{"line":32,"column":7},"end":{"line":61,"column":null}},"type":"binary-expr","locations":[{"start":{"line":32,"column":7},"end":{"line":32,"column":null}},{"start":{"line":33,"column":8},"end":{"line":61,"column":null}}],"line":32},"8":{"loc":{"start":{"line":34,"column":33},"end":{"line":34,"column":71}},"type":"cond-expr","locations":[{"start":{"line":34,"column":44},"end":{"line":34,"column":59}},{"start":{"line":34,"column":59},"end":{"line":34,"column":71}}],"line":34},"9":{"loc":{"start":{"line":36,"column":24},"end":{"line":36,"column":null}},"type":"cond-expr","locations":[{"start":{"line":36,"column":35},"end":{"line":36,"column":44}},{"start":{"line":36,"column":44},"end":{"line":36,"column":null}}],"line":36},"10":{"loc":{"start":{"line":37,"column":20},"end":{"line":37,"column":null}},"type":"cond-expr","locations":[{"start":{"line":37,"column":31},"end":{"line":37,"column":65}},{"start":{"line":37,"column":65},"end":{"line":37,"column":null}}],"line":37},"11":{"loc":{"start":{"line":46,"column":63},"end":{"line":46,"column":114}},"type":"cond-expr","locations":[{"start":{"line":46,"column":74},"end":{"line":46,"column":83}},{"start":{"line":46,"column":83},"end":{"line":46,"column":114}}],"line":46},"12":{"loc":{"start":{"line":51,"column":58},"end":{"line":51,"column":98}},"type":"cond-expr","locations":[{"start":{"line":51,"column":69},"end":{"line":51,"column":84}},{"start":{"line":51,"column":84},"end":{"line":51,"column":98}}],"line":51},"13":{"loc":{"start":{"line":54,"column":28},"end":{"line":54,"column":null}},"type":"cond-expr","locations":[{"start":{"line":54,"column":39},"end":{"line":54,"column":55}},{"start":{"line":54,"column":55},"end":{"line":54,"column":null}}],"line":54},"14":{"loc":{"start":{"line":55,"column":24},"end":{"line":55,"column":null}},"type":"cond-expr","locations":[{"start":{"line":55,"column":35},"end":{"line":55,"column":69}},{"start":{"line":55,"column":69},"end":{"line":55,"column":null}}],"line":55},"15":{"loc":{"start":{"line":58,"column":16},"end":{"line":58,"column":73}},"type":"binary-expr","locations":[{"start":{"line":58,"column":16},"end":{"line":58,"column":43}},{"start":{"line":58,"column":43},"end":{"line":58,"column":70}},{"start":{"line":58,"column":70},"end":{"line":58,"column":73}}],"line":58},"16":{"loc":{"start":{"line":65,"column":31},"end":{"line":65,"column":69}},"type":"cond-expr","locations":[{"start":{"line":65,"column":42},"end":{"line":65,"column":57}},{"start":{"line":65,"column":57},"end":{"line":65,"column":69}}],"line":65},"17":{"loc":{"start":{"line":67,"column":22},"end":{"line":67,"column":null}},"type":"cond-expr","locations":[{"start":{"line":67,"column":33},"end":{"line":67,"column":42}},{"start":{"line":67,"column":42},"end":{"line":67,"column":null}}],"line":67},"18":{"loc":{"start":{"line":68,"column":18},"end":{"line":68,"column":null}},"type":"cond-expr","locations":[{"start":{"line":68,"column":29},"end":{"line":68,"column":63}},{"start":{"line":68,"column":63},"end":{"line":68,"column":null}}],"line":68},"19":{"loc":{"start":{"line":82,"column":60},"end":{"line":82,"column":90}},"type":"cond-expr","locations":[{"start":{"line":82,"column":71},"end":{"line":82,"column":76}},{"start":{"line":82,"column":76},"end":{"line":82,"column":90}}],"line":82},"20":{"loc":{"start":{"line":83,"column":38},"end":{"line":83,"column":83}},"type":"cond-expr","locations":[{"start":{"line":83,"column":49},"end":{"line":83,"column":73}},{"start":{"line":83,"column":73},"end":{"line":83,"column":83}}],"line":83},"21":{"loc":{"start":{"line":86,"column":50},"end":{"line":86,"column":80}},"type":"cond-expr","locations":[{"start":{"line":86,"column":61},"end":{"line":86,"column":66}},{"start":{"line":86,"column":66},"end":{"line":86,"column":80}}],"line":86},"22":{"loc":{"start":{"line":89,"column":28},"end":{"line":91,"column":null}},"type":"cond-expr","locations":[{"start":{"line":90,"column":20},"end":{"line":90,"column":null}},{"start":{"line":91,"column":20},"end":{"line":91,"column":null}}],"line":89},"23":{"loc":{"start":{"line":91,"column":55},"end":{"line":91,"column":107}},"type":"cond-expr","locations":[{"start":{"line":91,"column":86},"end":{"line":91,"column":98}},{"start":{"line":91,"column":98},"end":{"line":91,"column":107}}],"line":91},"24":{"loc":{"start":{"line":92,"column":27},"end":{"line":92,"column":null}},"type":"cond-expr","locations":[{"start":{"line":92,"column":38},"end":{"line":92,"column":47}},{"start":{"line":92,"column":47},"end":{"line":92,"column":null}}],"line":92},"25":{"loc":{"start":{"line":93,"column":25},"end":{"line":93,"column":null}},"type":"cond-expr","locations":[{"start":{"line":93,"column":36},"end":{"line":93,"column":84}},{"start":{"line":93,"column":84},"end":{"line":93,"column":null}}],"line":93},"26":{"loc":{"start":{"line":101,"column":26},"end":{"line":101,"column":64}},"type":"cond-expr","locations":[{"start":{"line":101,"column":37},"end":{"line":101,"column":52}},{"start":{"line":101,"column":52},"end":{"line":101,"column":64}}],"line":101},"27":{"loc":{"start":{"line":103,"column":22},"end":{"line":103,"column":null}},"type":"cond-expr","locations":[{"start":{"line":103,"column":33},"end":{"line":103,"column":42}},{"start":{"line":103,"column":42},"end":{"line":103,"column":null}}],"line":103},"28":{"loc":{"start":{"line":104,"column":18},"end":{"line":104,"column":null}},"type":"cond-expr","locations":[{"start":{"line":104,"column":29},"end":{"line":104,"column":63}},{"start":{"line":104,"column":63},"end":{"line":104,"column":null}}],"line":104},"29":{"loc":{"start":{"line":116,"column":64},"end":{"line":116,"column":104}},"type":"cond-expr","locations":[{"start":{"line":116,"column":75},"end":{"line":116,"column":90}},{"start":{"line":116,"column":90},"end":{"line":116,"column":104}}],"line":116},"30":{"loc":{"start":{"line":119,"column":32},"end":{"line":119,"column":null}},"type":"cond-expr","locations":[{"start":{"line":119,"column":43},"end":{"line":119,"column":59}},{"start":{"line":119,"column":59},"end":{"line":119,"column":null}}],"line":119},"31":{"loc":{"start":{"line":120,"column":28},"end":{"line":120,"column":null}},"type":"cond-expr","locations":[{"start":{"line":120,"column":39},"end":{"line":120,"column":95}},{"start":{"line":120,"column":95},"end":{"line":120,"column":null}}],"line":120},"32":{"loc":{"start":{"line":121,"column":29},"end":{"line":121,"column":null}},"type":"cond-expr","locations":[{"start":{"line":121,"column":40},"end":{"line":121,"column":69}},{"start":{"line":121,"column":69},"end":{"line":121,"column":null}}],"line":121},"33":{"loc":{"start":{"line":124,"column":19},"end":{"line":124,"column":null}},"type":"cond-expr","locations":[{"start":{"line":124,"column":30},"end":{"line":124,"column":49}},{"start":{"line":124,"column":49},"end":{"line":124,"column":null}}],"line":124},"34":{"loc":{"start":{"line":136,"column":43},"end":{"line":136,"column":87}},"type":"cond-expr","locations":[{"start":{"line":136,"column":54},"end":{"line":136,"column":78}},{"start":{"line":136,"column":78},"end":{"line":136,"column":87}}],"line":136},"35":{"loc":{"start":{"line":140,"column":13},"end":{"line":140,"column":74}},"type":"cond-expr","locations":[{"start":{"line":140,"column":24},"end":{"line":140,"column":53}},{"start":{"line":140,"column":53},"end":{"line":140,"column":74}}],"line":140},"36":{"loc":{"start":{"line":149,"column":35},"end":{"line":149,"column":46}},"type":"default-arg","locations":[{"start":{"line":149,"column":43},"end":{"line":149,"column":46}}],"line":149},"37":{"loc":{"start":{"line":150,"column":2},"end":{"line":150,"column":null}},"type":"if","locations":[{"start":{"line":150,"column":2},"end":{"line":150,"column":null}},{"start":{},"end":{}}],"line":150},"38":{"loc":{"start":{"line":151,"column":2},"end":{"line":151,"column":null}},"type":"if","locations":[{"start":{"line":151,"column":2},"end":{"line":151,"column":null}},{"start":{},"end":{}}],"line":151},"39":{"loc":{"start":{"line":156,"column":2},"end":{"line":163,"column":null}},"type":"if","locations":[{"start":{"line":156,"column":2},"end":{"line":163,"column":null}},{"start":{},"end":{}}],"line":156},"40":{"loc":{"start":{"line":156,"column":6},"end":{"line":156,"column":67}},"type":"binary-expr","locations":[{"start":{"line":156,"column":6},"end":{"line":156,"column":18}},{"start":{"line":156,"column":18},"end":{"line":156,"column":45}},{"start":{"line":156,"column":45},"end":{"line":156,"column":67}}],"line":156},"41":{"loc":{"start":{"line":167,"column":18},"end":{"line":167,"column":null}},"type":"binary-expr","locations":[{"start":{"line":167,"column":18},"end":{"line":167,"column":29}},{"start":{"line":167,"column":29},"end":{"line":167,"column":45}},{"start":{"line":167,"column":45},"end":{"line":167,"column":null}}],"line":167},"42":{"loc":{"start":{"line":168,"column":4},"end":{"line":168,"column":null}},"type":"if","locations":[{"start":{"line":168,"column":4},"end":{"line":168,"column":null}},{"start":{},"end":{}}],"line":168},"43":{"loc":{"start":{"line":173,"column":16},"end":{"line":173,"column":51}},"type":"binary-expr","locations":[{"start":{"line":173,"column":16},"end":{"line":173,"column":31}},{"start":{"line":173,"column":31},"end":{"line":173,"column":43}},{"start":{"line":173,"column":43},"end":{"line":173,"column":51}}],"line":173},"44":{"loc":{"start":{"line":174,"column":16},"end":{"line":174,"column":null}},"type":"binary-expr","locations":[{"start":{"line":174,"column":16},"end":{"line":174,"column":32}},{"start":{"line":174,"column":32},"end":{"line":174,"column":49}},{"start":{"line":174,"column":49},"end":{"line":174,"column":null}}],"line":174},"45":{"loc":{"start":{"line":178,"column":24},"end":{"line":178,"column":null}},"type":"cond-expr","locations":[{"start":{"line":178,"column":45},"end":{"line":178,"column":80}},{"start":{"line":178,"column":80},"end":{"line":178,"column":null}}],"line":178},"46":{"loc":{"start":{"line":182,"column":16},"end":{"line":182,"column":null}},"type":"cond-expr","locations":[{"start":{"line":182,"column":41},"end":{"line":182,"column":49}},{"start":{"line":182,"column":49},"end":{"line":182,"column":null}}],"line":182},"47":{"loc":{"start":{"line":182,"column":49},"end":{"line":182,"column":null}},"type":"cond-expr","locations":[{"start":{"line":182,"column":75},"end":{"line":182,"column":84}},{"start":{"line":182,"column":84},"end":{"line":182,"column":null}}],"line":182},"48":{"loc":{"start":{"line":183,"column":18},"end":{"line":183,"column":37}},"type":"binary-expr","locations":[{"start":{"line":183,"column":18},"end":{"line":183,"column":32}},{"start":{"line":183,"column":32},"end":{"line":183,"column":37}}],"line":183},"49":{"loc":{"start":{"line":192,"column":2},"end":{"line":196,"column":null}},"type":"if","locations":[{"start":{"line":192,"column":2},"end":{"line":196,"column":null}},{"start":{},"end":{}}],"line":192},"50":{"loc":{"start":{"line":194,"column":4},"end":{"line":195,"column":null}},"type":"if","locations":[{"start":{"line":194,"column":4},"end":{"line":195,"column":null}},{"start":{"line":194,"column":33},"end":{"line":195,"column":null}}],"line":194},"51":{"loc":{"start":{"line":194,"column":33},"end":{"line":195,"column":null}},"type":"if","locations":[{"start":{"line":194,"column":33},"end":{"line":195,"column":null}},{"start":{},"end":{}}],"line":194},"52":{"loc":{"start":{"line":202,"column":2},"end":{"line":204,"column":null}},"type":"if","locations":[{"start":{"line":202,"column":2},"end":{"line":204,"column":null}},{"start":{},"end":{}}],"line":202},"53":{"loc":{"start":{"line":202,"column":6},"end":{"line":202,"column":79}},"type":"binary-expr","locations":[{"start":{"line":202,"column":6},"end":{"line":202,"column":22}},{"start":{"line":202,"column":22},"end":{"line":202,"column":53}},{"start":{"line":202,"column":53},"end":{"line":202,"column":79}}],"line":202},"54":{"loc":{"start":{"line":206,"column":20},"end":{"line":206,"column":null}},"type":"binary-expr","locations":[{"start":{"line":206,"column":20},"end":{"line":206,"column":34}},{"start":{"line":206,"column":34},"end":{"line":206,"column":48}},{"start":{"line":206,"column":48},"end":{"line":206,"column":null}}],"line":206},"55":{"loc":{"start":{"line":207,"column":20},"end":{"line":207,"column":null}},"type":"binary-expr","locations":[{"start":{"line":207,"column":20},"end":{"line":207,"column":34}},{"start":{"line":207,"column":34},"end":{"line":207,"column":48}},{"start":{"line":207,"column":48},"end":{"line":207,"column":null}}],"line":207},"56":{"loc":{"start":{"line":214,"column":2},"end":{"line":218,"column":null}},"type":"if","locations":[{"start":{"line":214,"column":2},"end":{"line":218,"column":null}},{"start":{},"end":{}}],"line":214},"57":{"loc":{"start":{"line":215,"column":4},"end":{"line":215,"column":null}},"type":"if","locations":[{"start":{"line":215,"column":4},"end":{"line":215,"column":null}},{"start":{},"end":{}}],"line":215},"58":{"loc":{"start":{"line":216,"column":4},"end":{"line":216,"column":null}},"type":"if","locations":[{"start":{"line":216,"column":4},"end":{"line":216,"column":null}},{"start":{},"end":{}}],"line":216},"59":{"loc":{"start":{"line":220,"column":2},"end":{"line":220,"column":null}},"type":"if","locations":[{"start":{"line":220,"column":2},"end":{"line":220,"column":null}},{"start":{},"end":{}}],"line":220},"60":{"loc":{"start":{"line":221,"column":2},"end":{"line":221,"column":null}},"type":"if","locations":[{"start":{"line":221,"column":2},"end":{"line":221,"column":null}},{"start":{},"end":{}}],"line":221},"61":{"loc":{"start":{"line":226,"column":16},"end":{"line":226,"column":null}},"type":"cond-expr","locations":[{"start":{"line":226,"column":27},"end":{"line":226,"column":60}},{"start":{"line":226,"column":60},"end":{"line":226,"column":null}}],"line":226},"62":{"loc":{"start":{"line":227,"column":2},"end":{"line":227,"column":null}},"type":"if","locations":[{"start":{"line":227,"column":2},"end":{"line":227,"column":null}},{"start":{},"end":{}}],"line":227},"63":{"loc":{"start":{"line":228,"column":2},"end":{"line":228,"column":null}},"type":"if","locations":[{"start":{"line":228,"column":2},"end":{"line":228,"column":null}},{"start":{},"end":{}}],"line":228},"64":{"loc":{"start":{"line":229,"column":45},"end":{"line":229,"column":106}},"type":"cond-expr","locations":[{"start":{"line":229,"column":56},"end":{"line":229,"column":95}},{"start":{"line":229,"column":95},"end":{"line":229,"column":106}}],"line":229}},"s":{"0":4,"1":9,"2":9,"3":9,"4":0,"5":9,"6":0,"7":9,"8":9,"9":9,"10":9,"11":9,"12":12,"13":11,"14":5,"15":6,"16":6,"17":3,"18":9,"19":5,"20":4,"21":4,"22":12,"23":12,"24":12,"25":4,"26":12,"27":4,"28":12,"29":4,"30":9,"31":9,"32":12,"33":12,"34":9,"35":9,"36":9,"37":9,"38":9,"39":9,"40":9,"41":4,"42":4,"43":2,"44":2,"45":1,"46":4,"47":9,"48":5,"49":4,"50":3,"51":3,"52":3,"53":4,"54":9,"55":1,"56":1,"57":0,"58":0,"59":0,"60":8,"61":8,"62":7,"63":7,"64":6,"65":9,"66":9,"67":2,"68":7,"69":7,"70":6},"f":{"0":9,"1":0,"2":0,"3":12,"4":11,"5":9,"6":12,"7":12,"8":12,"9":12,"10":9,"11":9,"12":3,"13":9,"14":9},"b":{"0":[5,4],"1":[4,3],"2":[9,3],"3":[1,2],"4":[1,8],"5":[1,8],"6":[1,8],"7":[9,4],"8":[1,3],"9":[1,3],"10":[1,3],"11":[1,3],"12":[1,3],"13":[1,3],"14":[1,3],"15":[4,1,0],"16":[1,8],"17":[1,8],"18":[1,8],"19":[1,8],"20":[1,8],"21":[1,8],"22":[1,8],"23":[1,7],"24":[1,8],"25":[1,8],"26":[1,8],"27":[1,8],"28":[1,8],"29":[1,11],"30":[1,11],"31":[1,11],"32":[1,11],"33":[1,11],"34":[1,8],"35":[1,8],"36":[11],"37":[5,6],"38":[3,3],"39":[5,4],"40":[9,9,9],"41":[12,1,0],"42":[12,0],"43":[12,1,0],"44":[12,1,0],"45":[4,0],"46":[1,11],"47":[1,10],"48":[12,8],"49":[4,5],"50":[2,2],"51":[1,1],"52":[5,4],"53":[9,9,9],"54":[3,1,0],"55":[3,1,0],"56":[1,8],"57":[1,0],"58":[0,0],"59":[1,7],"60":[1,6],"61":[1,8],"62":[2,7],"63":[1,6],"64":[0,6]},"meta":{"lastBranch":65,"lastFunction":15,"lastStatement":71,"seen":{"s:6:33:6:Infinity":0,"f:8:24:8:38":0,"s:9:16:9:Infinity":1,"s:10:19:10:Infinity":2,"s:11:28:11:Infinity":3,"f:11:39:11:45":1,"s:11:45:11:73":4,"s:12:24:12:Infinity":5,"f:12:35:12:41":2,"s:12:41:12:73":6,"s:14:21:14:Infinity":7,"b:14:46:14:56:14:56:14:Infinity":0,"b:14:56:14:76:14:76:14:Infinity":1,"s:15:22:15:Infinity":8,"b:15:22:15:47:15:47:15:Infinity":2,"b:15:76:15:90:15:90:15:Infinity":3,"s:16:20:16:Infinity":9,"s:17:20:17:Infinity":10,"s:19:2:145:Infinity":11,"b:21:50:21:69:21:69:21:85":4,"b:22:24:22:89:22:89:22:Infinity":5,"b:26:77:26:88:26:88:26:98":6,"b:32:7:32:Infinity:33:8:61:Infinity":7,"b:34:44:34:59:34:59:34:71":8,"b:36:35:36:44:36:44:36:Infinity":9,"b:37:31:37:65:37:65:37:Infinity":10,"b:46:74:46:83:46:83:46:114":11,"b:51:69:51:84:51:84:51:98":12,"b:54:39:54:55:54:55:54:Infinity":13,"b:55:35:55:69:55:69:55:Infinity":14,"b:58:16:58:43:58:43:58:70:58:70:58:73":15,"b:65:42:65:57:65:57:65:69":16,"b:67:33:67:42:67:42:67:Infinity":17,"b:68:29:68:63:68:63:68:Infinity":18,"b:82:71:82:76:82:76:82:90":19,"b:83:49:83:73:83:73:83:83":20,"b:86:61:86:66:86:66:86:80":21,"b:90:20:90:Infinity:91:20:91:Infinity":22,"b:91:86:91:98:91:98:91:107":23,"b:92:38:92:47:92:47:92:Infinity":24,"b:93:36:93:84:93:84:93:Infinity":25,"b:101:37:101:52:101:52:101:64":26,"b:103:33:103:42:103:42:103:Infinity":27,"b:104:29:104:63:104:63:104:Infinity":28,"f:111:32:111:33":3,"s:112:12:130:Infinity":12,"b:116:75:116:90:116:90:116:104":29,"b:119:43:119:59:119:59:119:Infinity":30,"b:120:39:120:95:120:95:120:Infinity":31,"b:121:40:121:69:121:69:121:Infinity":32,"b:124:30:124:49:124:49:124:Infinity":33,"b:136:54:136:78:136:78:136:87":34,"b:140:24:140:53:140:53:140:74":35,"f:149:9:149:24":4,"b:149:43:149:46":36,"b:150:2:150:Infinity:undefined:undefined:undefined:undefined":37,"s:150:2:150:Infinity":13,"s:150:27:150:Infinity":14,"b:151:2:151:Infinity:undefined:undefined:undefined:undefined":38,"s:151:2:151:Infinity":15,"s:151:28:151:Infinity":16,"s:152:2:152:Infinity":17,"f:155:9:155:26":5,"b:156:2:163:Infinity:undefined:undefined:undefined:undefined":39,"s:156:2:163:Infinity":18,"b:156:6:156:18:156:18:156:45:156:45:156:67":40,"s:157:4:162:Infinity":19,"s:165:18:165:Infinity":20,"s:166:2:169:Infinity":21,"f:166:18:166:19":6,"s:167:18:167:Infinity":22,"b:167:18:167:29:167:29:167:45:167:45:167:Infinity":41,"b:168:4:168:Infinity:undefined:undefined:undefined:undefined":42,"s:168:4:168:Infinity":23,"s:168:25:168:Infinity":24,"s:171:17:175:Infinity":25,"f:171:45:171:46":7,"s:171:62:175:4":26,"b:173:16:173:31:173:31:173:43:173:43:173:51":43,"b:174:16:174:32:174:32:174:49:174:49:174:Infinity":44,"s:177:20:177:Infinity":27,"f:177:34:177:35":8,"s:177:46:177:66":28,"s:178:24:178:Infinity":29,"b:178:45:178:80:178:80:178:Infinity":45,"s:180:16:180:Infinity":30,"s:181:2:184:Infinity":31,"f:181:17:181:18":9,"s:182:16:182:Infinity":32,"b:182:41:182:49:182:49:182:Infinity":46,"b:182:75:182:84:182:84:182:Infinity":47,"s:183:4:183:Infinity":33,"b:183:18:183:32:183:32:183:37":48,"s:186:17:186:Infinity":34,"f:186:44:186:45":10,"s:186:54:186:65":35,"s:187:17:187:Infinity":36,"s:188:19:188:Infinity":37,"s:189:16:189:Infinity":38,"s:191:17:191:Infinity":39,"b:192:2:196:Infinity:undefined:undefined:undefined:undefined":49,"s:192:2:196:Infinity":40,"s:193:18:193:Infinity":41,"b:194:4:195:Infinity:194:33:195:Infinity":50,"s:194:4:195:Infinity":42,"s:194:22:194:Infinity":43,"b:194:33:195:Infinity:undefined:undefined:undefined:undefined":51,"s:194:33:195:Infinity":44,"s:195:27:195:Infinity":45,"s:198:2:198:Infinity":46,"f:201:9:201:26":11,"b:202:2:204:Infinity:undefined:undefined:undefined:undefined":52,"s:202:2:204:Infinity":47,"b:202:6:202:22:202:22:202:53:202:53:202:79":53,"s:203:4:203:Infinity":48,"s:205:17:209:Infinity":49,"f:205:39:205:40":12,"s:206:20:206:Infinity":50,"b:206:20:206:34:206:34:206:48:206:48:206:Infinity":54,"s:207:20:207:Infinity":51,"b:207:20:207:34:207:34:207:48:207:48:207:Infinity":55,"s:208:4:208:Infinity":52,"s:210:2:210:Infinity":53,"f:213:9:213:25":13,"b:214:2:218:Infinity:undefined:undefined:undefined:undefined":56,"s:214:2:218:Infinity":54,"b:215:4:215:Infinity:undefined:undefined:undefined:undefined":57,"s:215:4:215:Infinity":55,"s:215:21:215:Infinity":56,"b:216:4:216:Infinity:undefined:undefined:undefined:undefined":58,"s:216:4:216:Infinity":57,"s:216:21:216:Infinity":58,"s:217:4:217:Infinity":59,"b:220:2:220:Infinity:undefined:undefined:undefined:undefined":59,"s:220:2:220:Infinity":60,"s:220:19:220:Infinity":61,"b:221:2:221:Infinity:undefined:undefined:undefined:undefined":60,"s:221:2:221:Infinity":62,"s:221:19:221:Infinity":63,"s:222:2:222:Infinity":64,"f:225:9:225:23":14,"s:226:16:226:Infinity":65,"b:226:27:226:60:226:60:226:Infinity":61,"b:227:2:227:Infinity:undefined:undefined:undefined:undefined":62,"s:227:2:227:Infinity":66,"s:227:29:227:Infinity":67,"b:228:2:228:Infinity:undefined:undefined:undefined:undefined":63,"s:228:2:228:Infinity":68,"s:228:31:228:Infinity":69,"s:229:2:229:Infinity":70,"b:229:56:229:95:229:95:229:106":64}}}
,"C:\\Users\\Tiago\\Documents\\repos\\Testes\\autotrader\\command_center\\frontend\\src\\components\\control_tower\\ControlTowerClock.jsx": {"path":"C:\\Users\\Tiago\\Documents\\repos\\Testes\\autotrader\\command_center\\frontend\\src\\components\\control_tower\\ControlTowerClock.jsx","statementMap":{"0":{"start":{"line":6,"column":17},"end":{"line":11,"column":null}},"1":{"start":{"line":14,"column":17},"end":{"line":17,"column":null}},"2":{"start":{"line":22,"column":16},"end":{"line":22,"column":null}},"3":{"start":{"line":23,"column":17},"end":{"line":23,"column":null}},"4":{"start":{"line":24,"column":2},"end":{"line":31,"column":null}},"5":{"start":{"line":36,"column":2},"end":{"line":36,"column":null}},"6":{"start":{"line":36,"column":21},"end":{"line":36,"column":null}},"7":{"start":{"line":37,"column":2},"end":{"line":37,"column":null}},"8":{"start":{"line":37,"column":34},"end":{"line":37,"column":null}},"9":{"start":{"line":38,"column":2},"end":{"line":38,"column":null}},"10":{"start":{"line":38,"column":35},"end":{"line":38,"column":null}},"11":{"start":{"line":39,"column":2},"end":{"line":39,"column":null}},"12":{"start":{"line":45,"column":2},"end":{"line":57,"column":null}},"13":{"start":{"line":47,"column":4},"end":{"line":50,"column":null}},"14":{"start":{"line":49,"column":6},"end":{"line":49,"column":null}},"15":{"start":{"line":51,"column":4},"end":{"line":55,"column":null}},"16":{"start":{"line":53,"column":22},"end":{"line":53,"column":null}},"17":{"start":{"line":54,"column":6},"end":{"line":54,"column":null}},"18":{"start":{"line":56,"column":4},"end":{"line":56,"column":null}},"19":{"start":{"line":59,"column":2},"end":{"line":61,"column":null}},"20":{"start":{"line":60,"column":4},"end":{"line":60,"column":null}},"21":{"start":{"line":62,"column":2},"end":{"line":62,"column":null}},"22":{"start":{"line":66,"column":25},"end":{"line":66,"column":null}},"23":{"start":{"line":67,"column":23},"end":{"line":67,"column":null}},"24":{"start":{"line":68,"column":19},"end":{"line":70,"column":null}},"25":{"start":{"line":73,"column":2},"end":{"line":79,"column":null}},"26":{"start":{"line":74,"column":4},"end":{"line":74,"column":null}},"27":{"start":{"line":76,"column":4},"end":{"line":78,"column":null}},"28":{"start":{"line":80,"column":2},"end":{"line":80,"column":null}},"29":{"start":{"line":84,"column":2},"end":{"line":93,"column":null}},"30":{"start":{"line":85,"column":4},"end":{"line":91,"column":null}},"31":{"start":{"line":87,"column":6},"end":{"line":90,"column":null}},"32":{"start":{"line":88,"column":18},"end":{"line":88,"column":null}},"33":{"start":{"line":88,"column":39},"end":{"line":88,"column":54}},"34":{"start":{"line":89,"column":8},"end":{"line":89,"column":null}},"35":{"start":{"line":92,"column":4},"end":{"line":92,"column":null}},"36":{"start":{"line":97,"column":2},"end":{"line":97,"column":null}},"37":{"start":{"line":97,"column":35},"end":{"line":97,"column":null}},"38":{"start":{"line":98,"column":17},"end":{"line":98,"column":null}},"39":{"start":{"line":100,"column":2},"end":{"line":100,"column":null}},"40":{"start":{"line":100,"column":33},"end":{"line":100,"column":52}},"41":{"start":{"line":100,"column":55},"end":{"line":100,"column":null}},"42":{"start":{"line":101,"column":2},"end":{"line":101,"column":null}},"43":{"start":{"line":101,"column":33},"end":{"line":101,"column":54}},"44":{"start":{"line":101,"column":57},"end":{"line":101,"column":null}},"45":{"start":{"line":103,"column":2},"end":{"line":103,"column":null}},"46":{"start":{"line":105,"column":2},"end":{"line":105,"column":null}},"47":{"start":{"line":105,"column":33},"end":{"line":105,"column":57}},"48":{"start":{"line":105,"column":60},"end":{"line":105,"column":null}},"49":{"start":{"line":106,"column":2},"end":{"line":106,"column":null}},"50":{"start":{"line":111,"column":15},"end":{"line":111,"column":null}},"51":{"start":{"line":112,"column":2},"end":{"line":112,"column":null}},"52":{"start":{"line":116,"column":16},"end":{"line":116,"column":null}},"53":{"start":{"line":117,"column":19},"end":{"line":117,"column":null}},"54":{"start":{"line":118,"column":20},"end":{"line":118,"column":null}},"55":{"start":{"line":120,"column":2},"end":{"line":123,"column":null}},"56":{"start":{"line":121,"column":15},"end":{"line":121,"column":null}},"57":{"start":{"line":121,"column":33},"end":{"line":121,"column":53}},"58":{"start":{"line":122,"column":4},"end":{"line":122,"column":null}},"59":{"start":{"line":122,"column":17},"end":{"line":122,"column":null}},"60":{"start":{"line":125,"column":8},"end":{"line":125,"column":null}},"61":{"start":{"line":125,"column":27},"end":{"line":125,"column":47}},"62":{"start":{"line":126,"column":21},"end":{"line":126,"column":null}},"63":{"start":{"line":128,"column":8},"end":{"line":131,"column":null}},"64":{"start":{"line":129,"column":10},"end":{"line":129,"column":null}},"65":{"start":{"line":129,"column":33},"end":{"line":129,"column":86}},"66":{"start":{"line":133,"column":8},"end":{"line":136,"column":null}},"67":{"start":{"line":134,"column":10},"end":{"line":134,"column":null}},"68":{"start":{"line":138,"column":8},"end":{"line":141,"column":null}},"69":{"start":{"line":139,"column":10},"end":{"line":139,"column":null}},"70":{"start":{"line":144,"column":20},"end":{"line":144,"column":null}},"71":{"start":{"line":145,"column":22},"end":{"line":145,"column":null}},"72":{"start":{"line":146,"column":22},"end":{"line":146,"column":null}},"73":{"start":{"line":147,"column":17},"end":{"line":147,"column":null}},"74":{"start":{"line":148,"column":8},"end":{"line":148,"column":null}},"75":{"start":{"line":149,"column":23},"end":{"line":149,"column":null}},"76":{"start":{"line":151,"column":13},"end":{"line":151,"column":18}},"77":{"start":{"line":151,"column":23},"end":{"line":151,"column":null}},"78":{"start":{"line":153,"column":24},"end":{"line":155,"column":null}},"79":{"start":{"line":158,"column":17},"end":{"line":158,"column":null}},"80":{"start":{"line":159,"column":20},"end":{"line":159,"column":null}},"81":{"start":{"line":160,"column":20},"end":{"line":160,"column":null}},"82":{"start":{"line":161,"column":16},"end":{"line":161,"column":null}},"83":{"start":{"line":163,"column":2},"end":{"line":392,"column":null}},"84":{"start":{"line":204,"column":27},"end":{"line":204,"column":null}},"85":{"start":{"line":205,"column":23},"end":{"line":205,"column":null}},"86":{"start":{"line":206,"column":23},"end":{"line":206,"column":null}},"87":{"start":{"line":207,"column":12},"end":{"line":216,"column":null}},"88":{"start":{"line":222,"column":28},"end":{"line":222,"column":null}},"89":{"start":{"line":223,"column":22},"end":{"line":223,"column":null}},"90":{"start":{"line":224,"column":12},"end":{"line":234,"column":null}},"91":{"start":{"line":240,"column":24},"end":{"line":240,"column":null}},"92":{"start":{"line":241,"column":12},"end":{"line":247,"column":null}},"93":{"start":{"line":253,"column":24},"end":{"line":253,"column":null}},"94":{"start":{"line":254,"column":30},"end":{"line":254,"column":null}},"95":{"start":{"line":255,"column":12},"end":{"line":262,"column":null}},"96":{"start":{"line":318,"column":25},"end":{"line":318,"column":null}},"97":{"start":{"line":319,"column":27},"end":{"line":319,"column":null}},"98":{"start":{"line":320,"column":29},"end":{"line":320,"column":null}},"99":{"start":{"line":321,"column":28},"end":{"line":321,"column":null}},"100":{"start":{"line":322,"column":28},"end":{"line":322,"column":null}},"101":{"start":{"line":322,"column":55},"end":{"line":322,"column":82}},"102":{"start":{"line":325,"column":27},"end":{"line":325,"column":null}},"103":{"start":{"line":326,"column":27},"end":{"line":328,"column":null}},"104":{"start":{"line":330,"column":10},"end":{"line":373,"column":null}},"105":{"start":{"line":388,"column":55},"end":{"line":388,"column":61}},"106":{"start":{"line":388,"column":105},"end":{"line":388,"column":111}}},"fnMap":{"0":{"name":"getBrazilTime","decl":{"start":{"line":20,"column":9},"end":{"line":20,"column":23}},"loc":{"start":{"line":20,"column":28},"end":{"line":32,"column":null}},"line":20},"1":{"name":"isMarketOpen","decl":{"start":{"line":34,"column":9},"end":{"line":34,"column":22}},"loc":{"start":{"line":34,"column":37},"end":{"line":40,"column":null}},"line":34},"2":{"name":"isSessionActive","decl":{"start":{"line":42,"column":9},"end":{"line":42,"column":25}},"loc":{"start":{"line":42,"column":49},"end":{"line":63,"column":null}},"line":42},"3":{"name":"getSessionProgress","decl":{"start":{"line":65,"column":9},"end":{"line":65,"column":28}},"loc":{"start":{"line":65,"column":51},"end":{"line":81,"column":null}},"line":65},"4":{"name":"getActiveOverlaps","decl":{"start":{"line":83,"column":9},"end":{"line":83,"column":27}},"loc":{"start":{"line":83,"column":42},"end":{"line":94,"column":null}},"line":83},"5":{"name":"(anonymous_5)","decl":{"start":{"line":84,"column":25},"end":{"line":84,"column":26}},"loc":{"start":{"line":84,"column":32},"end":{"line":93,"column":3}},"line":84},"6":{"name":"(anonymous_6)","decl":{"start":{"line":87,"column":30},"end":{"line":87,"column":31}},"loc":{"start":{"line":87,"column":40},"end":{"line":90,"column":7}},"line":87},"7":{"name":"(anonymous_7)","decl":{"start":{"line":88,"column":32},"end":{"line":88,"column":33}},"loc":{"start":{"line":88,"column":39},"end":{"line":88,"column":54}},"line":88},"8":{"name":"getSessionStrength","decl":{"start":{"line":96,"column":9},"end":{"line":96,"column":28}},"loc":{"start":{"line":96,"column":60},"end":{"line":107,"column":null}},"line":96},"9":{"name":"(anonymous_9)","decl":{"start":{"line":100,"column":26},"end":{"line":100,"column":27}},"loc":{"start":{"line":100,"colu
[...]
line":100,"column":26},"end":{"line":100,"column":39}},"type":"default-arg","locations":[{"start":{"line":100,"column":35},"end":{"line":100,"column":39}}],"line":100},"46":{"loc":{"start":{"line":100,"column":41},"end":{"line":100,"column":58}},"type":"default-arg","locations":[{"start":{"line":100,"column":54},"end":{"line":100,"column":58}}],"line":100},"47":{"loc":{"start":{"line":100,"column":60},"end":{"line":100,"column":72}},"type":"default-arg","locations":[{"start":{"line":100,"column":68},"end":{"line":100,"column":72}}],"line":100},"48":{"loc":{"start":{"line":102,"column":4},"end":{"line":102,"column":null}},"type":"if","locations":[{"start":{"line":102,"column":4},"end":{"line":102,"column":null}},{"start":{},"end":{}}],"line":102},"49":{"loc":{"start":{"line":103,"column":4},"end":{"line":103,"column":null}},"type":"if","locations":[{"start":{"line":103,"column":4},"end":{"line":103,"column":null}},{"start":{},"end":{}}],"line":103},"50":{"loc":{"start":{"line":104,"column":4},"end":{"line":104,"column":null}},"type":"if","locations":[{"start":{"line":104,"column":4},"end":{"line":104,"column":null}},{"start":{},"end":{}}],"line":104},"51":{"loc":{"start":{"line":107,"column":26},"end":{"line":107,"column":39}},"type":"default-arg","locations":[{"start":{"line":107,"column":35},"end":{"line":107,"column":39}}],"line":107},"52":{"loc":{"start":{"line":108,"column":41},"end":{"line":108,"column":74}},"type":"cond-expr","locations":[{"start":{"line":108,"column":50},"end":{"line":108,"column":69}},{"start":{"line":108,"column":72},"end":{"line":108,"column":74}}],"line":108},"53":{"loc":{"start":{"line":110,"column":19},"end":{"line":110,"column":32}},"type":"default-arg","locations":[{"start":{"line":110,"column":28},"end":{"line":110,"column":32}}],"line":110},"54":{"loc":{"start":{"line":110,"column":34},"end":{"line":110,"column":47}},"type":"default-arg","locations":[{"start":{"line":110,"column":42},"end":{"line":110,"column":47}}],"line":110},"55":{"loc":{"start":{"line":112,"column":4},"end":{"line":112,"column":null}},"type":"if","locations":[{"start":{"line":112,"column":4},"end":{"line":112,"column":null}},{"start":{},"end":{}}],"line":112},"56":{"loc":{"start":{"line":113,"column":4},"end":{"line":113,"column":null}},"type":"if","locations":[{"start":{"line":113,"column":4},"end":{"line":113,"column":null}},{"start":{},"end":{}}],"line":113},"57":{"loc":{"start":{"line":118,"column":17},"end":{"line":118,"column":30}},"type":"default-arg","locations":[{"start":{"line":118,"column":26},"end":{"line":118,"column":30}}],"line":118},"58":{"loc":{"start":{"line":119,"column":33},"end":{"line":119,"column":66}},"type":"cond-expr","locations":[{"start":{"line":119,"column":42},"end":{"line":119,"column":61}},{"start":{"line":119,"column":64},"end":{"line":119,"column":66}}],"line":119},"59":{"loc":{"start":{"line":120,"column":22},"end":{"line":120,"column":39}},"type":"default-arg","locations":[{"start":{"line":120,"column":31},"end":{"line":120,"column":39}}],"line":120},"60":{"loc":{"start":{"line":122,"column":24},"end":{"line":122,"column":35}},"type":"default-arg","locations":[{"start":{"line":122,"column":33},"end":{"line":122,"column":35}}],"line":122},"61":{"loc":{"start":{"line":124,"column":4},"end":{"line":124,"column":null}},"type":"if","locations":[{"start":{"line":124,"column":4},"end":{"line":124,"column":null}},{"start":{},"end":{}}],"line":124},"62":{"loc":{"start":{"line":125,"column":4},"end":{"line":125,"column":null}},"type":"if","locations":[{"start":{"line":125,"column":4},"end":{"line":125,"column":null}},{"start":{},"end":{}}],"line":125},"63":{"loc":{"start":{"line":126,"column":4},"end":{"line":126,"column":null}},"type":"if","locations":[{"start":{"line":126,"column":4},"end":{"line":126,"column":null}},{"start":{},"end":{}}],"line":126},"64":{"loc":{"start":{"line":131,"column":22},"end":{"line":131,"column":39}},"type":"default-arg","locations":[{"start":{"line":131,"column":31},"end":{"line":131,"column":39}}],"line":131},"65":{"loc":{"start":{"line":139,"column":21},"end":{"line":139,"column":34}},"type":"default-arg","locations":[{"start":{"line":139,"column":30},"end":{"line":139,"column":34}}],"line":139},"66":{"loc":{"start":{"line":139,"column":36},"end":{"line":139,"column":46}},"type":"default-arg","locations":[{"start":{"line":139,"column":44},"end":{"line":139,"column":46}}],"line":139},"67":{"loc":{"start":{"line":141,"column":4},"end":{"line":141,"column":null}},"type":"if","locations":[{"start":{"line":141,"column":4},"end":{"line":141,"column":null}},{"start":{},"end":{}}],"line":141}},"s":{"0":4,"1":71,"2":70,"3":2,"4":68,"5":4,"6":3,"7":1,"8":1,"9":1,"10":1,"11":2,"12":1,"13":1,"14":1,"15":2,"16":1,"17":1,"18":2,"19":1,"20":1,"21":1,"22":1,"23":1,"24":1,"25":1,"26":1,"27":1,"28":1,"29":2,"30":2,"31":1,"32":2,"33":1,"34":2,"35":1,"36":2,"37":2,"38":2,"39":1,"40":2,"41":1,"42":2,"43":3,"44":3,"45":2,"46":3,"47":1,"48":3,"49":1,"50":1,"51":1,"52":1,"53":1,"54":1,"55":1,"56":1,"57":1,"58":1,"59":1,"60":1,"61":2,"62":2,"63":1,"64":2,"65":1,"66":2,"67":2,"68":1,"69":2,"70":2,"71":2,"72":1,"73":2,"74":2,"75":2,"76":1,"77":2,"78":1,"79":2,"80":1,"81":2,"82":2,"83":1,"84":2,"85":2,"86":1,"87":2,"88":1,"89":2,"90":2,"91":1,"92":2,"93":2,"94":1,"95":2,"96":1,"97":2,"98":1,"99":2,"100":1,"101":1,"102":4,"103":2,"104":2,"105":1,"106":2,"107":4},"f":{"0":71,"1":3,"2":1,"3":1,"4":1,"5":1,"6":2,"7":1,"8":1,"9":1,"10":2,"11":1,"12":1,"13":2,"14":1,"15":1,"16":1,"17":1,"18":2,"19":1,"20":2,"21":2,"22":3,"23":1,"24":1,"25":1,"26":1,"27":1,"28":1,"29":1,"30":1,"31":1,"32":1,"33":1,"34":1,"35":2,"36":1,"37":2,"38":2,"39":2,"40":2,"41":1,"42":2,"43":2,"44":1,"45":2,"46":1,"47":1,"48":4,"49":2},"b":{"0":[71],"1":[2,68],"2":[1],"3":[2],"4":[2],"5":[2],"6":[2],"7":[1,1],"8":[1],"9":[1],"10":[1],"11":[1,0],"12":[1,0],"13":[1],"14":[2],"15":[2],"16":[1,1],"17":[1,1],"18":[2],"19":[1,1],"20":[2],"21":[2],"22":[1,1],"23":[1,1],"24":[3],"25":[3],"26":[2,1],"27":[1,2],"28":[1],"29":[1],"30":[1],"31":[1],"32":[1],"33":[1],"34":[1],"35":[1],"36":[2],"37":[2],"38":[2],"39":[1,1],"40":[1,1],"41":[2],"42":[1,1],"43":[2],"44":[1,1],"45":[2],"46":[2],"47":[2],"48":[1,1],"49":[1,1],"50":[1,1],"51":[2],"52":[1,1],"53":[2],"54":[2],"55":[1,1],"56":[1,1],"57":[2],"58":[1,1],"59":[1],"60":[2],"61":[1,1],"62":[1,1],"63":[1,1],"64":[1],"65":[2],"66":[2],"67":[1,1]},"meta":{"lastBranch":68,"lastFunction":50,"lastStatement":108,"seen":{"s:1:17:1:Infinity":0,"f:3:15:3:24":0,"b:3:45:3:47":0,"s:4:14:7:Infinity":1,"b:8:2:10:Infinity:undefined:undefined:undefined:undefined":1,"s:8:2:10:Infinity":2,"s:9:4:9:Infinity":3,"s:11:2:11:Infinity":4,"s:14:19:144:Infinity":5,"f:16:14:16:15":1,"s:16:20:16:45":6,"f:17:16:17:17":2,"s:17:22:17:49":7,"f:18:22:18:23":3,"s:18:38:18:88":8,"b:18:31:18:33":2,"f:19:18:19:19":4,"s:19:24:19:53":9,"f:20:24:20:25":5,"s:20:30:20:66":10,"f:21:11:21:12":6,"s:21:27:21:64":11,"b:21:20:21:22":3,"f:22:19:22:20":7,"s:22:25:22:56":12,"f:23:20:23:21":8,"s:23:26:23:58":13,"f:24:20:24:21":9,"s:24:26:24:58":14,"f:25:11:25:12":10,"s:25:43:25:95":15,"b:25:20:25:23":4,"b:25:33:25:38":5,"f:26:16:26:17":11,"s:26:22:26:50":16,"f:29:14:29:15":12,"s:29:20:29:53":17,"f:30:21:30:22":13,"s:31:4:31:73":18,"b:30:31:30:35":6,"b:31:46:31:65:31:68:31:70":7,"f:32:25:32:26":14,"b:32:35:32:39":8,"b:32:49:32:53":9,"b:32:63:32:66":10,"s:33:19:33:Infinity":19,"b:34:4:34:Infinity:undefined:undefined:undefined:undefined":11,"s:34:4:34:Infinity":20,"s:34:16:34:Infinity":21,"b:35:4:35:Infinity:undefined:undefined:undefined:undefined":12,"s:35:4:35:Infinity":22,"s:35:15:35:Infinity":23,"s:36:4:36:Infinity":24,"s:37:4:37:Infinity":25,"f:39:23:39:24":15,"s:40:4:40:65":26,"f:41:24:41:25":16,"s:42:4:42:80":27,"b:41:41:41:43":13,"f:43:24:43:25":17,"s:43:30:43:74":28,"f:44:32:44:33":18,"b:44:42:44:46":14,"b:44:56:44:60":15,"s:45:19:45:Infinity":29,"b:46:4:46:Infinity:undefined:undefined:undefined:undefined":16,"s:46:4:46:Infinity":30,"s:46:16:46:Infinity":31,"b:47:4:47:Infinity:undefined:undefined:undefined:undefined":17,"s:47:4:47:Infinity":32,"s:47:15:47:Infinity":33,"s:48:4:48:Infinity":34,"f:50:17:50:18":19,"s:50:23:50:60":35,"f:51:23:51:24":20,"s:52:4:52:83":36,"b:51:33:51:37":18,"b:52:56:52:75:52:78:52:80":19,"f:53:30:53:31":21,"b:53:40:53:44":20,"b:53:54:53:58":21,"s:54:19:54:Infinity":37,"b:55:4:55:Infinity:undefined:undefined:undefined:undefined":22,"s:55:4:55:Infinity":38,"s:55:16:55:Infinity":39,"b:56:4:56:Infinity:undefined:undefined:undefined:undefined":23,"s:56:4:56:Infinity":40,"s:56:15:56:Infinity":41,"s:57:4:57:Infinity":42,"f:59:18:59:19":22,"b:59:27:59:31":24,"b:59:42:59:46":25,"s:60:19:60:Infinity":43,"b:61:4:61:Infinity:undefined:undefined:undefined:undefined":26,"s:61:4:61:Infinity":44,"s:61:15:61:Infinity":45,"b:62:4:62:Infinity:undefined:undefined:undefined:undefined":27,"s:62:4:62:Infinity":46,"s:62:16:62:Infinity":47,"s:63:4:63:Infinity":48,"f:65:25:65:26":23,"s:65:31:65:76":49,"f:66:14:66:15":24,"s:67:4:67:69":50,"b:66:31:66:34":28,"f:68:19:68:20":25,"s:68:25:68:64":51,"f:69:17:69:18":26,"s:69:33:69:85":52,"b:69:26:69:28":29,"f:72:17:72:18":27,"s:72:33:72:77":53,"b:72:26:72:28":30,"f:73:19:73:20":28,"s:73:42:73:90":54,"b:73:29:73:37":31,"f:74:14:74:15":29,"s:74:30:74:71":55,"b:74:23:74:25":32,"f:75:19:75:20":30,"s:76:4:76:68":56,"b:75:29:75:37":33,"b:75:47:75:49":34,"f:77:20:77:21":31,"s:77:26:77:58":57,"f:78:20:78:21":32,"s:78:43:78:92":58,"b:78:30:78:38":35,"f:79:15:79:16":33,"s:79:21:79:71":59,"f:80:24:80:25":34,"s:80:30:80:67":60,"f:83:22:83:23":35,"b:83:32:83:36":36,"b:83:46:83:50":37,"b:83:60:83:63":38,"s:84:19:84:Infinity":61,"b:85:4:85:Infinity:undefined:undefined:undefined:undefined":39,"s:85:4:85:Infinity":62,"s:85:16:85:Infinity":63,"b:86:4:86:Infinity:undefined:undefined:undefined:undefined":40,"s:86:4:86:Infinity":64,"s:86:15:86:Infinity":65,"s:87:4:87:Infinity":66,"s:88:4:88:Infinity":67,"f:90:22:90:23":36,"s:90:28:90:62":68,"f:91:15:91:16":37,"s:92:4:92:90":69,"b:91:25:91:29":41,"b:92:43:92:62:92:65:92:67":42,"f:93:21:93:22":38,"b:93:38:93:42":43,"s:94:19:94:Infinity":70,"b:95:4:95:Infinity:undefined:undefined:undefined:undefined":44,"s:95:4:95:Infinity":71,"s:95:15:95:Infinity":72,"s:96:4:96:Infinity":73,"f:100:25:100:26":39,"b:100:35:100:39":45,"b:100:54:100:58":46,"b:100:68:100:72":47,"s:101:19:101:Infinity":74,"b:102:4:102:Infinity:undefined:undefined:undefined:undefined":48,"s:102:4:102:Infinity":75,"s:102:16:102:Infinity":76,"b:103:4:103:Infinity:undefined:undefined:undefined:undefined":49,"s:103:4:103:Infinity":77,"s:103:20:103:Infinity":78,"b:104:4:104:Infinity:undefined:undefined:undefined:undefined":50,"s:104:4:104:Infinity":79,"s:104:15:104:Infinity":80,"s:105:4:105:Infinity":81,"f:107:25:107:26":40,"s:108:4:108:77":82,"b:107:35:107:39":51,"b:108:50:108:69:108:72:108:74":52,"f:109:24:109:25":41,"s:109:30:109:80":83,"f:110:18:110:19":42,"b:110:28:110:32":53,"b:110:42:110:47":54,"s:111:19:111:Infinity":84,"b:112:4:112:Infinity:undefined:undefined:undefined:undefined":55,"s:112:4:112:Infinity":85,"s:112:16:112:Infinity":86,"b:113:4:113:Infinity:undefined:undefined:undefined:undefined":56,"s:113:4:113:Infinity":87,"s:113:15:113:Infinity":88,"s:114:4:114:Infinity":89,"f:118:16:118:17":43,"s:119:4:119:69":90,"b:118:26:118:30":57,"b:119:42:119:61:119:64:119:66":58,"f:120:21:120:22":44,"s:121:4:121:55":91,"b:120:31:120:39":59,"f:122:15:122:16":45,"b:122:33:122:35":60,"s:123:19:123:Infinity":92,"b:124:4:124:Infinity:undefined:undefined:undefined:undefined":61,"s:124:4:124:Infinity":93,"s:124:30:124:Infinity":94,"b:125:4:125:Infinity:undefined:undefined:undefined:undefined":62,"s:125:4:125:Infinity":95,"s:125:42:125:Infinity":96,"b:126:4:126:Infinity:undefined:undefined:undefined:undefined":63,"s:126:4:126:Infinity":97,"s:126:35:126:Infinity":98,"s:127:4:127:Infinity":99,"f:131:21:131:22":46,"s:132:4:132:54":100,"b:131:31:131:39":64,"f:133:21:133:22":47,"s:133:27:133:60":101,"f:136:19:136:20":48,"s:136:25:136:64":102,"f:139:20:139:21":49,"b:139:30:139:34":65,"b:139:44:139:46":66,"s:140:19:140:Infinity":103,"b:141:4:141:Infinity:undefined:undefined:undefined:undefined":67,"s:141:4:141:Infinity":104,"s:141:16:141:Infinity":105,"s:142:4:142:Infinity":106,"s:146:22:146:Infinity":107}}}
,"C:\\Users\\Tiago\\Documents\\repos\\Testes\\autotrader\\command_center\\frontend\\src\\tests\\mocks\\handlers.js": {"path":"C:\\Users\\Tiago\\Documents\\repos\\Testes\\autotrader\\command_center\\frontend\\src\\tests\\mocks\\handlers.js","statementMap":{"0":{"start":{"line":5,"column":14},"end":{"line":5,"column":null}},"1":{"start":{"line":5,"column":24},"end":{"line":5,"column":null}},"2":{"start":{"line":7,"column":24},"end":{"line":37,"column":null}},"3":{"start":{"line":9,"column":4},"end":{"line":17,"column":6}},"4":{"start":{"line":21,"column":4},"end":{"line":26,"column":6}},"5":{"start":{"line":30,"column":4},"end":{"line":32,"column":6}},"6":{"start":{"line":36,"column":35},"end":{"line":36,"column":56}}},"fnMap":{"0":{"name":"(anonymous_0)","decl":{"start":{"line":5,"column":14},"end":{"line":5,"column":15}},"loc":{"start":{"line":5,"column":24},"end":{"line":5,"column":null}},"line":5},"1":{"name":"(anonymous_1)","decl":{"start":{"line":8,"column":48},"end":{"line":8,"column":49}},"loc":{"start":{"line":9,"column":4},"end":{"line":17,"column":6}},"line":9},"2":{"name":"(anonymous_2)","decl":{"start":{"line":20,"column":42},"end":{"line":20,"column":43}},"loc":{"start":{"line":21,"column":4},"end":{"line":26,"column":6}},"line":21},"3":{"name":"(anonymous_3)","decl":{"start":{"line":29,"column":53},"end":{"line":29,"column":54}},"loc":{"start":{"line":30,"column":4},"end":{"line":32,"column":6}},"line":30},"4":{"name":"(anonymous_4)","decl":{"start":{"line":36,"column":29},"end":{"line":36,"column":30}},"loc":{"start":{"line":36,"column":35},"end":{"line":36,"column":56}},"line":36}},"branchMap":{},"s":{"0":1,"1":4,"2":1,"3":1,"4":0,"5":0,"6":0},"f":{"0":4,"1":1,"2":0,"3":0,"4":0},"b":{},"meta":{"lastBranch":0,"lastFunction":5,"lastStatement":7,"seen":{"s:5:14:5:Infinity":0,"f:5:14:5:15":0,"s:5:24:5:Infinity":1,"s:7:24:37:Infinity":2,"f:8:48:8:49":1,"s:9:4:17:6":3,"f:20:42:20:43":2,"s:21:4:26:6":4,"f:29:53:29:54":3,"s:30:4:32:6":5,"f:36:29:36:30":4,"s:36:35:36:56":6}}}
,"C:\\Users\\Tiago\\Documents\\repos\\Testes\\autotrader\\command_center\\frontend\\src\\tests\\mocks\\server.js": {"path":"C:\\Users\\Tiago\\Documents\\repos\\Testes\\autotrader\\command_center\\frontend\\src\\tests\\mocks\\server.js","statementMap":{"0":{"start":{"line":4,"column":21},"end":{"line":4,"column":null}}},"fnMap":{},"branchMap":{},"s":{"0":1},"f":{},"b":{},"meta":{"lastBranch":0,"lastFunction":0,"lastStatement":1,"seen":{"s:4:21:4:Infinity":0}}}
,"C:\\Users\\Tiago\\Documents\\repos\\Testes\\autotrader\\command_center\\frontend\\src\\theme\\ThemeProvider.jsx": {"path":"C:\\Users\\Tiago\\Documents\\repos\\Testes\\autotrader\\command_center\\frontend\\src\\theme\\ThemeProvider.jsx","statementMap":{"0":{"start":{"line":3,"column":15},"end":{"line":85,"column":null}},"1":{"start":{"line":87,"column":6},"end":{"line":87,"column":null}},"2":{"start":{"line":90,"column":8},"end":{"line":90,"column":null}},"3":{"start":{"line":91,"column":2},"end":{"line":91,"column":null}},"4":{"start":{"line":91,"column":12},"end":{"line":91,"column":null}},"5":{"start":{"line":92,"column":2},"end":{"line":92,"column":null}},"6":{"start":{"line":98,"column":32},"end":{"line":104,"column":null}},"7":{"start":{"line":99,"column":4},"end":{"line":103,"column":null}},"8":{"start":{"line":100,"column":6},"end":{"line":100,"column":null}},"9":{"start":{"line":102,"column":6},"end":{"line":102,"column":null}},"10":{"start":{"line":106,"column":8},"end":{"line":111,"column":null}},"11":{"start":{"line":107,"column":4},"end":{"line":110,"column":null}},"12":{"start":{"line":108,"column":6},"end":{"line":108,"column":null}},"13":{"start":{"line":109,"column":6},"end":{"line":109,"column":null}},"14":{"start":{"line":109,"column":12},"end":{"line":109,"column":48}},"15":{"start":{"line":114,"column":2},"end":{"line":121,"column":null}},"16":{"start":{"line":115,"column":17},"end":{"line":115,"column":null}},"17":{"start":{"line":116,"column":17},"end":{"line":116,"column":null}},"18":{"start":{"line":117,"column":4},"end":{"line":119,"column":null}},"19":{"start":{"line":118,"column":6},"end":{"line":118,"column":null}},"20":{"start":{"line":120,"column":4},"end":{"line":120,"column":null}},"21":{"start":{"line":123,"column":8},"end":{"line":128,"column":null}},"22":{"start":{"line":123,"column":31},"end":{"line":128,"column":6}},"23":{"start":{"line":130,"column":2},"end":{"line":133,"column":null}}},"fnMap":{"0":{"name":"useTheme","decl":{"start":{"line":89,"column":16},"end":{"line":89,"column":27}},"loc":{"start":{"line":89,"column":27},"end":{"line":93,"column":null}},"line":89},"1":{"name":"ThemeProvider","decl":{"start":{"line":97,"column":24},"end":{"line":97,"column":38}},"loc":{"start":{"line":97,"column":52},"end":{"line":135,"column":null}},"line":97},"2":{"name":"(anonymous_2)","decl":{"start":{"line":98,"column":45},"end":{"line":98,"column":51}},"loc":{"start":{"line":98,"column":51},"end":{"line":104,"column":3}},"line":98},"3":{"name":"(anonymous_3)","decl":{"start":{"line":106,"column":31},"end":{"line":106,"column":32}},"loc":{"start":{"line":106,"column":41},"end":{"line":111,"column":5}},"line":106},"4":{"name":"(anonymous_4)","decl":{"start":{"line":114,"column":12},"end":{"line":114,"column":18}},"loc":{"start":{"line":114,"column":18},"end":{"line":121,"column":5}},"line":114},"5":{"name":"(anonymous_5)","decl":{"start":{"line":123,"column":24},"end":{"line":123,"column":31}},"loc":{"start":{"line":123,"column":31},"end":{"line":128,"column":6}},"line":123}},"branchMap":{"0":{"loc":{"start":{"line":91,"column":2},"end":{"line":91,"column":null}},"type":"if","locations":[{"start":{"line":91,"column":2},"end":{"line":91,"column":null}},{"start":{},"end":{}}],"line":91},"1":{"loc":{"start":{"line":100,"column":13},"end":{"line":100,"column":null}},"type":"binary-expr","locations":[{"start":{"line":100,"column":13},"end":{"line":100,"column":46}},{"start":{"line":100,"column":46},"end":{"line":100,"column":null}}],"line":100},"2":{"loc":{"start":{"line":107,"column":4},"end":{"line":110,"column":null}},"type":"if","locations":[{"start":{"line":107,"column":4},"end":{"line":110,"column":null}},{"start":{},"end":{}}],"line":107},"3":{"loc":{"start":{"line":115,"column":17},"end":{"line":115,"column":null}},"type":"binary-expr","locations":[{"start":{"line":115,"column":17},"end":{"line":115,"column":44}},{"start":{"line":115,"column":44},"end":{"line":115,"column":null}}],"line":115}},"s":{"0":6,"1":6,"2":60,"3":60,"4":0,"5":60,"6":24,"7":20,"8":20,"9":0,"10":24,"11":5,"12":4,"13":4,"14":4,"15":24,"16":24,"17":24,"18":24,"19":528,"20":24,"21":24,"22":24,"23":24},"f":{"0":60,"1":24,"2":20,"3":5,"4":24,"5":24},"b":{"0":[0,60],"1":[20,20],"2":[4,1],"3":[24,0]},"meta":{"lastBranch":4,"lastFunction":6,"lastStatement":24,"seen":{"s:3:15:85:Infinity":0,"s:87:6:87:Infinity":1,"f:89:16:89:27":0,"s:90:8:90:Infinity":2,"b:91:2:91:Infinity:undefined:undefined:undefined:undefined":0,"s:91:2:91:Infinity":3,"s:91:12:91:Infinity":4,"s:92:2:92:Infinity":5,"f:97:24:97:38":1,"s:98:32:104:Infinity":6,"f:98:45:98:51":2,"s:99:4:103:Infinity":7,"s:100:6:100:Infinity":8,"b:100:13:100:46:100:46:100:Infinity":1,"s:102:6:102:Infinity":9,"s:106:8:111:Infinity":10,"f:106:31:106:32":3,"b:107:4:110:Infinity:undefined:undefined:undefined:undefined":2,"s:107:4:110:Infinity":11,"s:108:6:108:Infinity":12,"s:109:6:109:Infinity":13,"s:109:12:109:48":14,"s:114:2:121:Infinity":15,"f:114:12:114:18":4,"s:115:17:115:Infinity":16,"b:115:17:115:44:115:44:115:Infinity":3,"s:116:17:116:Infinity":17,"s:117:4:119:Infinity":18,"s:118:6:118:Infinity":19,"s:120:4:120:Infinity":20,"s:123:8:128:Infinity":21,"f:123:24:123:31":5,"s:123:31:128:6":22,"s:130:2:133:Infinity":23}}}
}
